2024.01.29 21:06:51 INFO  app[][o.s.a.AppFileSystem] Cleaning or creating temp directory /opt/sonarqube/temp
2024.01.29 21:06:51 INFO  app[][o.s.a.es.EsSettings] Elasticsearch listening on [HTTP: 127.0.0.1:9001, TCP: 127.0.0.1:32861]
2024.01.29 21:06:51 INFO  app[][o.s.a.ProcessLauncherImpl] Launch process[ELASTICSEARCH] from [/opt/sonarqube/elasticsearch]: /opt/sonarqube/elasticsearch/bin/elasticsearch
2024.01.29 21:06:51 INFO  app[][o.s.a.SchedulerImpl] Waiting for Elasticsearch to be up and running
2024.01.29 21:06:59 INFO  app[][o.s.a.SchedulerImpl] Process[es] is up
2024.01.29 21:06:59 INFO  app[][o.s.a.ProcessLauncherImpl] Launch process[WEB_SERVER] from [/opt/sonarqube]: /opt/java/openjdk/bin/java -Djava.awt.headless=true -Dfile.encoding=UTF-8 -Djava.io.tmpdir=/opt/sonarqube/temp -XX:-OmitStackTraceInFastThrow --add-opens=java.base/java.util=ALL-UNNAMED --add-opens=java.base/java.lang=ALL-UNNAMED --add-opens=java.base/java.io=ALL-UNNAMED --add-opens=java.rmi/sun.rmi.transport=ALL-UNNAMED --add-exports=java.base/jdk.internal.ref=ALL-UNNAMED --add-opens=java.base/java.nio=ALL-UNNAMED --add-opens=java.base/sun.nio.ch=ALL-UNNAMED --add-opens=java.management/sun.management=ALL-UNNAMED --add-opens=jdk.management/com.sun.management.internal=ALL-UNNAMED -Dcom.redhat.fips=false -Xmx512m -Xms128m -XX:+HeapDumpOnOutOfMemoryError -Dhttp.nonProxyHosts=localhost|127.*|[::1] -cp ./lib/sonar-application-9.9.3.79811.jar:/opt/sonarqube/lib/jdbc/h2/h2-2.1.214.jar org.sonar.server.app.WebServer /opt/sonarqube/temp/sq-process8786567510156281569properties
2024.01.29 21:08:02 INFO  app[][o.s.a.SchedulerImpl] Process[web] is up
2024.01.29 21:08:02 INFO  app[][o.s.a.ProcessLauncherImpl] Launch process[COMPUTE_ENGINE] from [/opt/sonarqube]: /opt/java/openjdk/bin/java -Djava.awt.headless=true -Dfile.encoding=UTF-8 -Djava.io.tmpdir=/opt/sonarqube/temp -XX:-OmitStackTraceInFastThrow --add-opens=java.base/java.util=ALL-UNNAMED --add-exports=java.base/jdk.internal.ref=ALL-UNNAMED --add-opens=java.base/java.lang=ALL-UNNAMED --add-opens=java.base/java.nio=ALL-UNNAMED --add-opens=java.base/sun.nio.ch=ALL-UNNAMED --add-opens=java.management/sun.management=ALL-UNNAMED --add-opens=jdk.management/com.sun.management.internal=ALL-UNNAMED -Dcom.redhat.fips=false -Xmx512m -Xms128m -XX:+HeapDumpOnOutOfMemoryError -Dhttp.nonProxyHosts=localhost|127.*|[::1] -cp ./lib/sonar-application-9.9.3.79811.jar:/opt/sonarqube/lib/jdbc/h2/h2-2.1.214.jar org.sonar.ce.app.CeServer /opt/sonarqube/temp/sq-process6330836655206597332properties
2024.01.29 21:08:03 WARN  app[][startup] ####################################################################################################################
2024.01.29 21:08:03 WARN  app[][startup] Default Administrator credentials are still being used. Make sure to change the password or deactivate the account.
2024.01.29 21:08:03 WARN  app[][startup] ####################################################################################################################
2024.01.29 21:08:07 INFO  app[][o.s.a.SchedulerImpl] Process[ce] is up
2024.01.29 21:08:07 INFO  app[][o.s.a.SchedulerImpl] SonarQube is operational
2024.01.29 21:26:58 INFO  app[][o.s.a.SchedulerImpl] Stopping SonarQube
2024.01.29 21:26:58 INFO  app[][o.s.a.SchedulerImpl] Sonarqube has been requested to stop
2024.01.29 21:26:58 INFO  app[][o.s.a.SchedulerImpl] Stopping [Compute Engine] process...
2024.01.29 21:26:59 INFO  app[][o.s.a.SchedulerImpl] Process[Compute Engine] is stopped
2024.01.29 21:26:59 INFO  app[][o.s.a.SchedulerImpl] Stopping [Web Server] process...
2024.01.29 21:27:02 INFO  app[][o.s.a.SchedulerImpl] Process[Web Server] is stopped
2024.01.29 21:27:02 INFO  app[][o.s.a.SchedulerImpl] Stopping [ElasticSearch] process...
2024.01.29 21:27:03 INFO  app[][o.s.a.SchedulerImpl] Process[ElasticSearch] is stopped
2024.01.29 21:27:03 INFO  app[][o.s.a.SchedulerImpl] SonarQube is stopped
2024.01.29 21:27:03 WARN  app[][o.s.a.p.AbstractManagedProcess] Process exited with exit value [ElasticSearch]: 143
2024.01.29 21:31:06 INFO  app[][o.s.a.AppFileSystem] Cleaning or creating temp directory /opt/sonarqube/temp
2024.01.29 21:31:06 INFO  app[][o.s.a.es.EsSettings] Elasticsearch listening on [HTTP: 127.0.0.1:9001, TCP: 127.0.0.1:46765]
2024.01.29 21:31:06 INFO  app[][o.s.a.ProcessLauncherImpl] Launch process[ELASTICSEARCH] from [/opt/sonarqube/elasticsearch]: /opt/sonarqube/elasticsearch/bin/elasticsearch
2024.01.29 21:31:06 INFO  app[][o.s.a.SchedulerImpl] Waiting for Elasticsearch to be up and running
2024.01.29 21:31:19 INFO  app[][o.s.a.SchedulerImpl] Process[es] is up
2024.01.29 21:31:19 INFO  app[][o.s.a.ProcessLauncherImpl] Launch process[WEB_SERVER] from [/opt/sonarqube]: /opt/java/openjdk/bin/java -Djava.awt.headless=true -Dfile.encoding=UTF-8 -Djava.io.tmpdir=/opt/sonarqube/temp -XX:-OmitStackTraceInFastThrow --add-opens=java.base/java.util=ALL-UNNAMED --add-opens=java.base/java.lang=ALL-UNNAMED --add-opens=java.base/java.io=ALL-UNNAMED --add-opens=java.rmi/sun.rmi.transport=ALL-UNNAMED --add-exports=java.base/jdk.internal.ref=ALL-UNNAMED --add-opens=java.base/java.nio=ALL-UNNAMED --add-opens=java.base/sun.nio.ch=ALL-UNNAMED --add-opens=java.management/sun.management=ALL-UNNAMED --add-opens=jdk.management/com.sun.management.internal=ALL-UNNAMED -Dcom.redhat.fips=false -Xmx512m -Xms128m -XX:+HeapDumpOnOutOfMemoryError -Dhttp.nonProxyHosts=localhost|127.*|[::1] -cp ./lib/sonar-application-9.9.3.79811.jar:/opt/sonarqube/lib/jdbc/h2/h2-2.1.214.jar org.sonar.server.app.WebServer /opt/sonarqube/temp/sq-process6162644293961897920properties
2024.01.29 21:31:31 INFO  app[][o.s.a.SchedulerImpl] Process[web] is up
2024.01.29 21:31:31 INFO  app[][o.s.a.ProcessLauncherImpl] Launch process[COMPUTE_ENGINE] from [/opt/sonarqube]: /opt/java/openjdk/bin/java -Djava.awt.headless=true -Dfile.encoding=UTF-8 -Djava.io.tmpdir=/opt/sonarqube/temp -XX:-OmitStackTraceInFastThrow --add-opens=java.base/java.util=ALL-UNNAMED --add-exports=java.base/jdk.internal.ref=ALL-UNNAMED --add-opens=java.base/java.lang=ALL-UNNAMED --add-opens=java.base/java.nio=ALL-UNNAMED --add-opens=java.base/sun.nio.ch=ALL-UNNAMED --add-opens=java.management/sun.management=ALL-UNNAMED --add-opens=jdk.management/com.sun.management.internal=ALL-UNNAMED -Dcom.redhat.fips=false -Xmx512m -Xms128m -XX:+HeapDumpOnOutOfMemoryError -Dhttp.nonProxyHosts=localhost|127.*|[::1] -cp ./lib/sonar-application-9.9.3.79811.jar:/opt/sonarqube/lib/jdbc/h2/h2-2.1.214.jar org.sonar.ce.app.CeServer /opt/sonarqube/temp/sq-process16387848894825748119properties
2024.01.29 21:31:32 WARN  app[][startup] ####################################################################################################################
2024.01.29 21:31:32 WARN  app[][startup] Default Administrator credentials are still being used. Make sure to change the password or deactivate the account.
2024.01.29 21:31:32 WARN  app[][startup] ####################################################################################################################
2024.01.29 21:31:35 INFO  app[][o.s.a.SchedulerImpl] Process[ce] is up
2024.01.29 21:31:35 INFO  app[][o.s.a.SchedulerImpl] SonarQube is operational
2024.01.29 21:35:48 INFO  app[][o.s.a.SchedulerImpl] Stopping SonarQube
2024.01.29 21:35:48 INFO  app[][o.s.a.SchedulerImpl] Sonarqube has been requested to stop
2024.01.29 21:35:48 INFO  app[][o.s.a.SchedulerImpl] Stopping [Compute Engine] process...
2024.01.29 21:35:49 INFO  app[][o.s.a.SchedulerImpl] Process[Compute Engine] is stopped
2024.01.29 21:35:49 INFO  app[][o.s.a.SchedulerImpl] Stopping [Web Server] process...
2024.01.29 21:35:49 INFO  app[][o.s.a.SchedulerImpl] Process[Web Server] is stopped
2024.01.29 21:35:49 INFO  app[][o.s.a.SchedulerImpl] Stopping [ElasticSearch] process...
2024.01.29 21:35:49 INFO  app[][o.s.a.SchedulerImpl] Process[ElasticSearch] is stopped
2024.01.29 21:35:49 WARN  app[][o.s.a.p.AbstractManagedProcess] Process exited with exit value [ElasticSearch]: 143
2024.01.29 21:35:49 INFO  app[][o.s.a.SchedulerImpl] SonarQube is stopped
2024.01.29 21:36:01 INFO  app[][o.s.a.AppFileSystem] Cleaning or creating temp directory /opt/sonarqube/temp
2024.01.29 21:36:01 INFO  app[][o.s.a.es.EsSettings] Elasticsearch listening on [HTTP: 127.0.0.1:9001, TCP: 127.0.0.1:37385]
2024.01.29 21:36:01 INFO  app[][o.s.a.ProcessLauncherImpl] Launch process[ELASTICSEARCH] from [/opt/sonarqube/elasticsearch]: /opt/sonarqube/elasticsearch/bin/elasticsearch
2024.01.29 21:36:01 INFO  app[][o.s.a.SchedulerImpl] Waiting for Elasticsearch to be up and running
2024.01.29 21:36:11 INFO  app[][o.s.a.SchedulerImpl] Process[es] is up
2024.01.29 21:36:11 INFO  app[][o.s.a.ProcessLauncherImpl] Launch process[WEB_SERVER] from [/opt/sonarqube]: /opt/java/openjdk/bin/java -Djava.awt.headless=true -Dfile.encoding=UTF-8 -Djava.io.tmpdir=/opt/sonarqube/temp -XX:-OmitStackTraceInFastThrow --add-opens=java.base/java.util=ALL-UNNAMED --add-opens=java.base/java.lang=ALL-UNNAMED --add-opens=java.base/java.io=ALL-UNNAMED --add-opens=java.rmi/sun.rmi.transport=ALL-UNNAMED --add-exports=java.base/jdk.internal.ref=ALL-UNNAMED --add-opens=java.base/java.nio=ALL-UNNAMED --add-opens=java.base/sun.nio.ch=ALL-UNNAMED --add-opens=java.management/sun.management=ALL-UNNAMED --add-opens=jdk.management/com.sun.management.internal=ALL-UNNAMED -Dcom.redhat.fips=false -Xmx512m -Xms128m -XX:+HeapDumpOnOutOfMemoryError -Dhttp.nonProxyHosts=localhost|127.*|[::1] -cp ./lib/sonar-application-9.9.3.79811.jar:/opt/sonarqube/lib/jdbc/h2/h2-2.1.214.jar org.sonar.server.app.WebServer /opt/sonarqube/temp/sq-process8517027144904956630properties
2024.01.29 21:36:20 INFO  app[][o.s.a.SchedulerImpl] Process[web] is up
2024.01.29 21:36:20 INFO  app[][o.s.a.ProcessLauncherImpl] Launch process[COMPUTE_ENGINE] from [/opt/sonarqube]: /opt/java/openjdk/bin/java -Djava.awt.headless=true -Dfile.encoding=UTF-8 -Djava.io.tmpdir=/opt/sonarqube/temp -XX:-OmitStackTraceInFastThrow --add-opens=java.base/java.util=ALL-UNNAMED --add-exports=java.base/jdk.internal.ref=ALL-UNNAMED --add-opens=java.base/java.lang=ALL-UNNAMED --add-opens=java.base/java.nio=ALL-UNNAMED --add-opens=java.base/sun.nio.ch=ALL-UNNAMED --add-opens=java.management/sun.management=ALL-UNNAMED --add-opens=jdk.management/com.sun.management.internal=ALL-UNNAMED -Dcom.redhat.fips=false -Xmx512m -Xms128m -XX:+HeapDumpOnOutOfMemoryError -Dhttp.nonProxyHosts=localhost|127.*|[::1] -cp ./lib/sonar-application-9.9.3.79811.jar:/opt/sonarqube/lib/jdbc/h2/h2-2.1.214.jar org.sonar.ce.app.CeServer /opt/sonarqube/temp/sq-process10999809375792124429properties
2024.01.29 21:36:21 WARN  app[][startup] ####################################################################################################################
2024.01.29 21:36:21 WARN  app[][startup] Default Administrator credentials are still being used. Make sure to change the password or deactivate the account.
2024.01.29 21:36:21 WARN  app[][startup] ####################################################################################################################
2024.01.29 21:36:23 INFO  app[][o.s.a.SchedulerImpl] Process[ce] is up
2024.01.29 21:36:23 INFO  app[][o.s.a.SchedulerImpl] SonarQube is operational
2024.01.29 22:30:24 INFO  app[][o.s.a.SchedulerImpl] Stopping SonarQube
2024.01.29 22:30:24 INFO  app[][o.s.a.SchedulerImpl] Sonarqube has been requested to stop
2024.01.29 22:30:24 INFO  app[][o.s.a.SchedulerImpl] Stopping [Compute Engine] process...
2024.01.29 22:30:25 INFO  app[][o.s.a.SchedulerImpl] Process[Compute Engine] is stopped
2024.01.29 22:30:25 INFO  app[][o.s.a.SchedulerImpl] Stopping [Web Server] process...
2024.01.29 22:30:27 INFO  app[][o.s.a.SchedulerImpl] Process[Web Server] is stopped
2024.01.29 22:30:27 INFO  app[][o.s.a.SchedulerImpl] Stopping [ElasticSearch] process...
2024.01.29 22:30:27 INFO  app[][o.s.a.SchedulerImpl] Process[ElasticSearch] is stopped
2024.01.29 22:30:27 INFO  app[][o.s.a.SchedulerImpl] SonarQube is stopped
2024.01.29 22:30:27 WARN  app[][o.s.a.p.AbstractManagedProcess] Process exited with exit value [ElasticSearch]: 143
