2024.01.29 21:06:59 INFO  web[][o.s.p.ProcessEntryPoint] Starting Web Server
2024.01.29 21:07:00 INFO  web[][o.s.s.p.LogServerVersion] SonarQube Server / 9.9.3.79811 / 4fefd8061afc12c43078b4cee31db2e4618b4fd6
2024.01.29 21:07:01 INFO  web[][o.s.s.p.d.EmbeddedDatabase] Starting embedded database on port 9092 with url jdbc:h2:tcp://127.0.0.1:9092/sonar;NON_KEYWORDS=VALUE
2024.01.29 21:07:01 INFO  web[][o.s.s.p.d.EmbeddedDatabase] Embedded database started. Data stored in: /opt/sonarqube/data
2024.01.29 21:07:01 INFO  web[][o.sonar.db.Database] Create JDBC data source for jdbc:h2:tcp://127.0.0.1:9092/sonar;NON_KEYWORDS=VALUE
2024.01.29 21:07:01 INFO  web[][c.z.h.HikariDataSource] HikariPool-1 - Starting...
2024.01.29 21:07:01 INFO  web[][c.z.h.p.HikariPool] HikariPool-1 - Added connection conn2: url=jdbc:h2:tcp://127.0.0.1:9092/sonar user=
2024.01.29 21:07:01 INFO  web[][c.z.h.HikariDataSource] HikariPool-1 - Start completed.
2024.01.29 21:07:01 WARN  web[][o.s.db.dialect.H2] H2 database should be used for evaluation purpose only.
2024.01.29 21:07:02 INFO  web[][o.s.s.p.ServerFileSystemImpl] SonarQube home: /opt/sonarqube
2024.01.29 21:07:02 INFO  web[][o.s.s.u.SystemPasscodeImpl] System authentication by passcode is disabled
2024.01.29 21:07:02 INFO  web[][o.s.s.p.d.m.h.MigrationHistoryTableImpl] Creating table schema_migrations
2024.01.29 21:07:02 INFO  web[][o.s.s.p.ServerPluginManager] Deploy C# Code Quality and Security / 8.51.0.59060 / e14c642f118958f22fd08841dc42f9aae480366a
2024.01.29 21:07:02 INFO  web[][o.s.s.p.ServerPluginManager] Deploy Configuration detection fot Code Quality and Security / 1.2.0.267 / 4f37ba9ffb37a96d5883e52ad392ed32c5c6eaab
2024.01.29 21:07:02 INFO  web[][o.s.s.p.ServerPluginManager] Deploy Flex Code Quality and Security / 2.8.0.3166 / 01f66bdddc678966c81a9064ed139156a6a89c97
2024.01.29 21:07:02 INFO  web[][o.s.s.p.ServerPluginManager] Deploy Go Code Quality and Security / 1.11.0.3905 / e1f28bc000e04ca01881e84218d01d464a17a36f
2024.01.29 21:07:02 INFO  web[][o.s.s.p.ServerPluginManager] Deploy HTML Code Quality and Security / 3.7.1.3306 / d720acc6860c6d8b69ec4d17570a398a1e216da1
2024.01.29 21:07:02 INFO  web[][o.s.s.p.ServerPluginManager] Deploy IaC Code Quality and Security / 1.11.0.2847 / 6892bd3a7320b3c110717acfdb18c4c7451069fd
2024.01.29 21:07:02 INFO  web[][o.s.s.p.ServerPluginManager] Deploy JaCoCo / 1.3.0.1538 / 74a7798c7cea687c72ed9df40c93eb7ea2a58c49
2024.01.29 21:07:02 INFO  web[][o.s.s.p.ServerPluginManager] Deploy Java Code Quality and Security / 7.16.0.30901 / 4b1436558dfd5fc00c8d9aae8bb0364ba122c73e
2024.01.29 21:07:02 INFO  web[][o.s.s.p.ServerPluginManager] Deploy JavaScript/TypeScript/CSS Code Quality and Security / 9.13.0.20537 / 68ff7657415044b86033814795ed95fc1f1558f1
2024.01.29 21:07:02 INFO  web[][o.s.s.p.ServerPluginManager] Deploy Kotlin Code Quality and Security / 2.12.0.1956 / a6df1ae252bd62d63f8673c28f87ad14258a7904
2024.01.29 21:07:02 INFO  web[][o.s.s.p.ServerPluginManager] Deploy PHP Code Quality and Security / 3.27.1.9352 / 3ddc5a03e1a7e3729d41e7c1a30a37d5715958c7
2024.01.29 21:07:02 INFO  web[][o.s.s.p.ServerPluginManager] Deploy Python Code Quality and Security / 3.24.1.11916 / cc8f4fa745eb33d31c3869bdfdfd45514e67c1fe
2024.01.29 21:07:02 INFO  web[][o.s.s.p.ServerPluginManager] Deploy Ruby Code Quality and Security / 1.11.0.3905 / e1f28bc000e04ca01881e84218d01d464a17a36f
2024.01.29 21:07:02 INFO  web[][o.s.s.p.ServerPluginManager] Deploy Scala Code Quality and Security / 1.11.0.3905 / e1f28bc000e04ca01881e84218d01d464a17a36f
2024.01.29 21:07:02 INFO  web[][o.s.s.p.ServerPluginManager] Deploy Text Code Quality and Security / 2.0.2.1090 / 7eb026363b98f5f98b43c603772b5177869c2c6a
2024.01.29 21:07:02 INFO  web[][o.s.s.p.ServerPluginManager] Deploy VB.NET Code Quality and Security / 8.51.0.59060 / e14c642f118958f22fd08841dc42f9aae480366a
2024.01.29 21:07:02 INFO  web[][o.s.s.p.ServerPluginManager] Deploy XML Code Quality and Security / 2.7.0.3820 / 656bccc1910d50c8984536bd2dfd917066b858e6
2024.01.29 21:07:04 INFO  web[][o.s.s.e.EsClientProvider] Connected to local Elasticsearch: [http://localhost:9001]
2024.01.29 21:07:05 WARN  web[][o.s.a.s.w.WebService$Action] Description is not set on action api/monitoring/metrics
2024.01.29 21:07:05 WARN  web[][o.s.a.s.w.WebService$Action] Since is not set on action api/monitoring/metrics
2024.01.29 21:07:05 WARN  web[][o.s.a.s.w.WebService$Action] The response example is not set on action api/monitoring/metrics
2024.01.29 21:07:05 WARN  web[][o.s.a.s.w.WebService$Action] The response example is not set on action api/system/liveness
2024.01.29 21:07:05 INFO  web[][o.s.s.p.d.m.AutoDbMigration] Automatically perform DB migration on fresh install
2024.01.29 21:07:05 INFO  web[][DbMigrations] Executing DB migrations...
2024.01.29 21:07:05 INFO  web[][DbMigrations] #1 'Create initial schema'...
2024.01.29 21:07:05 INFO  web[][DbMigrations] #1 'Create initial schema': success | time=253ms
2024.01.29 21:07:05 INFO  web[][DbMigrations] #2 'Populate initial schema'...
2024.01.29 21:07:05 INFO  web[][DbMigrations] #2 'Populate initial schema': success | time=37ms
2024.01.29 21:07:05 INFO  web[][DbMigrations] #5001 'Drop PK on 'uuid' for 'ce_activity' table'...
2024.01.29 21:07:05 INFO  web[][DbMigrations] #5001 'Drop PK on 'uuid' for 'ce_activity' table': success | time=5ms
2024.01.29 21:07:05 INFO  web[][DbMigrations] #5002 'Drop 'ce_activity_uuid' index'...
2024.01.29 21:07:05 INFO  web[][DbMigrations] #5002 'Drop 'ce_activity_uuid' index': success | time=5ms
2024.01.29 21:07:05 INFO  web[][DbMigrations] #5003 'Recreate PK on 'uuid' for 'ce_activity' table'...
2024.01.29 21:07:05 INFO  web[][DbMigrations] #5003 'Recreate PK on 'uuid' for 'ce_activity' table': success | time=5ms
2024.01.29 21:07:05 INFO  web[][DbMigrations] #5004 'Drop PK on 'uuid' for 'events' table'...
2024.01.29 21:07:05 INFO  web[][DbMigrations] #5004 'Drop PK on 'uuid' for 'events' table': success | time=4ms
2024.01.29 21:07:05 INFO  web[][DbMigrations] #5005 'Drop 'events_uuid' index'...
2024.01.29 21:07:05 INFO  web[][DbMigrations] #5005 'Drop 'events_uuid' index': success | time=3ms
2024.01.29 21:07:05 INFO  web[][DbMigrations] #5006 'Recreate PK on 'uuid' for 'events' table'...
2024.01.29 21:07:05 INFO  web[][DbMigrations] #5006 'Recreate PK on 'uuid' for 'events' table': success | time=3ms
2024.01.29 21:07:05 INFO  web[][DbMigrations] #5007 'Drop PK on 'kee' for 'issues' table'...
2024.01.29 21:07:05 INFO  web[][DbMigrations] #5007 'Drop PK on 'kee' for 'issues' table': success | time=2ms
2024.01.29 21:07:05 INFO  web[][DbMigrations] #5008 'Drop 'issues_kee' index'...
2024.01.29 21:07:05 INFO  web[][DbMigrations] #5008 'Drop 'issues_kee' index': success | time=4ms
2024.01.29 21:07:05 INFO  web[][DbMigrations] #5009 'Recreate PK on 'kee' for 'issues' table'...
2024.01.29 21:07:05 INFO  web[][DbMigrations] #5009 'Recreate PK on 'kee' for 'issues' table': success | time=2ms
2024.01.29 21:07:05 INFO  web[][DbMigrations] #5010 'Drop PK on 'kee' for 'snapshots' table'...
2024.01.29 21:07:05 INFO  web[][DbMigrations] #5010 'Drop PK on 'kee' for 'snapshots' table': success | time=5ms
2024.01.29 21:07:05 INFO  web[][DbMigrations] #5011 'Drop 'analyses_uuid' index'...
2024.01.29 21:07:05 INFO  web[][DbMigrations] #5011 'Drop 'analyses_uuid' index': success | time=3ms
2024.01.29 21:07:05 INFO  web[][DbMigrations] #5012 'Recreate PK on 'kee' for 'snapshots' table'...
2024.01.29 21:07:05 INFO  web[][DbMigrations] #5012 'Recreate PK on 'kee' for 'snapshots' table': success | time=3ms
2024.01.29 21:07:05 INFO  web[][DbMigrations] #6001 'Drop 'manual_measures_component_uuid' index'...
2024.01.29 21:07:05 INFO  web[][DbMigrations] #6001 'Drop 'manual_measures_component_uuid' index': success | time=3ms
2024.01.29 21:07:05 INFO  web[][DbMigrations] #6002 'Drop 'manual_measures' table'...
2024.01.29 21:07:05 INFO  web[][DbMigrations] #6002 'Drop 'manual_measures' table': success | time=6ms
2024.01.29 21:07:05 INFO  web[][DbMigrations] #6003 'Drop custom metrics data from 'live_measures' table'...
2024.01.29 21:07:05 INFO  web[][o.s.s.p.d.m.s.MassUpdate] 0 rows processed (0 items/sec)
2024.01.29 21:07:05 INFO  web[][DbMigrations] #6003 'Drop custom metrics data from 'live_measures' table': success | time=14ms
2024.01.29 21:07:05 INFO  web[][DbMigrations] #6004 'Drop custom metrics data from 'project_measures' table'...
2024.01.29 21:07:05 INFO  web[][o.s.s.p.d.m.s.MassUpdate] 0 rows processed (0 items/sec)
2024.01.29 21:07:05 INFO  web[][DbMigrations] #6004 'Drop custom metrics data from 'project_measures' table': success | time=10ms
2024.01.29 21:07:05 INFO  web[][DbMigrations] #6005 'Drop custom metrics data from 'metrics' table'...
2024.01.29 21:07:05 INFO  web[][o.s.s.p.d.m.s.MassUpdate] 0 rows processed (0 items/sec)
2024.01.29 21:07:05 INFO  web[][DbMigrations] #6005 'Drop custom metrics data from 'metrics' table': success | time=9ms
2024.01.29 21:07:05 INFO  web[][DbMigrations] #6006 'Drop 'user_managed' column from 'metrics' table'...
2024.01.29 21:07:05 INFO  web[][DbMigrations] #6006 'Drop 'user_managed' column from 'metrics' table': success | time=11ms
2024.01.29 21:07:05 INFO  web[][DbMigrations] #6007 'Create Audit table'...
2024.01.29 21:07:05 INFO  web[][DbMigrations] #6007 'Create Audit table': success | time=6ms
2024.01.29 21:07:05 INFO  web[][DbMigrations] #6008 'Add column 'removed' to 'plugins' table'...
2024.01.29 21:07:05 INFO  web[][DbMigrations] #6008 'Add column 'removed' to 'plugins' table': success | time=7ms
2024.01.29 21:07:05 INFO  web[][DbMigrations] #6009 'Alter column 'client_secret' of 'alm_settings' table to length 160'...
2024.01.29 21:07:05 INFO  web[][DbMigrations] #6009 'Alter column 'client_secret' of 'alm_settings' table to length 160': success | time=4ms
2024.01.29 21:07:05 INFO  web[][DbMigrations] #6010 'Alter column 'private_key' of 'alm_settings' table to length 2500'...
2024.01.29 21:07:05 INFO  web[][DbMigrations] #6010 'Alter column 'private_key' of 'alm_settings' table to length 2500': success | time=4ms
2024.01.29 21:07:05 INFO  web[][DbMigrations] #6011 'Create 'portfolios' table'...
2024.01.29 21:07:05 INFO  web[][DbMigrations] #6011 'Create 'portfolios' table': success | time=5ms
2024.01.29 21:07:05 INFO  web[][DbMigrations] #6012 'Create unique index for 'kee' in 'portfolios''...
2024.01.29 21:07:05 INFO  web[][DbMigrations] #6012 'Create unique index for 'kee' in 'portfolios'': success | time=5ms
2024.01.29 21:07:05 INFO  web[][DbMigrations] #6013 'Create 'portfolio_references' table'...
2024.01.29 21:07:05 INFO  web[][DbMigrations] #6013 'Create 'portfolio_references' table': success | time=5ms
2024.01.29 21:07:05 INFO  web[][DbMigrations] #6014 'Create unique index for 'portfolio_references''...
2024.01.29 21:07:05 INFO  web[][DbMigrations] #6014 'Create unique index for 'portfolio_references'': success | time=5ms
2024.01.29 21:07:05 INFO  web[][DbMigrations] #6015 'Create 'portfolio_projects' table'...
2024.01.29 21:07:05 INFO  web[][DbMigrations] #6015 'Create 'portfolio_projects' table': success | time=5ms
2024.01.29 21:07:05 INFO  web[][DbMigrations] #6016 'Create unique index for 'portfolio_projects''...
2024.01.29 21:07:05 INFO  web[][DbMigrations] #6016 'Create unique index for 'portfolio_projects'': success | time=4ms
2024.01.29 21:07:05 INFO  web[][DbMigrations] #6017 'Migrate portfolios to new tables'...
2024.01.29 21:07:05 INFO  web[][DbMigrations] #6017 'Migrate portfolios to new tables': success | time=5ms
2024.01.29 21:07:05 INFO  web[][DbMigrations] #6018 'Create index for 'issue_changes' on 'issue_key' and 'change_type''...
2024.01.29 21:07:05 INFO  web[][DbMigrations] #6018 'Create index for 'issue_changes' on 'issue_key' and 'change_type'': success | time=4ms
2024.01.29 21:07:05 INFO  web[][DbMigrations] #6019 'Remove SVN related properties'...
2024.01.29 21:07:05 INFO  web[][DbMigrations] #6019 'Remove SVN related properties': success | time=6ms
2024.01.29 21:07:05 INFO  web[][DbMigrations] #6101 'Change size of column 'selection_expression' in 'Portfolios''...
2024.01.29 21:07:05 INFO  web[][DbMigrations] #6101 'Change size of column 'selection_expression' in 'Portfolios'': success | time=3ms
2024.01.29 21:07:05 INFO  web[][DbMigrations] #6102 'Migrate Bitbucket.org authentication plugin settings to built-in authentication settings'...
2024.01.29 21:07:05 INFO  web[][DbMigrations] #6102 'Migrate Bitbucket.org authentication plugin settings to built-in authentication settings': success | time=7ms
2024.01.29 21:07:05 INFO  web[][DbMigrations] #6103 'Create column quick_fix_available in 'issues''...
2024.01.29 21:07:05 INFO  web[][DbMigrations] #6103 'Create column quick_fix_available in 'issues'': success | time=11ms
2024.01.29 21:07:05 INFO  web[][DbMigrations] #6104 'Create qgate_user_permissions Table'...
2024.01.29 21:07:05 INFO  web[][DbMigrations] #6104 'Create qgate_user_permissions Table': success | time=7ms
2024.01.29 21:07:05 INFO  web[][DbMigrations] #6105 'Create qgate_group_permissions Table'...
2024.01.29 21:07:05 INFO  web[][DbMigrations] #6105 'Create qgate_group_permissions Table': success | time=6ms
2024.01.29 21:07:05 INFO  web[][DbMigrations] #6106 'Create column sonarlint_ad_seen in 'users''...
2024.01.29 21:07:05 INFO  web[][DbMigrations] #6106 'Create column sonarlint_ad_seen in 'users'': success | time=9ms
2024.01.29 21:07:05 INFO  web[][DbMigrations] #6107 'Upsert value of sonarlint_ad_seen in 'users''...
2024.01.29 21:07:05 INFO  web[][DbMigrations] #6107 'Upsert value of sonarlint_ad_seen in 'users'': success | time=6ms
2024.01.29 21:07:05 INFO  web[][DbMigrations] #6108 'Change size of column 'kee' in 'components''...
2024.01.29 21:07:05 INFO  web[][DbMigrations] #6108 'Change size of column 'kee' in 'components'': success | time=3ms
2024.01.29 21:07:05 INFO  web[][DbMigrations] #6109 'Create table 'portfolio_proj_branches''...
2024.01.29 21:07:05 INFO  web[][DbMigrations] #6109 'Create table 'portfolio_proj_branches'': success | time=4ms
2024.01.29 21:07:05 INFO  web[][DbMigrations] #6110 'Add column 'branch_key' to table 'portfolios''...
2024.01.29 21:07:05 INFO  web[][DbMigrations] #6110 'Add column 'branch_key' to table 'portfolios'': success | time=6ms
2024.01.29 21:07:05 INFO  web[][DbMigrations] #6111 'Change size of column 'kee' in 'components''...
2024.01.29 21:07:05 INFO  web[][DbMigrations] #6111 'Change size of column 'kee' in 'components'': success | time=3ms
2024.01.29 21:07:05 INFO  web[][DbMigrations] #6112 'Create 'project_badge_token' Table'...
2024.01.29 21:07:05 INFO  web[][DbMigrations] #6112 'Create 'project_badge_token' Table': success | time=4ms
2024.01.29 21:07:05 INFO  web[][DbMigrations] #6113 'Deprecate quality profile 'Sonar way Recommended' for js and ts'...
2024.01.29 21:07:05 INFO  web[][DbMigrations] #6113 'Deprecate quality profile 'Sonar way Recommended' for js and ts': success | time=11ms
2024.01.29 21:07:05 INFO  web[][DbMigrations] #6114 'Drop the 'sonar.lf.aboutText' property value'...
2024.01.29 21:07:05 INFO  web[][DbMigrations] #6114 'Drop the 'sonar.lf.aboutText' property value': success | time=5ms
2024.01.29 21:07:05 INFO  web[][DbMigrations] #6201 'Fix usage of deprecated column in MSSQL'...
2024.01.29 21:07:05 INFO  web[][DbMigrations] #6201 'Fix usage of deprecated column in MSSQL': success | time=2ms
2024.01.29 21:07:05 INFO  web[][DbMigrations] #6202 'Drop index 'uniq_portfolio_references''...
2024.01.29 21:07:05 INFO  web[][DbMigrations] #6202 'Drop index 'uniq_portfolio_references'': success | time=4ms
2024.01.29 21:07:05 INFO  web[][DbMigrations] #6203 'Add column 'branch_uuid' to 'portfolio_references''...
2024.01.29 21:07:05 INFO  web[][DbMigrations] #6203 'Add column 'branch_uuid' to 'portfolio_references'': success | time=5ms
2024.01.29 21:07:05 INFO  web[][DbMigrations] #6204 'Create index 'uniq_portfolio_references''...
2024.01.29 21:07:05 INFO  web[][DbMigrations] #6204 'Create index 'uniq_portfolio_references'': success | time=4ms
2024.01.29 21:07:05 INFO  web[][DbMigrations] #6205 'Create table 'new_code_reference_branch_issues''...
2024.01.29 21:07:05 INFO  web[][DbMigrations] #6205 'Create table 'new_code_reference_branch_issues'': success | time=4ms
2024.01.29 21:07:05 INFO  web[][DbMigrations] #6206 'Create index 'uniq_new_code_reference_issues''...
2024.01.29 21:07:05 INFO  web[][DbMigrations] #6206 'Create index 'uniq_new_code_reference_issues'': success | time=4ms
2024.01.29 21:07:05 INFO  web[][DbMigrations] #6301 'Drop unused Issues Column REPORTER'...
2024.01.29 21:07:05 INFO  web[][DbMigrations] #6301 'Drop unused Issues Column REPORTER': success | time=8ms
2024.01.29 21:07:05 INFO  web[][DbMigrations] #6302 'Drop unused Issues Column ACTION_PLAN_KEY'...
2024.01.29 21:07:05 INFO  web[][DbMigrations] #6302 'Drop unused Issues Column ACTION_PLAN_KEY': success | time=9ms
2024.01.29 21:07:05 INFO  web[][DbMigrations] #6303 'Drop unused Issues Column ISSUE_ATTRIBUTES'...
2024.01.29 21:07:05 INFO  web[][DbMigrations] #6303 'Drop unused Issues Column ISSUE_ATTRIBUTES': success | time=8ms
2024.01.29 21:07:05 INFO  web[][DbMigrations] #6304 'Create table 'SCANNER_ANALYSIS_CACHE'...
2024.01.29 21:07:05 INFO  web[][DbMigrations] #6304 'Create table 'SCANNER_ANALYSIS_CACHE': success | time=4ms
2024.01.29 21:07:05 INFO  web[][DbMigrations] #6305 'Issue warning for users using SHA1 hash method'...
2024.01.29 21:07:05 INFO  web[][DbMigrations] #6305 'Issue warning for users using SHA1 hash method': success | time=5ms
2024.01.29 21:07:05 INFO  web[][DbMigrations] #6306 'Drop table 'user_properties''...
2024.01.29 21:07:05 INFO  web[][DbMigrations] #6306 'Drop table 'user_properties'': success | time=5ms
2024.01.29 21:07:05 INFO  web[][DbMigrations] #6401 'Add column 'project_key' to 'user_tokens''...
2024.01.29 21:07:05 INFO  web[][DbMigrations] #6401 'Add column 'project_key' to 'user_tokens'': success | time=8ms
2024.01.29 21:07:05 INFO  web[][DbMigrations] #6402 'Add column 'type' to 'user_tokens''...
2024.01.29 21:07:05 INFO  web[][DbMigrations] #6402 'Add column 'type' to 'user_tokens'': success | time=6ms
2024.01.29 21:07:05 INFO  web[][DbMigrations] #6403 'Upsert value of type in 'user_tokens''...
2024.01.29 21:07:05 INFO  web[][DbMigrations] #6403 'Upsert value of type in 'user_tokens'': success | time=6ms
2024.01.29 21:07:05 INFO  web[][DbMigrations] #6404 'Make column 'type' in 'user_tokens' not nullable'...
2024.01.29 21:07:05 INFO  web[][DbMigrations] #6404 'Make column 'type' in 'user_tokens' not nullable': success | time=6ms
2024.01.29 21:07:05 INFO  web[][DbMigrations] #6405 'Create table RULE_DESC_SECTIONS'...
2024.01.29 21:07:05 INFO  web[][DbMigrations] #6405 'Create table RULE_DESC_SECTIONS': success | time=5ms
2024.01.29 21:07:05 INFO  web[][DbMigrations] #6406 'Insert description from RULES into RULE_DESC_SECTIONS'...
2024.01.29 21:07:05 INFO  web[][DbMigrations] #6406 'Insert description from RULES into RULE_DESC_SECTIONS': success | time=7ms
2024.01.29 21:07:05 INFO  web[][DbMigrations] #6407 'Create index for RULE_DESC_SECTIONS'...
2024.01.29 21:07:05 INFO  web[][DbMigrations] #6407 'Create index for RULE_DESC_SECTIONS': success | time=4ms
2024.01.29 21:07:05 INFO  web[][DbMigrations] #6408 'Drop column DESCRIPTIONS from RULES table'...
2024.01.29 21:07:05 INFO  web[][DbMigrations] #6408 'Drop column DESCRIPTIONS from RULES table': success | time=7ms
2024.01.29 21:07:05 INFO  web[][DbMigrations] #6409 'Drop column CREATED_AT from RULES_METADATA table'...
2024.01.29 21:07:05 INFO  web[][DbMigrations] #6409 'Drop column CREATED_AT from RULES_METADATA table': success | time=10ms
2024.01.29 21:07:05 INFO  web[][DbMigrations] #6410 'Drop column UPDATED_AT from RULES_METADATA table'...
2024.01.29 21:07:05 INFO  web[][DbMigrations] #6410 'Drop column UPDATED_AT from RULES_METADATA table': success | time=6ms
2024.01.29 21:07:05 INFO  web[][DbMigrations] #6411 'Overwrite plugin file hash to force reloading rules'...
2024.01.29 21:07:05 INFO  web[][DbMigrations] #6411 'Overwrite plugin file hash to force reloading rules': success | time=6ms
2024.01.29 21:07:05 INFO  web[][DbMigrations] #6412 'Add rules_metadata columns to rules table'...
2024.01.29 21:07:05 INFO  web[][DbMigrations] #6412 'Add rules_metadata columns to rules table': success | time=54ms
2024.01.29 21:07:05 INFO  web[][DbMigrations] #6413 'Populate rules metadata in rules table'...
2024.01.29 21:07:05 INFO  web[][o.s.s.p.d.m.s.MassUpdate] 0 rows processed (0 items/sec)
2024.01.29 21:07:05 INFO  web[][DbMigrations] #6413 'Populate rules metadata in rules table': success | time=12ms
2024.01.29 21:07:05 INFO  web[][DbMigrations] #6414 'Drop rules_metadata table'...
2024.01.29 21:07:05 INFO  web[][DbMigrations] #6414 'Drop rules_metadata table': success | time=6ms
2024.01.29 21:07:05 INFO  web[][DbMigrations] #6415 'Migrate hotspot rule descriptions'...
2024.01.29 21:07:05 INFO  web[][DbMigrations] #6415 'Migrate hotspot rule descriptions': success | time=6ms
2024.01.29 21:07:05 INFO  web[][DbMigrations] #6416 'Remove onboarded column from User table'...
2024.01.29 21:07:05 INFO  web[][DbMigrations] #6416 'Remove onboarded column from User table': success | time=8ms
2024.01.29 21:07:05 INFO  web[][DbMigrations] #6417 'Add column 'user_triggered' to 'audits''...
2024.01.29 21:07:05 INFO  web[][DbMigrations] #6417 'Add column 'user_triggered' to 'audits'': success | time=6ms
2024.01.29 21:07:05 INFO  web[][DbMigrations] #6418 'Upsert value of 'user_triggered' in 'audits''...
2024.01.29 21:07:05 INFO  web[][DbMigrations] #6418 'Upsert value of 'user_triggered' in 'audits'': success | time=5ms
2024.01.29 21:07:05 INFO  web[][DbMigrations] #6500 'remove root column from users table'...
2024.01.29 21:07:05 INFO  web[][DbMigrations] #6500 'remove root column from users table': success | time=6ms
2024.01.29 21:07:05 INFO  web[][DbMigrations] #6501 'Add columns 'context_key' and 'context_display_name' into rule_desc_sections'...
2024.01.29 21:07:05 INFO  web[][DbMigrations] #6501 'Add columns 'context_key' and 'context_display_name' into rule_desc_sections': success | time=9ms
2024.01.29 21:07:05 INFO  web[][DbMigrations] #6502 'Drop unique index uniq_rule_desc_sections_kee'...
2024.01.29 21:07:05 INFO  web[][DbMigrations] #6502 'Drop unique index uniq_rule_desc_sections_kee': success | time=4ms
2024.01.29 21:07:05 INFO  web[][DbMigrations] #6503 'Create unique uniq_rule_desc_sections'...
2024.01.29 21:07:05 INFO  web[][DbMigrations] #6503 'Create unique uniq_rule_desc_sections': success | time=4ms
2024.01.29 21:07:05 INFO  web[][DbMigrations] #6504 'Add column 'expiration_date' to 'user_tokens''...
2024.01.29 21:07:05 INFO  web[][DbMigrations] #6504 'Add column 'expiration_date' to 'user_tokens'': success | time=5ms
2024.01.29 21:07:05 INFO  web[][DbMigrations] #6505 'Add column 'rule_description_context_key' to 'issues''...
2024.01.29 21:07:05 INFO  web[][DbMigrations] #6505 'Add column 'rule_description_context_key' to 'issues'': success | time=7ms
2024.01.29 21:07:05 INFO  web[][DbMigrations] #6506 'Add column 'education_principles' to 'rules''...
2024.01.29 21:07:05 INFO  web[][DbMigrations] #6506 'Add column 'education_principles' to 'rules'': success | time=7ms
2024.01.29 21:07:05 INFO  web[][DbMigrations] #6507 'Overwrite plugin file hash to force reloading rules'...
2024.01.29 21:07:05 INFO  web[][DbMigrations] #6507 'Overwrite plugin file hash to force reloading rules': success | time=5ms
2024.01.29 21:07:05 INFO  web[][DbMigrations] #6508 'Migrate 'sonarlint_ad_seen' from users to properties'...
2024.01.29 21:07:05 INFO  web[][o.s.s.p.d.m.s.MassUpdate] 0 rows processed (0 items/sec)
2024.01.29 21:07:05 INFO  web[][DbMigrations] #6508 'Migrate 'sonarlint_ad_seen' from users to properties': success | time=7ms
2024.01.29 21:07:05 INFO  web[][DbMigrations] #6509 'Drop column sonarlint_ad_seen in 'users''...
2024.01.29 21:07:05 INFO  web[][DbMigrations] #6509 'Drop column sonarlint_ad_seen in 'users'': success | time=6ms
2024.01.29 21:07:05 INFO  web[][DbMigrations] #6510 'Create table 'push_events''...
2024.01.29 21:07:05 INFO  web[][DbMigrations] #6510 'Create table 'push_events'': success | time=5ms
2024.01.29 21:07:05 INFO  web[][DbMigrations] #6511 'Create index 'idx_push_even_crea_uuid_proj' on 'push_events''...
2024.01.29 21:07:05 INFO  web[][DbMigrations] #6511 'Create index 'idx_push_even_crea_uuid_proj' on 'push_events'': success | time=4ms
2024.01.29 21:07:05 INFO  web[][DbMigrations] #6512 'Add column 'language' to 'push_events''...
2024.01.29 21:07:05 INFO  web[][DbMigrations] #6512 'Add column 'language' to 'push_events'': success | time=6ms
2024.01.29 21:07:05 INFO  web[][DbMigrations] #6513 'Delete duplicated rows in 'project_badge_token''...
2024.01.29 21:07:06 INFO  web[][DbMigrations] #6513 'Delete duplicated rows in 'project_badge_token'': success | time=7ms
2024.01.29 21:07:06 INFO  web[][DbMigrations] #6514 'Add unique index on 'project_uuid' in 'project_badge_token''...
2024.01.29 21:07:06 INFO  web[][DbMigrations] #6514 'Add unique index on 'project_uuid' in 'project_badge_token'': success | time=5ms
2024.01.29 21:07:06 INFO  web[][DbMigrations] #6600 'Add column 'webhook_secret' to 'alm_settings''...
2024.01.29 21:07:06 INFO  web[][DbMigrations] #6600 'Add column 'webhook_secret' to 'alm_settings'': success | time=6ms
2024.01.29 21:07:06 INFO  web[][DbMigrations] #6601 'Drop non unique index on 'uuid' in 'components''...
2024.01.29 21:07:06 INFO  web[][DbMigrations] #6601 'Drop non unique index on 'uuid' in 'components'': success | time=4ms
2024.01.29 21:07:06 INFO  web[][DbMigrations] #6602 'Add unique index on 'uuid' in 'components''...
2024.01.29 21:07:06 INFO  web[][DbMigrations] #6602 'Add unique index on 'uuid' in 'components'': success | time=5ms
2024.01.29 21:07:06 INFO  web[][DbMigrations] #6603 'Drop index for 'project_uuid' in 'components''...
2024.01.29 21:07:06 INFO  web[][DbMigrations] #6603 'Drop index for 'project_uuid' in 'components'': success | time=4ms
2024.01.29 21:07:06 INFO  web[][DbMigrations] #6604 'Rename column 'project_uuid' to 'branch_uuid' in 'components''...
2024.01.29 21:07:06 INFO  web[][DbMigrations] #6604 'Rename column 'project_uuid' to 'branch_uuid' in 'components'': success | time=7ms
2024.01.29 21:07:06 INFO  web[][DbMigrations] #6605 'Create index for 'branch_uuid' in 'components''...
2024.01.29 21:07:06 INFO  web[][DbMigrations] #6605 'Create index for 'branch_uuid' in 'components'': success | time=5ms
2024.01.29 21:07:06 INFO  web[][DbMigrations] #6606 'Drop index for 'kee' in 'components''...
2024.01.29 21:07:06 INFO  web[][DbMigrations] #6606 'Drop index for 'kee' in 'components'': success | time=3ms
2024.01.29 21:07:06 INFO  web[][DbMigrations] #6607 'Fix copy component UUID'...
2024.01.29 21:07:06 INFO  web[][o.s.s.p.d.m.s.MassUpdate] 0 rows processed (0 items/sec)
2024.01.29 21:07:06 INFO  web[][DbMigrations] #6607 'Fix copy component UUID': success | time=8ms
2024.01.29 21:07:06 INFO  web[][DbMigrations] #6608 'Remove branch information from 'kee' in 'components''...
2024.01.29 21:07:06 INFO  web[][o.s.s.p.d.m.s.MassUpdate] 0 rows processed (0 items/sec)
2024.01.29 21:07:06 INFO  web[][DbMigrations] #6608 'Remove branch information from 'kee' in 'components'': success | time=108ms
2024.01.29 21:07:06 INFO  web[][DbMigrations] #6609 'Add unique index on 'kee','branch_uuid' in 'components''...
2024.01.29 21:07:06 INFO  web[][DbMigrations] #6609 'Add unique index on 'kee','branch_uuid' in 'components'': success | time=4ms
2024.01.29 21:07:06 INFO  web[][DbMigrations] #6700 'Move live measure variations to values'...
2024.01.29 21:07:06 INFO  web[][o.s.s.p.d.m.s.MassUpdate] 0 rows processed (0 items/sec)
2024.01.29 21:07:06 INFO  web[][DbMigrations] #6700 'Move live measure variations to values': success | time=7ms
2024.01.29 21:07:06 INFO  web[][DbMigrations] #6701 'Drop live measure variation column'...
2024.01.29 21:07:06 INFO  web[][DbMigrations] #6701 'Drop live measure variation column': success | time=6ms
2024.01.29 21:07:06 INFO  web[][DbMigrations] #6702 'Move project measure variations to values'...
2024.01.29 21:07:06 INFO  web[][o.s.s.p.d.m.s.MassUpdate] 0 rows processed (0 items/sec)
2024.01.29 21:07:06 INFO  web[][DbMigrations] #6702 'Move project measure variations to values': success | time=7ms
2024.01.29 21:07:06 INFO  web[][DbMigrations] #6703 'Drop project measure variation column'...
2024.01.29 21:07:06 INFO  web[][DbMigrations] #6703 'Drop project measure variation column': success | time=6ms
2024.01.29 21:07:06 INFO  web[][DbMigrations] #6704 'Update sonar-users group description'...
2024.01.29 21:07:06 INFO  web[][DbMigrations] #6704 'Update sonar-users group description': success | time=5ms
2024.01.29 21:07:06 INFO  web[][DbMigrations] #6705 'Add message_formattings column to issue table'...
2024.01.29 21:07:06 INFO  web[][DbMigrations] #6705 'Add message_formattings column to issue table': success | time=7ms
2024.01.29 21:07:06 INFO  web[][DbMigrations] #6706 'Create scim_users table'...
2024.01.29 21:07:06 INFO  web[][DbMigrations] #6706 'Create scim_users table': success | time=4ms
2024.01.29 21:07:06 INFO  web[][DbMigrations] #6707 'Create unique index on scim_users.user_uuid'...
2024.01.29 21:07:06 INFO  web[][DbMigrations] #6707 'Create unique index on scim_users.user_uuid': success | time=4ms
2024.01.29 21:07:06 INFO  web[][DbMigrations] #6800 'Add node_name column to ce_activity table'...
2024.01.29 21:07:06 INFO  web[][DbMigrations] #6800 'Add node_name column to ce_activity table': success | time=7ms
2024.01.29 21:07:06 INFO  web[][DbMigrations] #6801 'Delete all analysis cache'...
2024.01.29 21:07:06 INFO  web[][DbMigrations] #6801 'Delete all analysis cache': success | time=5ms
2024.01.29 21:07:06 INFO  web[][DbMigrations] #6802 'Change user_uuid field size to 255 for audit table'...
2024.01.29 21:07:06 INFO  web[][DbMigrations] #6802 'Change user_uuid field size to 255 for audit table': success | time=3ms
2024.01.29 21:07:06 INFO  web[][DbMigrations] #6803 'Add ncloc to 'Projects' table'...
2024.01.29 21:07:06 INFO  web[][DbMigrations] #6803 'Add ncloc to 'Projects' table': success | time=5ms
2024.01.29 21:07:06 INFO  web[][DbMigrations] #6804 'Populate ncloc in 'Projects' table'...
2024.01.29 21:07:06 INFO  web[][o.s.s.p.d.m.s.MassUpdate] 0 rows processed (0 items/sec)
2024.01.29 21:07:06 INFO  web[][DbMigrations] #6804 'Populate ncloc in 'Projects' table': success | time=9ms
2024.01.29 21:07:06 INFO  web[][DbMigrations] Executed DB migrations: success | time=1230ms
2024.01.29 21:07:06 INFO  web[][o.s.s.p.Platform] Database has been automatically updated
2024.01.29 21:07:06 INFO  web[][o.s.s.p.w.MasterServletFilter] Initializing servlet filter org.sonar.server.platform.web.WebServiceFilter@2dcd0e41 [pattern=UrlPattern{inclusions=[/api/system/migrate_db.*, ...], exclusions=[/api/components/update_key, ...]}]
2024.01.29 21:07:06 INFO  web[][o.s.s.p.DetectPluginChange] Detect plugin changes
2024.01.29 21:07:06 INFO  web[][o.s.s.a.EmbeddedTomcat] HTTP connector enabled on port 9000
2024.01.29 21:07:07 INFO  web[][o.s.s.e.IndexCreator] Create index [metadatas]
2024.01.29 21:07:08 INFO  web[][o.s.s.e.IndexCreator] Create type metadatas/metadata
2024.01.29 21:07:08 INFO  web[][o.s.s.e.IndexCreator] Create index [components]
2024.01.29 21:07:09 INFO  web[][o.s.s.e.IndexCreator] Create type components/auth
2024.01.29 21:07:09 INFO  web[][o.s.s.e.IndexCreator] Create index [projectmeasures]
2024.01.29 21:07:10 INFO  web[][o.s.s.e.IndexCreator] Create type projectmeasures/auth
2024.01.29 21:07:10 INFO  web[][o.s.s.e.IndexCreator] Create index [rules]
2024.01.29 21:07:11 INFO  web[][o.s.s.e.IndexCreator] Create type rules/rule
2024.01.29 21:07:11 INFO  web[][o.s.s.e.IndexCreator] Create index [issues]
2024.01.29 21:07:12 INFO  web[][o.s.s.e.IndexCreator] Create type issues/auth
2024.01.29 21:07:12 INFO  web[][o.s.s.e.IndexCreator] Create index [users]
2024.01.29 21:07:12 INFO  web[][o.s.s.e.IndexCreator] Create type users/user
2024.01.29 21:07:12 INFO  web[][o.s.s.e.IndexCreator] Create index [views]
2024.01.29 21:07:13 INFO  web[][o.s.s.e.IndexCreator] Create type views/view
2024.01.29 21:07:13 INFO  web[][o.s.s.s.LogServerId] Server ID: 147B411E-AY1XDBXz8qxzLZkzkljz
2024.01.29 21:07:13 WARN  web[][o.s.s.a.LogOAuthWarning] For security reasons, OAuth authentication should use HTTPS. You should set the property 'Administration > Configuration > Server base URL' to a HTTPS URL.
2024.01.29 21:07:13 INFO  web[][o.s.s.p.UpdateCenterClient] Update center: https://update.sonarsource.org/update-center.properties
2024.01.29 21:07:14 WARN  web[][o.s.a.s.w.WebService$Action] The response example is not set on action saml/validation_init
2024.01.29 21:07:14 WARN  web[][o.s.a.s.w.WebService$Action] The response example is not set on action api/system/liveness
2024.01.29 21:07:14 WARN  web[][o.s.a.s.w.WebService$Action] The response example is not set on action api/plugins/download
2024.01.29 21:07:14 WARN  web[][o.s.a.s.w.WebService$Action] The response example is not set on action api/analysis_cache/get
2024.01.29 21:07:14 WARN  web[][o.s.a.s.w.WebService$Action] The response example is not set on action api/alm_integrations/check_pat
2024.01.29 21:07:14 WARN  web[][o.s.a.s.w.WebService$Action] The response example is not set on action api/push/sonarlint_events
2024.01.29 21:07:14 INFO  web[][o.s.s.a.p.ExpiredSessionsCleaner] Purge of expired session tokens has removed 0 elements
2024.01.29 21:07:14 INFO  web[][o.s.s.a.p.ExpiredSessionsCleaner] Purge of expired SAML message ids has removed 0 elements
2024.01.29 21:07:14 INFO  web[][o.s.s.n.NotificationDaemon] Notification service started (delay 60 sec.)
2024.01.29 21:07:14 INFO  web[][o.s.s.t.TelemetryDaemon] Sharing of SonarQube statistics is enabled.
2024.01.29 21:07:14 INFO  web[][o.s.s.s.GeneratePluginIndex] Generate scanner plugin index
2024.01.29 21:07:14 INFO  web[][o.s.s.s.RegisterMetrics] Register metrics
2024.01.29 21:07:15 INFO  web[][o.s.s.q.RegisterQualityGates] Built-in quality gate's conditions of [Sonar way] has been updated
2024.01.29 21:07:15 INFO  web[][o.s.s.r.RegisterRules] Register rules
2024.01.29 21:07:51 INFO  web[][o.s.s.q.b.BuiltInQProfileRepositoryImpl] Load quality profiles
2024.01.29 21:07:51 INFO  web[][o.s.s.q.RegisterQualityProfiles] Register quality profiles
2024.01.29 21:07:51 INFO  web[][o.s.s.q.RegisterQualityProfiles] Register profile kubernetes/Sonar way
2024.01.29 21:07:51 INFO  web[][o.s.s.q.RegisterQualityProfiles] Register profile css/Sonar way
2024.01.29 21:07:52 INFO  web[][o.s.s.q.RegisterQualityProfiles] Register profile scala/Sonar way
2024.01.29 21:07:52 INFO  web[][o.s.s.q.RegisterQualityProfiles] Register profile jsp/Sonar way
2024.01.29 21:07:52 INFO  web[][o.s.s.q.RegisterQualityProfiles] Register profile kotlin/Sonar way
2024.01.29 21:07:52 INFO  web[][o.s.s.q.RegisterQualityProfiles] Register profile go/Sonar way
2024.01.29 21:07:52 INFO  web[][o.s.s.q.RegisterQualityProfiles] Register profile js/Sonar way
2024.01.29 21:07:53 INFO  web[][o.s.s.q.RegisterQualityProfiles] Register profile py/Sonar way
2024.01.29 21:07:54 INFO  web[][o.s.s.q.RegisterQualityProfiles] Register profile secrets/Sonar way
2024.01.29 21:07:54 INFO  web[][o.s.s.q.RegisterQualityProfiles] Register profile ruby/Sonar way
2024.01.29 21:07:54 INFO  web[][o.s.s.q.RegisterQualityProfiles] Register profile docker/Sonar way
2024.01.29 21:07:55 INFO  web[][o.s.s.q.RegisterQualityProfiles] Register profile cs/Sonar way
2024.01.29 21:07:56 INFO  web[][o.s.s.q.RegisterQualityProfiles] Register profile java/Sonar way
2024.01.29 21:07:57 INFO  web[][o.s.s.q.RegisterQualityProfiles] Register profile web/Sonar way
2024.01.29 21:07:57 INFO  web[][o.s.s.q.RegisterQualityProfiles] Register profile xml/Sonar way
2024.01.29 21:07:57 INFO  web[][o.s.s.q.RegisterQualityProfiles] Register profile flex/Sonar way
2024.01.29 21:07:58 INFO  web[][o.s.s.q.RegisterQualityProfiles] Register profile json/Sonar way
2024.01.29 21:07:58 INFO  web[][o.s.s.q.RegisterQualityProfiles] Register profile php/Sonar way
2024.01.29 21:07:58 INFO  web[][o.s.s.q.RegisterQualityProfiles] Register profile terraform/Sonar way
2024.01.29 21:07:58 INFO  web[][o.s.s.q.RegisterQualityProfiles] Register profile text/Sonar way
2024.01.29 21:07:58 INFO  web[][o.s.s.q.RegisterQualityProfiles] Register profile vbnet/Sonar way
2024.01.29 21:07:59 INFO  web[][o.s.s.q.RegisterQualityProfiles] Register profile cloudformation/Sonar way
2024.01.29 21:07:59 INFO  web[][o.s.s.q.RegisterQualityProfiles] Register profile yaml/Sonar way
2024.01.29 21:07:59 INFO  web[][o.s.s.q.RegisterQualityProfiles] Register profile ts/Sonar way
2024.01.29 21:08:00 INFO  web[][o.s.s.s.RegisterPermissionTemplates] Register permission templates
2024.01.29 21:08:00 INFO  web[][o.s.s.s.RenameDeprecatedPropertyKeys] Rename deprecated property keys
2024.01.29 21:08:00 INFO  web[][o.s.s.s.RegisterPlugins] Register plugins
2024.01.29 21:08:00 INFO  web[][o.s.s.p.w.MasterServletFilter] Initializing servlet filter org.sonar.server.platform.web.SonarLintConnectionFilter@551ac1f5 [pattern=UrlPattern{inclusions=[/api/*], exclusions=[]}]
2024.01.29 21:08:00 INFO  web[][o.s.s.p.w.MasterServletFilter] Initializing servlet filter org.sonar.server.platform.web.WebServiceFilter@4552609f [pattern=UrlPattern{inclusions=[/api/issues/delete_comment.*, ...], exclusions=[/api/authentication/login.*, ...]}]
2024.01.29 21:08:00 INFO  web[][o.s.s.p.w.MasterServletFilter] Initializing servlet filter org.sonar.server.platform.web.WebServiceReroutingFilter@2302ef44 [pattern=UrlPattern{inclusions=[/api/components/bulk_update_key, ...], exclusions=[]}]
2024.01.29 21:08:00 INFO  web[][o.s.s.p.w.MasterServletFilter] Initializing servlet filter org.sonar.server.authentication.DefaultAdminCredentialsVerifierFilter@1c72d7d3 [pattern=UrlPattern{inclusions=[/*], exclusions=[*.css, ...]}]
2024.01.29 21:08:00 INFO  web[][o.s.s.p.w.MasterServletFilter] Initializing servlet filter org.sonar.server.authentication.InitFilter@1fe4b8c1 [pattern=UrlPattern{inclusions=[/sessions/init/*], exclusions=[]}]
2024.01.29 21:08:00 INFO  web[][o.s.s.p.w.MasterServletFilter] Initializing servlet filter org.sonar.server.authentication.SamlValidationRedirectionFilter@49e4753a [pattern=UrlPattern{inclusions=[/oauth2/callback/saml], exclusions=[]}]
2024.01.29 21:08:00 INFO  web[][o.s.s.p.w.MasterServletFilter] Initializing servlet filter org.sonar.server.authentication.OAuth2CallbackFilter@7d28cb8d [pattern=UrlPattern{inclusions=[/oauth2/callback/*], exclusions=[]}]
2024.01.29 21:08:00 INFO  web[][o.s.s.p.w.MasterServletFilter] Initializing servlet filter org.sonar.server.authentication.ResetPasswordFilter@77ee57b4 [pattern=UrlPattern{inclusions=[/*], exclusions=[*.css, ...]}]
2024.01.29 21:08:00 INFO  web[][o.s.s.p.w.MasterServletFilter] Initializing servlet filter org.sonar.server.authentication.ws.LoginAction@638978cd [pattern=UrlPattern{inclusions=[/api/authentication/login], exclusions=[]}]
2024.01.29 21:08:00 INFO  web[][o.s.s.p.w.MasterServletFilter] Initializing servlet filter org.sonar.server.authentication.ws.LogoutAction@6055f71c [pattern=UrlPattern{inclusions=[/api/authentication/logout], exclusions=[]}]
2024.01.29 21:08:00 INFO  web[][o.s.s.p.w.MasterServletFilter] Initializing servlet filter org.sonar.server.authentication.ws.ValidateAction@3e864ff0 [pattern=UrlPattern{inclusions=[/api/authentication/validate], exclusions=[]}]
2024.01.29 21:08:00 INFO  web[][o.s.s.p.w.MasterServletFilter] Initializing servlet filter org.sonar.server.saml.ws.ValidationInitAction@d97a995 [pattern=UrlPattern{inclusions=[/saml/validation_init], exclusions=[]}]
2024.01.29 21:08:00 INFO  web[][o.s.s.p.w.MasterServletFilter] Initializing servlet filter org.sonar.server.saml.ws.ValidationAction@2d0cd6d2 [pattern=UrlPattern{inclusions=[/saml/validation], exclusions=[]}]
2024.01.29 21:08:00 INFO  web[][o.s.s.p.w.MasterServletFilter] Initializing servlet filter org.sonar.server.user.ws.ChangePasswordAction@4df6db38 [pattern=UrlPattern{inclusions=[/api/users/change_password], exclusions=[]}]
2024.01.29 21:08:00 INFO  web[][o.s.s.p.w.MasterServletFilter] Initializing servlet filter org.sonar.server.plugins.PluginsRiskConsentFilter@27d12a19 [pattern=UrlPattern{inclusions=[/*], exclusions=[*.css, ...]}]
2024.01.29 21:08:00 INFO  web[][o.s.s.e.IndexerStartupTask] Indexing of type [users/user]...
2024.01.29 21:08:00 INFO  web[][o.s.s.e.IndexerStartupTask] Indexing of type [users/user] done | time=651ms
2024.01.29 21:08:00 INFO  web[][o.s.s.e.IndexerStartupTask] Indexing of type [projectmeasures/auth/projectmeasure]...
2024.01.29 21:08:01 INFO  web[][o.s.s.e.IndexerStartupTask] Indexing of type [projectmeasures/auth/projectmeasure] done | time=243ms
2024.01.29 21:08:01 INFO  web[][o.s.s.e.IndexerStartupTask] Indexing of type [components/auth/component]...
2024.01.29 21:08:01 INFO  web[][o.s.s.e.IndexerStartupTask] Indexing of type [components/auth/component] done | time=219ms
2024.01.29 21:08:01 INFO  web[][o.s.s.e.IndexerStartupTask] Indexing of type [views/view]...
2024.01.29 21:08:01 INFO  web[][o.s.s.e.IndexerStartupTask] Indexing of type [views/view] done | time=503ms
2024.01.29 21:08:01 INFO  web[][o.s.s.e.IndexerStartupTask] Trigger asynchronous indexing of type [issues/auth/issue]...
2024.01.29 21:08:01 INFO  web[][o.s.s.i.i.AsyncIssueIndexingImpl] 0 pending indexation task found to be deleted...
2024.01.29 21:08:01 INFO  web[][o.s.s.i.i.AsyncIssueIndexingImpl] 0 completed indexation task found to be deleted...
2024.01.29 21:08:01 INFO  web[][o.s.s.i.i.AsyncIssueIndexingImpl] Indexation task deletion complete.
2024.01.29 21:08:01 INFO  web[][o.s.s.i.i.AsyncIssueIndexingImpl] Deleting tasks characteristics...
2024.01.29 21:08:01 INFO  web[][o.s.s.i.i.AsyncIssueIndexingImpl] Tasks characteristics deletion complete.
2024.01.29 21:08:01 INFO  web[][o.s.s.i.i.AsyncIssueIndexingImpl] 0 branch found in need of issue sync.
2024.01.29 21:08:02 INFO  web[][o.s.s.e.IndexerStartupTask] Trigger asynchronous indexing of type [issues/auth/issue] done | time=149ms
2024.01.29 21:08:02 INFO  web[][o.s.s.e.IndexerStartupTask] Indexing of types [components/auth],[projectmeasures/auth],[issues/auth]...
2024.01.29 21:08:02 INFO  web[][o.s.s.e.IndexerStartupTask] Indexing of types [components/auth],[projectmeasures/auth],[issues/auth] done | time=377ms
2024.01.29 21:08:02 INFO  web[][o.s.s.q.ProjectsInWarningDaemon] Counting number of projects in warning is enabled.
2024.01.29 21:08:02 INFO  web[][o.s.s.p.p.PlatformLevelStartup] Running Community Edition
2024.01.29 21:08:02 INFO  web[][o.s.s.q.ProjectsInWarningDaemon] Counting number of projects in warning will be disabled as there are no more projects in warning.
2024.01.29 21:08:03 INFO  web[][o.s.s.p.Platform] Web Server is operational
2024.01.29 21:26:59 INFO  web[][o.s.p.ProcessEntryPoint] Gracefully stopping process
2024.01.29 21:27:00 INFO  web[][o.s.s.n.NotificationDaemon] Notification service stopped
2024.01.29 21:27:00 INFO  web[][c.z.h.HikariDataSource] HikariPool-1 - Shutdown initiated...
2024.01.29 21:27:02 INFO  web[][c.z.h.HikariDataSource] HikariPool-1 - Shutdown completed.
2024.01.29 21:27:02 INFO  web[][o.s.s.p.d.EmbeddedDatabase] Embedded database stopped
2024.01.29 21:27:02 INFO  web[][o.s.s.app.WebServer] Web Server stopped
2024.01.29 21:31:20 INFO  web[][o.s.p.ProcessEntryPoint] Starting Web Server
2024.01.29 21:31:21 INFO  web[][o.s.s.p.LogServerVersion] SonarQube Server / 9.9.3.79811 / 4fefd8061afc12c43078b4cee31db2e4618b4fd6
2024.01.29 21:31:22 INFO  web[][o.s.s.p.d.EmbeddedDatabase] Starting embedded database on port 9092 with url jdbc:h2:tcp://127.0.0.1:9092/sonar;NON_KEYWORDS=VALUE
2024.01.29 21:31:22 INFO  web[][o.s.s.p.d.EmbeddedDatabase] Embedded database started. Data stored in: /opt/sonarqube/data
2024.01.29 21:31:22 INFO  web[][o.sonar.db.Database] Create JDBC data source for jdbc:h2:tcp://127.0.0.1:9092/sonar;NON_KEYWORDS=VALUE
2024.01.29 21:31:22 INFO  web[][c.z.h.HikariDataSource] HikariPool-1 - Starting...
2024.01.29 21:31:22 INFO  web[][c.z.h.p.HikariPool] HikariPool-1 - Added connection conn2: url=jdbc:h2:tcp://127.0.0.1:9092/sonar user=
2024.01.29 21:31:22 INFO  web[][c.z.h.HikariDataSource] HikariPool-1 - Start completed.
2024.01.29 21:31:22 WARN  web[][o.s.db.dialect.H2] H2 database should be used for evaluation purpose only.
2024.01.29 21:31:23 INFO  web[][o.s.s.p.ServerFileSystemImpl] SonarQube home: /opt/sonarqube
2024.01.29 21:31:23 INFO  web[][o.s.s.u.SystemPasscodeImpl] System authentication by passcode is disabled
2024.01.29 21:31:23 INFO  web[][o.s.s.p.ServerPluginManager] Deploy C# Code Quality and Security / 8.51.0.59060 / e14c642f118958f22fd08841dc42f9aae480366a
2024.01.29 21:31:23 INFO  web[][o.s.s.p.ServerPluginManager] Deploy Configuration detection fot Code Quality and Security / 1.2.0.267 / 4f37ba9ffb37a96d5883e52ad392ed32c5c6eaab
2024.01.29 21:31:23 INFO  web[][o.s.s.p.ServerPluginManager] Deploy Flex Code Quality and Security / 2.8.0.3166 / 01f66bdddc678966c81a9064ed139156a6a89c97
2024.01.29 21:31:23 INFO  web[][o.s.s.p.ServerPluginManager] Deploy Go Code Quality and Security / 1.11.0.3905 / e1f28bc000e04ca01881e84218d01d464a17a36f
2024.01.29 21:31:23 INFO  web[][o.s.s.p.ServerPluginManager] Deploy HTML Code Quality and Security / 3.7.1.3306 / d720acc6860c6d8b69ec4d17570a398a1e216da1
2024.01.29 21:31:23 INFO  web[][o.s.s.p.ServerPluginManager] Deploy IaC Code Quality and Security / 1.11.0.2847 / 6892bd3a7320b3c110717acfdb18c4c7451069fd
2024.01.29 21:31:23 INFO  web[][o.s.s.p.ServerPluginManager] Deploy JaCoCo / 1.3.0.1538 / 74a7798c7cea687c72ed9df40c93eb7ea2a58c49
2024.01.29 21:31:23 INFO  web[][o.s.s.p.ServerPluginManager] Deploy Java Code Quality and Security / 7.16.0.30901 / 4b1436558dfd5fc00c8d9aae8bb0364ba122c73e
2024.01.29 21:31:23 INFO  web[][o.s.s.p.ServerPluginManager] Deploy JavaScript/TypeScript/CSS Code Quality and Security / 9.13.0.20537 / 68ff7657415044b86033814795ed95fc1f1558f1
2024.01.29 21:31:23 INFO  web[][o.s.s.p.ServerPluginManager] Deploy Kotlin Code Quality and Security / 2.12.0.1956 / a6df1ae252bd62d63f8673c28f87ad14258a7904
2024.01.29 21:31:23 INFO  web[][o.s.s.p.ServerPluginManager] Deploy PHP Code Quality and Security / 3.27.1.9352 / 3ddc5a03e1a7e3729d41e7c1a30a37d5715958c7
2024.01.29 21:31:23 INFO  web[][o.s.s.p.ServerPluginManager] Deploy Python Code Quality and Security / 3.24.1.11916 / cc8f4fa745eb33d31c3869bdfdfd45514e67c1fe
2024.01.29 21:31:23 INFO  web[][o.s.s.p.ServerPluginManager] Deploy Ruby Code Quality and Security / 1.11.0.3905 / e1f28bc000e04ca01881e84218d01d464a17a36f
2024.01.29 21:31:23 INFO  web[][o.s.s.p.ServerPluginManager] Deploy Scala Code Quality and Security / 1.11.0.3905 / e1f28bc000e04ca01881e84218d01d464a17a36f
2024.01.29 21:31:23 INFO  web[][o.s.s.p.ServerPluginManager] Deploy Text Code Quality and Security / 2.0.2.1090 / 7eb026363b98f5f98b43c603772b5177869c2c6a
2024.01.29 21:31:23 INFO  web[][o.s.s.p.ServerPluginManager] Deploy VB.NET Code Quality and Security / 8.51.0.59060 / e14c642f118958f22fd08841dc42f9aae480366a
2024.01.29 21:31:23 INFO  web[][o.s.s.p.ServerPluginManager] Deploy XML Code Quality and Security / 2.7.0.3820 / 656bccc1910d50c8984536bd2dfd917066b858e6
2024.01.29 21:31:27 INFO  web[][o.s.s.e.EsClientProvider] Connected to local Elasticsearch: [http://localhost:9001]
2024.01.29 21:31:27 WARN  web[][o.s.a.s.w.WebService$Action] Description is not set on action api/monitoring/metrics
2024.01.29 21:31:27 WARN  web[][o.s.a.s.w.WebService$Action] Since is not set on action api/monitoring/metrics
2024.01.29 21:31:27 WARN  web[][o.s.a.s.w.WebService$Action] The response example is not set on action api/monitoring/metrics
2024.01.29 21:31:27 WARN  web[][o.s.a.s.w.WebService$Action] The response example is not set on action api/system/liveness
2024.01.29 21:31:27 INFO  web[][o.s.s.p.w.MasterServletFilter] Initializing servlet filter org.sonar.server.platform.web.WebServiceFilter@79e10fb4 [pattern=UrlPattern{inclusions=[/api/system/migrate_db.*, ...], exclusions=[/api/components/update_key, ...]}]
2024.01.29 21:31:27 INFO  web[][o.s.s.p.DetectPluginChange] Detect plugin changes
2024.01.29 21:31:27 INFO  web[][o.s.s.p.DetectPluginChange] No plugin change detected
2024.01.29 21:31:27 INFO  web[][o.s.s.a.EmbeddedTomcat] HTTP connector enabled on port 9000
2024.01.29 21:31:29 INFO  web[][o.s.s.s.LogServerId] Server ID: 147B411E-AY1XDBXz8qxzLZkzkljz
2024.01.29 21:31:29 WARN  web[][o.s.s.a.LogOAuthWarning] For security reasons, OAuth authentication should use HTTPS. You should set the property 'Administration > Configuration > Server base URL' to a HTTPS URL.
2024.01.29 21:31:29 INFO  web[][o.s.s.p.UpdateCenterClient] Update center: https://update.sonarsource.org/update-center.properties
2024.01.29 21:31:30 WARN  web[][o.s.a.s.w.WebService$Action] The response example is not set on action saml/validation_init
2024.01.29 21:31:30 WARN  web[][o.s.a.s.w.WebService$Action] The response example is not set on action api/system/liveness
2024.01.29 21:31:30 WARN  web[][o.s.a.s.w.WebService$Action] The response example is not set on action api/plugins/download
2024.01.29 21:31:30 WARN  web[][o.s.a.s.w.WebService$Action] The response example is not set on action api/analysis_cache/get
2024.01.29 21:31:30 WARN  web[][o.s.a.s.w.WebService$Action] The response example is not set on action api/alm_integrations/check_pat
2024.01.29 21:31:30 WARN  web[][o.s.a.s.w.WebService$Action] The response example is not set on action api/push/sonarlint_events
2024.01.29 21:31:30 INFO  web[][o.s.s.a.p.ExpiredSessionsCleaner] Purge of expired session tokens has removed 0 elements
2024.01.29 21:31:30 INFO  web[][o.s.s.a.p.ExpiredSessionsCleaner] Purge of expired SAML message ids has removed 0 elements
2024.01.29 21:31:30 INFO  web[][o.s.s.n.NotificationDaemon] Notification service started (delay 60 sec.)
2024.01.29 21:31:31 INFO  web[][o.s.s.t.TelemetryDaemon] Sharing of SonarQube statistics is enabled.
2024.01.29 21:31:31 INFO  web[][o.s.s.s.GeneratePluginIndex] Generate scanner plugin index
2024.01.29 21:31:31 INFO  web[][o.s.s.s.RegisterPermissionTemplates] Register permission templates
2024.01.29 21:31:31 INFO  web[][o.s.s.s.RenameDeprecatedPropertyKeys] Rename deprecated property keys
2024.01.29 21:31:31 INFO  web[][o.s.s.s.RegisterPlugins] Register plugins
2024.01.29 21:31:31 INFO  web[][o.s.s.p.w.MasterServletFilter] Initializing servlet filter org.sonar.server.platform.web.SonarLintConnectionFilter@6a674f [pattern=UrlPattern{inclusions=[/api/*], exclusions=[]}]
2024.01.29 21:31:31 INFO  web[][o.s.s.p.w.MasterServletFilter] Initializing servlet filter org.sonar.server.platform.web.WebServiceFilter@687159de [pattern=UrlPattern{inclusions=[/api/issues/delete_comment.*, ...], exclusions=[/api/authentication/login.*, ...]}]
2024.01.29 21:31:31 INFO  web[][o.s.s.p.w.MasterServletFilter] Initializing servlet filter org.sonar.server.platform.web.WebServiceReroutingFilter@2d65183e [pattern=UrlPattern{inclusions=[/api/components/bulk_update_key, ...], exclusions=[]}]
2024.01.29 21:31:31 INFO  web[][o.s.s.p.w.MasterServletFilter] Initializing servlet filter org.sonar.server.authentication.DefaultAdminCredentialsVerifierFilter@75f27606 [pattern=UrlPattern{inclusions=[/*], exclusions=[*.css, ...]}]
2024.01.29 21:31:31 INFO  web[][o.s.s.p.w.MasterServletFilter] Initializing servlet filter org.sonar.server.authentication.InitFilter@267137e8 [pattern=UrlPattern{inclusions=[/sessions/init/*], exclusions=[]}]
2024.01.29 21:31:31 INFO  web[][o.s.s.p.w.MasterServletFilter] Initializing servlet filter org.sonar.server.authentication.SamlValidationRedirectionFilter@442c3551 [pattern=UrlPattern{inclusions=[/oauth2/callback/saml], exclusions=[]}]
2024.01.29 21:31:31 INFO  web[][o.s.s.p.w.MasterServletFilter] Initializing servlet filter org.sonar.server.authentication.OAuth2CallbackFilter@410d7102 [pattern=UrlPattern{inclusions=[/oauth2/callback/*], exclusions=[]}]
2024.01.29 21:31:31 INFO  web[][o.s.s.p.w.MasterServletFilter] Initializing servlet filter org.sonar.server.authentication.ResetPasswordFilter@27a96d63 [pattern=UrlPattern{inclusions=[/*], exclusions=[*.css, ...]}]
2024.01.29 21:31:31 INFO  web[][o.s.s.p.w.MasterServletFilter] Initializing servlet filter org.sonar.server.authentication.ws.LoginAction@bd05d51 [pattern=UrlPattern{inclusions=[/api/authentication/login], exclusions=[]}]
2024.01.29 21:31:31 INFO  web[][o.s.s.p.w.MasterServletFilter] Initializing servlet filter org.sonar.server.authentication.ws.LogoutAction@55a0c190 [pattern=UrlPattern{inclusions=[/api/authentication/logout], exclusions=[]}]
2024.01.29 21:31:31 INFO  web[][o.s.s.p.w.MasterServletFilter] Initializing servlet filter org.sonar.server.authentication.ws.ValidateAction@2fb73d9 [pattern=UrlPattern{inclusions=[/api/authentication/validate], exclusions=[]}]
2024.01.29 21:31:31 INFO  web[][o.s.s.p.w.MasterServletFilter] Initializing servlet filter org.sonar.server.saml.ws.ValidationInitAction@270c9de4 [pattern=UrlPattern{inclusions=[/saml/validation_init], exclusions=[]}]
2024.01.29 21:31:31 INFO  web[][o.s.s.p.w.MasterServletFilter] Initializing servlet filter org.sonar.server.saml.ws.ValidationAction@153d85be [pattern=UrlPattern{inclusions=[/saml/validation], exclusions=[]}]
2024.01.29 21:31:31 INFO  web[][o.s.s.p.w.MasterServletFilter] Initializing servlet filter org.sonar.server.user.ws.ChangePasswordAction@848d009 [pattern=UrlPattern{inclusions=[/api/users/change_password], exclusions=[]}]
2024.01.29 21:31:31 INFO  web[][o.s.s.p.w.MasterServletFilter] Initializing servlet filter org.sonar.server.plugins.PluginsRiskConsentFilter@2debeaec [pattern=UrlPattern{inclusions=[/*], exclusions=[*.css, ...]}]
2024.01.29 21:31:31 INFO  web[][o.s.s.q.ProjectsInWarningDaemon] Counting number of projects in warning is not started as there are no projects in this situation.
2024.01.29 21:31:31 INFO  web[][o.s.s.p.p.PlatformLevelStartup] Running Community Edition
2024.01.29 21:31:32 INFO  web[][o.s.s.p.Platform] Web Server is operational
2024.01.29 21:35:49 INFO  web[][o.s.p.ProcessEntryPoint] Gracefully stopping process
2024.01.29 21:35:49 INFO  web[][o.s.s.n.NotificationDaemon] Notification service stopped
2024.01.29 21:35:49 INFO  web[][c.z.h.HikariDataSource] HikariPool-1 - Shutdown initiated...
2024.01.29 21:35:49 INFO  web[][c.z.h.HikariDataSource] HikariPool-1 - Shutdown completed.
2024.01.29 21:35:49 INFO  web[][o.s.s.p.d.EmbeddedDatabase] Embedded database stopped
2024.01.29 21:35:49 INFO  web[][o.s.s.app.WebServer] Web Server stopped
2024.01.29 21:36:12 INFO  web[][o.s.p.ProcessEntryPoint] Starting Web Server
2024.01.29 21:36:13 INFO  web[][o.s.s.p.LogServerVersion] SonarQube Server / 9.9.3.79811 / 4fefd8061afc12c43078b4cee31db2e4618b4fd6
2024.01.29 21:36:13 INFO  web[][o.s.s.p.d.EmbeddedDatabase] Starting embedded database on port 9092 with url jdbc:h2:tcp://127.0.0.1:9092/sonar;NON_KEYWORDS=VALUE
2024.01.29 21:36:13 INFO  web[][o.s.s.p.d.EmbeddedDatabase] Embedded database started. Data stored in: /opt/sonarqube/data
2024.01.29 21:36:13 INFO  web[][o.sonar.db.Database] Create JDBC data source for jdbc:h2:tcp://127.0.0.1:9092/sonar;NON_KEYWORDS=VALUE
2024.01.29 21:36:13 INFO  web[][c.z.h.HikariDataSource] HikariPool-1 - Starting...
2024.01.29 21:36:14 INFO  web[][c.z.h.p.HikariPool] HikariPool-1 - Added connection conn2: url=jdbc:h2:tcp://127.0.0.1:9092/sonar user=
2024.01.29 21:36:14 INFO  web[][c.z.h.HikariDataSource] HikariPool-1 - Start completed.
2024.01.29 21:36:14 WARN  web[][o.s.db.dialect.H2] H2 database should be used for evaluation purpose only.
2024.01.29 21:36:15 INFO  web[][o.s.s.p.ServerFileSystemImpl] SonarQube home: /opt/sonarqube
2024.01.29 21:36:15 INFO  web[][o.s.s.u.SystemPasscodeImpl] System authentication by passcode is disabled
2024.01.29 21:36:15 INFO  web[][o.s.s.p.ServerPluginManager] Deploy C# Code Quality and Security / 8.51.0.59060 / e14c642f118958f22fd08841dc42f9aae480366a
2024.01.29 21:36:15 INFO  web[][o.s.s.p.ServerPluginManager] Deploy Configuration detection fot Code Quality and Security / 1.2.0.267 / 4f37ba9ffb37a96d5883e52ad392ed32c5c6eaab
2024.01.29 21:36:15 INFO  web[][o.s.s.p.ServerPluginManager] Deploy Flex Code Quality and Security / 2.8.0.3166 / 01f66bdddc678966c81a9064ed139156a6a89c97
2024.01.29 21:36:15 INFO  web[][o.s.s.p.ServerPluginManager] Deploy Go Code Quality and Security / 1.11.0.3905 / e1f28bc000e04ca01881e84218d01d464a17a36f
2024.01.29 21:36:15 INFO  web[][o.s.s.p.ServerPluginManager] Deploy HTML Code Quality and Security / 3.7.1.3306 / d720acc6860c6d8b69ec4d17570a398a1e216da1
2024.01.29 21:36:15 INFO  web[][o.s.s.p.ServerPluginManager] Deploy IaC Code Quality and Security / 1.11.0.2847 / 6892bd3a7320b3c110717acfdb18c4c7451069fd
2024.01.29 21:36:15 INFO  web[][o.s.s.p.ServerPluginManager] Deploy JaCoCo / 1.3.0.1538 / 74a7798c7cea687c72ed9df40c93eb7ea2a58c49
2024.01.29 21:36:15 INFO  web[][o.s.s.p.ServerPluginManager] Deploy Java Code Quality and Security / 7.16.0.30901 / 4b1436558dfd5fc00c8d9aae8bb0364ba122c73e
2024.01.29 21:36:15 INFO  web[][o.s.s.p.ServerPluginManager] Deploy JavaScript/TypeScript/CSS Code Quality and Security / 9.13.0.20537 / 68ff7657415044b86033814795ed95fc1f1558f1
2024.01.29 21:36:15 INFO  web[][o.s.s.p.ServerPluginManager] Deploy Kotlin Code Quality and Security / 2.12.0.1956 / a6df1ae252bd62d63f8673c28f87ad14258a7904
2024.01.29 21:36:15 INFO  web[][o.s.s.p.ServerPluginManager] Deploy PHP Code Quality and Security / 3.27.1.9352 / 3ddc5a03e1a7e3729d41e7c1a30a37d5715958c7
2024.01.29 21:36:15 INFO  web[][o.s.s.p.ServerPluginManager] Deploy Python Code Quality and Security / 3.24.1.11916 / cc8f4fa745eb33d31c3869bdfdfd45514e67c1fe
2024.01.29 21:36:15 INFO  web[][o.s.s.p.ServerPluginManager] Deploy Ruby Code Quality and Security / 1.11.0.3905 / e1f28bc000e04ca01881e84218d01d464a17a36f
2024.01.29 21:36:15 INFO  web[][o.s.s.p.ServerPluginManager] Deploy Scala Code Quality and Security / 1.11.0.3905 / e1f28bc000e04ca01881e84218d01d464a17a36f
2024.01.29 21:36:15 INFO  web[][o.s.s.p.ServerPluginManager] Deploy Text Code Quality and Security / 2.0.2.1090 / 7eb026363b98f5f98b43c603772b5177869c2c6a
2024.01.29 21:36:15 INFO  web[][o.s.s.p.ServerPluginManager] Deploy VB.NET Code Quality and Security / 8.51.0.59060 / e14c642f118958f22fd08841dc42f9aae480366a
2024.01.29 21:36:15 INFO  web[][o.s.s.p.ServerPluginManager] Deploy XML Code Quality and Security / 2.7.0.3820 / 656bccc1910d50c8984536bd2dfd917066b858e6
2024.01.29 21:36:17 INFO  web[][o.s.s.e.EsClientProvider] Connected to local Elasticsearch: [http://localhost:9001]
2024.01.29 21:36:17 WARN  web[][o.s.a.s.w.WebService$Action] Description is not set on action api/monitoring/metrics
2024.01.29 21:36:17 WARN  web[][o.s.a.s.w.WebService$Action] Since is not set on action api/monitoring/metrics
2024.01.29 21:36:17 WARN  web[][o.s.a.s.w.WebService$Action] The response example is not set on action api/monitoring/metrics
2024.01.29 21:36:17 WARN  web[][o.s.a.s.w.WebService$Action] The response example is not set on action api/system/liveness
2024.01.29 21:36:17 INFO  web[][o.s.s.p.w.MasterServletFilter] Initializing servlet filter org.sonar.server.platform.web.WebServiceFilter@7c71c889 [pattern=UrlPattern{inclusions=[/api/system/migrate_db.*, ...], exclusions=[/api/components/update_key, ...]}]
2024.01.29 21:36:17 INFO  web[][o.s.s.p.DetectPluginChange] Detect plugin changes
2024.01.29 21:36:17 INFO  web[][o.s.s.p.DetectPluginChange] No plugin change detected
2024.01.29 21:36:17 INFO  web[][o.s.s.a.EmbeddedTomcat] HTTP connector enabled on port 9000
2024.01.29 21:36:18 INFO  web[][o.s.s.s.LogServerId] Server ID: 147B411E-AY1XDBXz8qxzLZkzkljz
2024.01.29 21:36:18 WARN  web[][o.s.s.a.LogOAuthWarning] For security reasons, OAuth authentication should use HTTPS. You should set the property 'Administration > Configuration > Server base URL' to a HTTPS URL.
2024.01.29 21:36:19 INFO  web[][o.s.s.p.UpdateCenterClient] Update center: https://update.sonarsource.org/update-center.properties
2024.01.29 21:36:19 WARN  web[][o.s.a.s.w.WebService$Action] The response example is not set on action saml/validation_init
2024.01.29 21:36:19 WARN  web[][o.s.a.s.w.WebService$Action] The response example is not set on action api/system/liveness
2024.01.29 21:36:19 WARN  web[][o.s.a.s.w.WebService$Action] The response example is not set on action api/plugins/download
2024.01.29 21:36:19 WARN  web[][o.s.a.s.w.WebService$Action] The response example is not set on action api/analysis_cache/get
2024.01.29 21:36:19 WARN  web[][o.s.a.s.w.WebService$Action] The response example is not set on action api/alm_integrations/check_pat
2024.01.29 21:36:19 WARN  web[][o.s.a.s.w.WebService$Action] The response example is not set on action api/push/sonarlint_events
2024.01.29 21:36:19 INFO  web[][o.s.s.a.p.ExpiredSessionsCleaner] Purge of expired session tokens has removed 0 elements
2024.01.29 21:36:19 INFO  web[][o.s.s.a.p.ExpiredSessionsCleaner] Purge of expired SAML message ids has removed 0 elements
2024.01.29 21:36:19 INFO  web[][o.s.s.n.NotificationDaemon] Notification service started (delay 60 sec.)
2024.01.29 21:36:20 INFO  web[][o.s.s.t.TelemetryDaemon] Sharing of SonarQube statistics is enabled.
2024.01.29 21:36:20 INFO  web[][o.s.s.s.GeneratePluginIndex] Generate scanner plugin index
2024.01.29 21:36:20 INFO  web[][o.s.s.s.RegisterPermissionTemplates] Register permission templates
2024.01.29 21:36:20 INFO  web[][o.s.s.s.RenameDeprecatedPropertyKeys] Rename deprecated property keys
2024.01.29 21:36:20 INFO  web[][o.s.s.s.RegisterPlugins] Register plugins
2024.01.29 21:36:20 INFO  web[][o.s.s.p.w.MasterServletFilter] Initializing servlet filter org.sonar.server.platform.web.SonarLintConnectionFilter@42b2cadc [pattern=UrlPattern{inclusions=[/api/*], exclusions=[]}]
2024.01.29 21:36:20 INFO  web[][o.s.s.p.w.MasterServletFilter] Initializing servlet filter org.sonar.server.platform.web.WebServiceFilter@703691e [pattern=UrlPattern{inclusions=[/api/issues/delete_comment.*, ...], exclusions=[/api/authentication/login.*, ...]}]
2024.01.29 21:36:20 INFO  web[][o.s.s.p.w.MasterServletFilter] Initializing servlet filter org.sonar.server.platform.web.WebServiceReroutingFilter@35fd1899 [pattern=UrlPattern{inclusions=[/api/components/bulk_update_key, ...], exclusions=[]}]
2024.01.29 21:36:20 INFO  web[][o.s.s.p.w.MasterServletFilter] Initializing servlet filter org.sonar.server.authentication.DefaultAdminCredentialsVerifierFilter@19290f44 [pattern=UrlPattern{inclusions=[/*], exclusions=[*.css, ...]}]
2024.01.29 21:36:20 INFO  web[][o.s.s.p.w.MasterServletFilter] Initializing servlet filter org.sonar.server.authentication.InitFilter@4d19c297 [pattern=UrlPattern{inclusions=[/sessions/init/*], exclusions=[]}]
2024.01.29 21:36:20 INFO  web[][o.s.s.p.w.MasterServletFilter] Initializing servlet filter org.sonar.server.authentication.SamlValidationRedirectionFilter@514e09b3 [pattern=UrlPattern{inclusions=[/oauth2/callback/saml], exclusions=[]}]
2024.01.29 21:36:20 INFO  web[][o.s.s.p.w.MasterServletFilter] Initializing servlet filter org.sonar.server.authentication.OAuth2CallbackFilter@caafad3 [pattern=UrlPattern{inclusions=[/oauth2/callback/*], exclusions=[]}]
2024.01.29 21:36:20 INFO  web[][o.s.s.p.w.MasterServletFilter] Initializing servlet filter org.sonar.server.authentication.ResetPasswordFilter@5da8872d [pattern=UrlPattern{inclusions=[/*], exclusions=[*.css, ...]}]
2024.01.29 21:36:20 INFO  web[][o.s.s.p.w.MasterServletFilter] Initializing servlet filter org.sonar.server.authentication.ws.LoginAction@72e2a7ac [pattern=UrlPattern{inclusions=[/api/authentication/login], exclusions=[]}]
2024.01.29 21:36:20 INFO  web[][o.s.s.p.w.MasterServletFilter] Initializing servlet filter org.sonar.server.authentication.ws.LogoutAction@7f3877d3 [pattern=UrlPattern{inclusions=[/api/authentication/logout], exclusions=[]}]
2024.01.29 21:36:20 INFO  web[][o.s.s.p.w.MasterServletFilter] Initializing servlet filter org.sonar.server.authentication.ws.ValidateAction@64ccd60c [pattern=UrlPattern{inclusions=[/api/authentication/validate], exclusions=[]}]
2024.01.29 21:36:20 INFO  web[][o.s.s.p.w.MasterServletFilter] Initializing servlet filter org.sonar.server.saml.ws.ValidationInitAction@a908e9a [pattern=UrlPattern{inclusions=[/saml/validation_init], exclusions=[]}]
2024.01.29 21:36:20 INFO  web[][o.s.s.p.w.MasterServletFilter] Initializing servlet filter org.sonar.server.saml.ws.ValidationAction@2ad6c042 [pattern=UrlPattern{inclusions=[/saml/validation], exclusions=[]}]
2024.01.29 21:36:20 INFO  web[][o.s.s.p.w.MasterServletFilter] Initializing servlet filter org.sonar.server.user.ws.ChangePasswordAction@5ea6fb75 [pattern=UrlPattern{inclusions=[/api/users/change_password], exclusions=[]}]
2024.01.29 21:36:20 INFO  web[][o.s.s.p.w.MasterServletFilter] Initializing servlet filter org.sonar.server.plugins.PluginsRiskConsentFilter@7f046283 [pattern=UrlPattern{inclusions=[/*], exclusions=[*.css, ...]}]
2024.01.29 21:36:20 INFO  web[][o.s.s.q.ProjectsInWarningDaemon] Counting number of projects in warning is not started as there are no projects in this situation.
2024.01.29 21:36:20 INFO  web[][o.s.s.p.p.PlatformLevelStartup] Running Community Edition
2024.01.29 21:36:21 INFO  web[][o.s.s.p.Platform] Web Server is operational
2024.01.29 22:30:26 INFO  web[][o.s.p.ProcessEntryPoint] Gracefully stopping process
2024.01.29 22:30:26 INFO  web[][o.s.s.n.NotificationDaemon] Notification service stopped
2024.01.29 22:30:26 INFO  web[][c.z.h.HikariDataSource] HikariPool-1 - Shutdown initiated...
2024.01.29 22:30:26 INFO  web[][c.z.h.HikariDataSource] HikariPool-1 - Shutdown completed.
2024.01.29 22:30:26 INFO  web[][o.s.s.p.d.EmbeddedDatabase] Embedded database stopped
2024.01.29 22:30:27 INFO  web[][o.s.s.app.WebServer] Web Server stopped
