2024.02.02 18:21:38 INFO  ce[][o.s.p.ProcessEntryPoint] Gracefully stopping process
2024.02.02 18:21:39 INFO  ce[][o.s.ce.app.CeServer] Compute Engine is stopping...
2024.02.02 18:21:39 INFO  ce[][o.s.c.t.CeProcessingSchedulerImpl] Gracefully stopping workers...
2024.02.02 18:21:39 INFO  ce[][c.z.h.HikariDataSource] HikariPool-1 - Shutdown initiated...
2024.02.02 18:21:39 INFO  ce[][c.z.h.HikariDataSource] HikariPool-1 - Shutdown completed.
2024.02.02 18:21:39 INFO  ce[][o.s.ce.app.CeServer] Compute Engine is stopped
2024.02.02 18:24:48 INFO  ce[][o.s.p.ProcessEntryPoint] Starting Compute Engine
2024.02.02 18:24:48 INFO  ce[][o.s.ce.app.CeServer] Compute Engine starting up...
2024.02.02 18:24:52 INFO  ce[][o.sonar.db.Database] Create JDBC data source for jdbc:h2:tcp://127.0.0.1:9092/sonar;NON_KEYWORDS=VALUE
2024.02.02 18:24:52 INFO  ce[][c.z.h.HikariDataSource] HikariPool-1 - Starting...
2024.02.02 18:24:53 INFO  ce[][c.z.h.p.HikariPool] HikariPool-1 - Added connection conn0: url=jdbc:h2:tcp://127.0.0.1:9092/sonar user=
2024.02.02 18:24:53 INFO  ce[][c.z.h.HikariDataSource] HikariPool-1 - Start completed.
2024.02.02 18:24:53 WARN  ce[][o.s.db.dialect.H2] H2 database should be used for evaluation purpose only.
2024.02.02 18:25:04 INFO  ce[][o.s.s.p.ServerFileSystemImpl] SonarQube home: /opt/sonarqube
2024.02.02 18:25:05 INFO  ce[][o.s.c.c.CePluginRepository] Load plugins
2024.02.02 18:25:08 INFO  ce[][o.s.c.c.ComputeEngineContainerImpl] Running Community edition
2024.02.02 18:25:08 INFO  ce[][o.s.ce.app.CeServer] Compute Engine is started
2024.02.02 18:27:24 INFO  ce[][o.s.p.ProcessEntryPoint] Gracefully stopping process
2024.02.02 18:27:24 INFO  ce[][o.s.ce.app.CeServer] Compute Engine is stopping...
2024.02.02 18:27:24 INFO  ce[][o.s.c.t.CeProcessingSchedulerImpl] Gracefully stopping workers...
2024.02.02 18:27:24 INFO  ce[][c.z.h.HikariDataSource] HikariPool-1 - Shutdown initiated...
2024.02.02 18:27:24 INFO  ce[][c.z.h.HikariDataSource] HikariPool-1 - Shutdown completed.
2024.02.02 18:27:24 INFO  ce[][o.s.ce.app.CeServer] Compute Engine is stopped
2024.02.02 18:28:35 INFO  ce[][o.s.p.ProcessEntryPoint] Starting Compute Engine
2024.02.02 18:28:35 INFO  ce[][o.s.ce.app.CeServer] Compute Engine starting up...
2024.02.02 18:28:36 INFO  ce[][o.sonar.db.Database] Create JDBC data source for jdbc:h2:tcp://127.0.0.1:9092/sonar;NON_KEYWORDS=VALUE
2024.02.02 18:28:36 INFO  ce[][c.z.h.HikariDataSource] HikariPool-1 - Starting...
2024.02.02 18:28:36 INFO  ce[][c.z.h.p.HikariPool] HikariPool-1 - Added connection conn0: url=jdbc:h2:tcp://127.0.0.1:9092/sonar user=
2024.02.02 18:28:36 INFO  ce[][c.z.h.HikariDataSource] HikariPool-1 - Start completed.
2024.02.02 18:28:36 WARN  ce[][o.s.db.dialect.H2] H2 database should be used for evaluation purpose only.
2024.02.02 18:28:37 INFO  ce[][o.s.s.p.ServerFileSystemImpl] SonarQube home: /opt/sonarqube
2024.02.02 18:28:37 INFO  ce[][o.s.c.c.CePluginRepository] Load plugins
2024.02.02 18:28:38 INFO  ce[][o.s.c.c.ComputeEngineContainerImpl] Running Community edition
2024.02.02 18:28:38 INFO  ce[][o.s.ce.app.CeServer] Compute Engine is started
2024.02.02 21:50:16 INFO  ce[][o.s.c.t.CeWorkerImpl] Execute task | project=ProyectoTestv2 | type=REPORT | id=AY1rzQwYIyVHkTx4m_Xj | submitter=admin
2024.02.02 21:50:17 INFO  ce[AY1rzQwYIyVHkTx4m_Xj][o.s.c.t.s.ComputationStepExecutor] Extract report | status=SUCCESS | time=10ms
2024.02.02 21:50:17 INFO  ce[AY1rzQwYIyVHkTx4m_Xj][o.s.c.t.s.ComputationStepExecutor] Persist scanner context | status=SUCCESS | time=9ms
2024.02.02 21:50:17 INFO  ce[AY1rzQwYIyVHkTx4m_Xj][o.s.c.t.s.ComputationStepExecutor] Propagate analysis warnings from scanner report | status=SUCCESS | time=20ms
2024.02.02 21:50:17 INFO  ce[AY1rzQwYIyVHkTx4m_Xj][o.s.c.t.s.ComputationStepExecutor] Generate analysis UUID | status=SUCCESS | time=0ms
2024.02.02 21:50:17 INFO  ce[AY1rzQwYIyVHkTx4m_Xj][o.s.c.t.s.ComputationStepExecutor] Load analysis metadata | status=SUCCESS | time=86ms
2024.02.02 21:50:17 INFO  ce[AY1rzQwYIyVHkTx4m_Xj][o.s.c.t.s.ComputationStepExecutor] Initialize | status=SUCCESS | time=0ms
2024.02.02 21:50:17 INFO  ce[AY1rzQwYIyVHkTx4m_Xj][o.s.c.t.s.ComputationStepExecutor] Build tree of components | components=4 | status=SUCCESS | time=71ms
2024.02.02 21:50:17 INFO  ce[AY1rzQwYIyVHkTx4m_Xj][o.s.c.t.s.ComputationStepExecutor] Validate project | status=SUCCESS | time=6ms
2024.02.02 21:50:17 INFO  ce[AY1rzQwYIyVHkTx4m_Xj][o.s.s.e.EsClientProvider] Connected to local Elasticsearch: [http://localhost:9001]
2024.02.02 21:50:21 INFO  ce[AY1rzQwYIyVHkTx4m_Xj][o.s.c.t.s.ComputationStepExecutor] Load quality profiles | status=SUCCESS | time=3234ms
2024.02.02 21:50:21 INFO  ce[AY1rzQwYIyVHkTx4m_Xj][o.s.c.t.s.ComputationStepExecutor] Load file hashes and statuses | status=SUCCESS | time=11ms
2024.02.02 21:50:21 INFO  ce[AY1rzQwYIyVHkTx4m_Xj][o.s.c.t.s.ComputationStepExecutor] Load Quality gate | status=SUCCESS | time=13ms
2024.02.02 21:50:21 INFO  ce[AY1rzQwYIyVHkTx4m_Xj][o.s.c.t.s.ComputationStepExecutor] Load new code period | status=SUCCESS | time=21ms
2024.02.02 21:50:21 INFO  ce[AY1rzQwYIyVHkTx4m_Xj][o.s.c.t.s.ComputationStepExecutor] Detect file moves | reportFiles=3 | dbFiles=3 | addedFiles=0 | status=SUCCESS | time=8ms
2024.02.02 21:50:21 INFO  ce[AY1rzQwYIyVHkTx4m_Xj][o.s.c.t.s.ComputationStepExecutor] Detect file moves in Pull Request scope | status=SUCCESS | time=0ms
2024.02.02 21:50:21 INFO  ce[AY1rzQwYIyVHkTx4m_Xj][o.s.c.t.s.ComputationStepExecutor] Load duplications | duplications=0 | status=SUCCESS | time=3ms
2024.02.02 21:50:21 INFO  ce[AY1rzQwYIyVHkTx4m_Xj][o.s.c.t.s.ComputationStepExecutor] Compute cross project duplications | status=SUCCESS | time=0ms
2024.02.02 21:50:21 INFO  ce[AY1rzQwYIyVHkTx4m_Xj][o.s.c.t.s.ComputationStepExecutor] Compute size measures | status=SUCCESS | time=15ms
2024.02.02 21:50:21 INFO  ce[AY1rzQwYIyVHkTx4m_Xj][o.s.c.t.s.ComputationStepExecutor] Compute new coverage | status=SUCCESS | time=38ms
2024.02.02 21:50:21 INFO  ce[AY1rzQwYIyVHkTx4m_Xj][o.s.c.t.s.ComputationStepExecutor] Compute coverage measures | status=SUCCESS | time=4ms
2024.02.02 21:50:21 INFO  ce[AY1rzQwYIyVHkTx4m_Xj][o.s.c.t.s.ComputationStepExecutor] Compute comment measures | status=SUCCESS | time=1ms
2024.02.02 21:50:21 INFO  ce[AY1rzQwYIyVHkTx4m_Xj][o.s.c.t.s.ComputationStepExecutor] Compute duplication measures | status=SUCCESS | time=0ms
2024.02.02 21:50:21 INFO  ce[AY1rzQwYIyVHkTx4m_Xj][o.s.c.t.s.ComputationStepExecutor] Compute size measures on new code | status=SUCCESS | time=2ms
2024.02.02 21:50:21 INFO  ce[AY1rzQwYIyVHkTx4m_Xj][o.s.c.t.s.ComputationStepExecutor] Compute language distribution | status=SUCCESS | time=27ms
2024.02.02 21:50:21 INFO  ce[AY1rzQwYIyVHkTx4m_Xj][o.s.c.t.s.ComputationStepExecutor] Compute test measures | status=SUCCESS | time=0ms
2024.02.02 21:50:21 INFO  ce[AY1rzQwYIyVHkTx4m_Xj][o.s.c.t.s.ComputationStepExecutor] Compute complexity measures | status=SUCCESS | time=1ms
2024.02.02 21:50:21 INFO  ce[AY1rzQwYIyVHkTx4m_Xj][o.s.c.t.s.ComputationStepExecutor] Load measure computers | status=SUCCESS | time=3ms
2024.02.02 21:50:21 INFO  ce[AY1rzQwYIyVHkTx4m_Xj][o.s.c.t.s.ComputationStepExecutor] Compute Quality Profile status | status=SUCCESS | time=12ms
2024.02.02 21:50:21 INFO  ce[AY1rzQwYIyVHkTx4m_Xj][o.s.c.t.s.ComputationStepExecutor] Execute component visitors | status=SUCCESS | time=46ms
2024.02.02 21:50:21 INFO  ce[AY1rzQwYIyVHkTx4m_Xj][o.s.c.t.s.ComputationStepExecutor] Checks executed after computation of measures | status=SUCCESS | time=1ms
2024.02.02 21:50:21 INFO  ce[AY1rzQwYIyVHkTx4m_Xj][o.s.c.t.s.ComputationStepExecutor] Compute Quality Gate measures | status=SUCCESS | time=7ms
2024.02.02 21:50:21 INFO  ce[AY1rzQwYIyVHkTx4m_Xj][o.s.c.t.s.ComputationStepExecutor] Compute Quality profile measures | status=SUCCESS | time=15ms
2024.02.02 21:50:21 INFO  ce[AY1rzQwYIyVHkTx4m_Xj][o.s.c.t.s.ComputationStepExecutor] Generate Quality profile events | status=SUCCESS | time=4ms
2024.02.02 21:50:21 INFO  ce[AY1rzQwYIyVHkTx4m_Xj][o.s.c.t.s.ComputationStepExecutor] Generate Quality gate events | status=SUCCESS | time=3ms
2024.02.02 21:50:21 INFO  ce[AY1rzQwYIyVHkTx4m_Xj][o.s.c.t.s.ComputationStepExecutor] Check upgrade possibility for not analyzed code files. | status=SUCCESS | time=1ms
2024.02.02 21:50:21 INFO  ce[AY1rzQwYIyVHkTx4m_Xj][o.s.c.t.s.ComputationStepExecutor] Persist scanner analysis cache | status=SUCCESS | time=5ms
2024.02.02 21:50:21 INFO  ce[AY1rzQwYIyVHkTx4m_Xj][o.s.c.t.s.ComputationStepExecutor] Persist components | status=SUCCESS | time=14ms
2024.02.02 21:50:21 INFO  ce[AY1rzQwYIyVHkTx4m_Xj][o.s.c.t.s.ComputationStepExecutor] Persist analysis | status=SUCCESS | time=3ms
2024.02.02 21:50:21 INFO  ce[AY1rzQwYIyVHkTx4m_Xj][o.s.c.t.s.ComputationStepExecutor] Persist analysis properties | status=SUCCESS | time=6ms
2024.02.02 21:50:21 INFO  ce[AY1rzQwYIyVHkTx4m_Xj][o.s.c.t.s.ComputationStepExecutor] Persist measures | inserts=52 | status=SUCCESS | time=46ms
2024.02.02 21:50:22 INFO  ce[AY1rzQwYIyVHkTx4m_Xj][o.s.c.t.s.ComputationStepExecutor] Persist live measures | insertsOrUpdates=155 | status=SUCCESS | time=115ms
2024.02.02 21:50:22 INFO  ce[AY1rzQwYIyVHkTx4m_Xj][o.s.c.t.s.ComputationStepExecutor] Persist duplication data | insertsOrUpdates=0 | status=SUCCESS | time=1ms
2024.02.02 21:50:22 INFO  ce[AY1rzQwYIyVHkTx4m_Xj][o.s.c.t.s.ComputationStepExecutor] Persist new ad hoc Rules | status=SUCCESS | time=0ms
2024.02.02 21:50:22 INFO  ce[AY1rzQwYIyVHkTx4m_Xj][o.s.c.t.s.ComputationStepExecutor] Persist issues | cacheSize=0 bytes | inserts=0 | updates=0 | merged=0 | status=SUCCESS | time=3ms
2024.02.02 21:50:22 INFO  ce[AY1rzQwYIyVHkTx4m_Xj][o.s.c.t.s.ComputationStepExecutor] Delete issue changes | changes=0 | status=SUCCESS | time=0ms
2024.02.02 21:50:22 INFO  ce[AY1rzQwYIyVHkTx4m_Xj][o.s.c.t.s.ComputationStepExecutor] Persist project links | status=SUCCESS | time=4ms
2024.02.02 21:50:22 INFO  ce[AY1rzQwYIyVHkTx4m_Xj][o.s.c.t.s.ComputationStepExecutor] Persist events | status=SUCCESS | time=7ms
2024.02.02 21:50:22 INFO  ce[AY1rzQwYIyVHkTx4m_Xj][o.s.c.t.s.ComputationStepExecutor] Persist sources | status=SUCCESS | time=23ms
2024.02.02 21:50:22 INFO  ce[AY1rzQwYIyVHkTx4m_Xj][o.s.c.t.s.ComputationStepExecutor] Persist cross project duplications | status=SUCCESS | time=0ms
2024.02.02 21:50:22 INFO  ce[AY1rzQwYIyVHkTx4m_Xj][o.s.c.t.s.ComputationStepExecutor] Enable analysis | status=SUCCESS | time=4ms
2024.02.02 21:50:22 INFO  ce[AY1rzQwYIyVHkTx4m_Xj][o.s.c.t.s.ComputationStepExecutor] Update last usage date of quality profiles | status=SUCCESS | time=7ms
2024.02.02 21:50:22 INFO  ce[AY1rzQwYIyVHkTx4m_Xj][o.s.c.t.s.ComputationStepExecutor] Purge db | status=SUCCESS | time=179ms
2024.02.02 21:50:22 INFO  ce[AY1rzQwYIyVHkTx4m_Xj][o.s.c.t.s.ComputationStepExecutor] Index analysis | status=SUCCESS | time=440ms
2024.02.02 21:50:22 INFO  ce[AY1rzQwYIyVHkTx4m_Xj][o.s.c.t.s.ComputationStepExecutor] Update need issue sync for branch | status=SUCCESS | time=2ms
2024.02.02 21:50:22 INFO  ce[AY1rzQwYIyVHkTx4m_Xj][o.s.c.t.s.ComputationStepExecutor] Compute total Project ncloc | status=SUCCESS | time=6ms
2024.02.02 21:50:22 INFO  ce[AY1rzQwYIyVHkTx4m_Xj][o.s.c.t.s.ComputationStepExecutor] Publishing taint vulnerabilities events | status=SUCCESS | time=3ms
2024.02.02 21:50:22 INFO  ce[AY1rzQwYIyVHkTx4m_Xj][o.s.c.t.s.ComputationStepExecutor] Send issue notifications | newIssuesNotifs=0 | newIssuesDeliveries=0 | myNewIssuesNotifs=0 | myNewIssuesDeliveries=0 | changesNotifs=0 | changesDeliveries=0 | status=SUCCESS | time=5ms
2024.02.02 21:50:22 INFO  ce[AY1rzQwYIyVHkTx4m_Xj][o.s.c.t.s.ComputationStepExecutor] Publish task results | status=SUCCESS | time=0ms
2024.02.02 21:50:22 INFO  ce[AY1rzQwYIyVHkTx4m_Xj][o.s.c.t.s.ComputationStepExecutor] Trigger refresh of Portfolios and Applications | status=SUCCESS | time=0ms
2024.02.02 21:50:22 INFO  ce[AY1rzQwYIyVHkTx4m_Xj][o.s.c.t.p.a.p.PostProjectAnalysisTasksExecutor] Webhooks | globalWebhooks=1 | projectWebhooks=0 | status=SUCCESS | time=58ms
2024.02.02 21:50:22 INFO  ce[AY1rzQwYIyVHkTx4m_Xj][o.s.c.t.CeWorkerImpl] Executed task | project=ProyectoTestv2 | type=REPORT | id=AY1rzQwYIyVHkTx4m_Xj | submitter=admin | status=SUCCESS | time=5859ms
