2024.02.08 00:39:47 INFO  ce[][o.s.c.t.CeWorkerImpl] Execute task | project=ProyectoTestv2 | type=REPORT | id=AY2GKAaMYVKuUDd-2hOq | submitter=admin
2024.02.08 00:39:47 INFO  ce[AY2GKAaMYVKuUDd-2hOq][o.s.c.t.s.ComputationStepExecutor] Extract report | status=SUCCESS | time=17ms
2024.02.08 00:39:48 INFO  ce[AY2GKAaMYVKuUDd-2hOq][o.s.c.t.s.ComputationStepExecutor] Persist scanner context | status=SUCCESS | time=65ms
2024.02.08 00:39:48 INFO  ce[AY2GKAaMYVKuUDd-2hOq][o.s.c.t.s.ComputationStepExecutor] Propagate analysis warnings from scanner report | status=SUCCESS | time=40ms
2024.02.08 00:39:48 INFO  ce[AY2GKAaMYVKuUDd-2hOq][o.s.c.t.s.ComputationStepExecutor] Generate analysis UUID | status=SUCCESS | time=0ms
2024.02.08 00:39:48 INFO  ce[AY2GKAaMYVKuUDd-2hOq][o.s.c.t.s.ComputationStepExecutor] Load analysis metadata | status=SUCCESS | time=107ms
2024.02.08 00:39:48 INFO  ce[AY2GKAaMYVKuUDd-2hOq][o.s.c.t.s.ComputationStepExecutor] Initialize | status=SUCCESS | time=0ms
2024.02.08 00:39:48 INFO  ce[AY2GKAaMYVKuUDd-2hOq][o.s.c.t.s.ComputationStepExecutor] Build tree of components | components=4 | status=SUCCESS | time=69ms
2024.02.08 00:39:48 INFO  ce[AY2GKAaMYVKuUDd-2hOq][o.s.c.t.s.ComputationStepExecutor] Validate project | status=SUCCESS | time=8ms
2024.02.08 00:39:48 INFO  ce[AY2GKAaMYVKuUDd-2hOq][o.s.s.e.EsClientProvider] Connected to local Elasticsearch: [http://localhost:9001]
2024.02.08 00:39:51 INFO  ce[AY2GKAaMYVKuUDd-2hOq][o.s.c.t.s.ComputationStepExecutor] Load quality profiles | status=SUCCESS | time=3157ms
2024.02.08 00:39:51 INFO  ce[AY2GKAaMYVKuUDd-2hOq][o.s.c.t.s.ComputationStepExecutor] Load file hashes and statuses | status=SUCCESS | time=11ms
2024.02.08 00:39:51 INFO  ce[AY2GKAaMYVKuUDd-2hOq][o.s.c.t.s.ComputationStepExecutor] Load Quality gate | status=SUCCESS | time=9ms
2024.02.08 00:39:51 INFO  ce[AY2GKAaMYVKuUDd-2hOq][o.s.c.t.s.ComputationStepExecutor] Load new code period | status=SUCCESS | time=11ms
2024.02.08 00:39:51 INFO  ce[AY2GKAaMYVKuUDd-2hOq][o.s.c.t.s.ComputationStepExecutor] Detect file moves | reportFiles=3 | dbFiles=3 | addedFiles=0 | status=SUCCESS | time=7ms
2024.02.08 00:39:51 INFO  ce[AY2GKAaMYVKuUDd-2hOq][o.s.c.t.s.ComputationStepExecutor] Detect file moves in Pull Request scope | status=SUCCESS | time=0ms
2024.02.08 00:39:51 INFO  ce[AY2GKAaMYVKuUDd-2hOq][o.s.c.t.s.ComputationStepExecutor] Load duplications | duplications=0 | status=SUCCESS | time=3ms
2024.02.08 00:39:51 INFO  ce[AY2GKAaMYVKuUDd-2hOq][o.s.c.t.s.ComputationStepExecutor] Compute cross project duplications | status=SUCCESS | time=0ms
2024.02.08 00:39:51 INFO  ce[AY2GKAaMYVKuUDd-2hOq][o.s.c.t.s.ComputationStepExecutor] Compute size measures | status=SUCCESS | time=14ms
2024.02.08 00:39:51 INFO  ce[AY2GKAaMYVKuUDd-2hOq][o.s.c.t.s.ComputationStepExecutor] Compute new coverage | status=SUCCESS | time=55ms
2024.02.08 00:39:51 INFO  ce[AY2GKAaMYVKuUDd-2hOq][o.s.c.t.s.ComputationStepExecutor] Compute coverage measures | status=SUCCESS | time=4ms
2024.02.08 00:39:51 INFO  ce[AY2GKAaMYVKuUDd-2hOq][o.s.c.t.s.ComputationStepExecutor] Compute comment measures | status=SUCCESS | time=2ms
2024.02.08 00:39:51 INFO  ce[AY2GKAaMYVKuUDd-2hOq][o.s.c.t.s.ComputationStepExecutor] Compute duplication measures | status=SUCCESS | time=1ms
2024.02.08 00:39:51 INFO  ce[AY2GKAaMYVKuUDd-2hOq][o.s.c.t.s.ComputationStepExecutor] Compute size measures on new code | status=SUCCESS | time=2ms
2024.02.08 00:39:51 INFO  ce[AY2GKAaMYVKuUDd-2hOq][o.s.c.t.s.ComputationStepExecutor] Compute language distribution | status=SUCCESS | time=18ms
2024.02.08 00:39:51 INFO  ce[AY2GKAaMYVKuUDd-2hOq][o.s.c.t.s.ComputationStepExecutor] Compute test measures | status=SUCCESS | time=1ms
2024.02.08 00:39:51 INFO  ce[AY2GKAaMYVKuUDd-2hOq][o.s.c.t.s.ComputationStepExecutor] Compute complexity measures | status=SUCCESS | time=3ms
2024.02.08 00:39:51 INFO  ce[AY2GKAaMYVKuUDd-2hOq][o.s.c.t.s.ComputationStepExecutor] Load measure computers | status=SUCCESS | time=3ms
2024.02.08 00:39:51 INFO  ce[AY2GKAaMYVKuUDd-2hOq][o.s.c.t.s.ComputationStepExecutor] Compute Quality Profile status | status=SUCCESS | time=16ms
2024.02.08 00:39:52 INFO  ce[AY2GKAaMYVKuUDd-2hOq][o.s.c.t.s.ComputationStepExecutor] Execute component visitors | status=SUCCESS | time=52ms
2024.02.08 00:39:52 INFO  ce[AY2GKAaMYVKuUDd-2hOq][o.s.c.t.s.ComputationStepExecutor] Checks executed after computation of measures | status=SUCCESS | time=1ms
2024.02.08 00:39:52 INFO  ce[AY2GKAaMYVKuUDd-2hOq][o.s.c.t.s.ComputationStepExecutor] Compute Quality Gate measures | status=SUCCESS | time=10ms
2024.02.08 00:39:52 INFO  ce[AY2GKAaMYVKuUDd-2hOq][o.s.c.t.s.ComputationStepExecutor] Compute Quality profile measures | status=SUCCESS | time=3ms
2024.02.08 00:39:52 INFO  ce[AY2GKAaMYVKuUDd-2hOq][o.s.c.t.s.ComputationStepExecutor] Generate Quality profile events | status=SUCCESS | time=4ms
2024.02.08 00:39:52 INFO  ce[AY2GKAaMYVKuUDd-2hOq][o.s.c.t.s.ComputationStepExecutor] Generate Quality gate events | status=SUCCESS | time=3ms
2024.02.08 00:39:52 INFO  ce[AY2GKAaMYVKuUDd-2hOq][o.s.c.t.s.ComputationStepExecutor] Check upgrade possibility for not analyzed code files. | status=SUCCESS | time=1ms
2024.02.08 00:39:52 INFO  ce[AY2GKAaMYVKuUDd-2hOq][o.s.c.t.s.ComputationStepExecutor] Persist scanner analysis cache | status=SUCCESS | time=17ms
2024.02.08 00:39:52 INFO  ce[AY2GKAaMYVKuUDd-2hOq][o.s.c.t.s.ComputationStepExecutor] Persist components | status=SUCCESS | time=31ms
2024.02.08 00:39:52 INFO  ce[AY2GKAaMYVKuUDd-2hOq][o.s.c.t.s.ComputationStepExecutor] Persist analysis | status=SUCCESS | time=4ms
2024.02.08 00:39:52 INFO  ce[AY2GKAaMYVKuUDd-2hOq][o.s.c.t.s.ComputationStepExecutor] Persist analysis properties | status=SUCCESS | time=8ms
2024.02.08 00:39:52 INFO  ce[AY2GKAaMYVKuUDd-2hOq][o.s.c.t.s.ComputationStepExecutor] Persist measures | inserts=52 | status=SUCCESS | time=82ms
2024.02.08 00:39:52 INFO  ce[AY2GKAaMYVKuUDd-2hOq][o.s.c.t.s.ComputationStepExecutor] Persist live measures | insertsOrUpdates=155 | status=SUCCESS | time=132ms
2024.02.08 00:39:52 INFO  ce[AY2GKAaMYVKuUDd-2hOq][o.s.c.t.s.ComputationStepExecutor] Persist duplication data | insertsOrUpdates=0 | status=SUCCESS | time=1ms
2024.02.08 00:39:52 INFO  ce[AY2GKAaMYVKuUDd-2hOq][o.s.c.t.s.ComputationStepExecutor] Persist new ad hoc Rules | status=SUCCESS | time=1ms
2024.02.08 00:39:52 INFO  ce[AY2GKAaMYVKuUDd-2hOq][o.s.c.t.s.ComputationStepExecutor] Persist issues | cacheSize=0 bytes | inserts=0 | updates=0 | merged=0 | status=SUCCESS | time=3ms
2024.02.08 00:39:52 INFO  ce[AY2GKAaMYVKuUDd-2hOq][o.s.c.t.s.ComputationStepExecutor] Delete issue changes | changes=0 | status=SUCCESS | time=0ms
2024.02.08 00:39:52 INFO  ce[AY2GKAaMYVKuUDd-2hOq][o.s.c.t.s.ComputationStepExecutor] Persist project links | status=SUCCESS | time=5ms
2024.02.08 00:39:52 INFO  ce[AY2GKAaMYVKuUDd-2hOq][o.s.c.t.s.ComputationStepExecutor] Persist events | status=SUCCESS | time=8ms
2024.02.08 00:39:52 INFO  ce[AY2GKAaMYVKuUDd-2hOq][o.s.c.t.s.ComputationStepExecutor] Persist sources | status=SUCCESS | time=28ms
2024.02.08 00:39:52 INFO  ce[AY2GKAaMYVKuUDd-2hOq][o.s.c.t.s.ComputationStepExecutor] Persist cross project duplications | status=SUCCESS | time=0ms
2024.02.08 00:39:52 INFO  ce[AY2GKAaMYVKuUDd-2hOq][o.s.c.t.s.ComputationStepExecutor] Enable analysis | status=SUCCESS | time=8ms
2024.02.08 00:39:52 INFO  ce[AY2GKAaMYVKuUDd-2hOq][o.s.c.t.s.ComputationStepExecutor] Update last usage date of quality profiles | status=SUCCESS | time=11ms
2024.02.08 00:39:52 INFO  ce[AY2GKAaMYVKuUDd-2hOq][o.s.c.t.s.ComputationStepExecutor] Purge db | status=SUCCESS | time=302ms
2024.02.08 00:39:53 INFO  ce[AY2GKAaMYVKuUDd-2hOq][o.s.c.t.s.ComputationStepExecutor] Index analysis | status=SUCCESS | time=625ms
2024.02.08 00:39:53 INFO  ce[AY2GKAaMYVKuUDd-2hOq][o.s.c.t.s.ComputationStepExecutor] Update need issue sync for branch | status=SUCCESS | time=3ms
2024.02.08 00:39:53 INFO  ce[AY2GKAaMYVKuUDd-2hOq][o.s.c.t.s.ComputationStepExecutor] Compute total Project ncloc | status=SUCCESS | time=6ms
2024.02.08 00:39:53 INFO  ce[AY2GKAaMYVKuUDd-2hOq][o.s.c.t.s.ComputationStepExecutor] Publishing taint vulnerabilities events | status=SUCCESS | time=3ms
2024.02.08 00:39:53 INFO  ce[AY2GKAaMYVKuUDd-2hOq][o.s.c.t.s.ComputationStepExecutor] Send issue notifications | newIssuesNotifs=0 | newIssuesDeliveries=0 | myNewIssuesNotifs=0 | myNewIssuesDeliveries=0 | changesNotifs=0 | changesDeliveries=0 | status=SUCCESS | time=5ms
2024.02.08 00:39:53 INFO  ce[AY2GKAaMYVKuUDd-2hOq][o.s.c.t.s.ComputationStepExecutor] Publish task results | status=SUCCESS | time=1ms
2024.02.08 00:39:53 INFO  ce[AY2GKAaMYVKuUDd-2hOq][o.s.c.t.s.ComputationStepExecutor] Trigger refresh of Portfolios and Applications | status=SUCCESS | time=0ms
2024.02.08 00:39:53 INFO  ce[AY2GKAaMYVKuUDd-2hOq][o.s.c.t.p.a.p.PostProjectAnalysisTasksExecutor] Webhooks | globalWebhooks=1 | projectWebhooks=0 | status=SUCCESS | time=69ms
2024.02.08 00:39:53 INFO  ce[AY2GKAaMYVKuUDd-2hOq][o.s.c.t.CeWorkerImpl] Executed task | project=ProyectoTestv2 | type=REPORT | id=AY2GKAaMYVKuUDd-2hOq | submitter=admin | status=SUCCESS | time=6348ms
