2024.01.31 00:42:44 WARN  es[][o.e.t.ThreadPool] timer thread slept for [25.1s/25130ms] on absolute clock which is above the warn threshold of [5000ms]
2024.01.31 00:59:03 WARN  es[][o.e.t.ThreadPool] timer thread slept for [15.8m/949955ms] on absolute clock which is above the warn threshold of [5000ms]
2024.01.31 01:00:23 WARN  es[][o.e.t.ThreadPool] timer thread slept for [50s/50038ms] on absolute clock which is above the warn threshold of [5000ms]
2024.01.31 01:47:02 WARN  es[][o.e.t.ThreadPool] timer thread slept for [46.1m/2768823ms] on absolute clock which is above the warn threshold of [5000ms]
2024.01.31 01:47:57 WARN  es[][o.e.t.ThreadPool] timer thread slept for [25s/25091ms] on absolute clock which is above the warn threshold of [5000ms]
2024.01.31 02:04:18 WARN  es[][o.e.t.ThreadPool] timer thread slept for [15.8m/950829ms] on absolute clock which is above the warn threshold of [5000ms]
2024.01.31 02:05:13 WARN  es[][o.e.t.ThreadPool] timer thread slept for [25s/25091ms] on absolute clock which is above the warn threshold of [5000ms]
2024.01.31 02:48:02 WARN  es[][o.e.t.ThreadPool] timer thread slept for [42.3m/2539789ms] on absolute clock which is above the warn threshold of [5000ms]
2024.01.31 03:02:08 WARN  es[][o.e.t.ThreadPool] timer thread slept for [13.6m/816090ms] on absolute clock which is above the warn threshold of [5000ms]
2024.01.31 07:21:54 WARN  es[][o.e.t.ThreadPool] timer thread slept for [2.5h/9224224ms] on absolute clock which is above the warn threshold of [5000ms]
2024.01.31 08:50:23 WARN  es[][o.e.t.ThreadPool] timer thread slept for [1.4h/5279310ms] on absolute clock which is above the warn threshold of [5000ms]
2024.01.31 10:52:26 WARN  es[][o.e.t.ThreadPool] timer thread slept for [2h/7293739ms] on absolute clock which is above the warn threshold of [5000ms]
2024.01.31 11:26:32 WARN  es[][o.e.t.ThreadPool] timer thread slept for [33.5m/2015959ms] on absolute clock which is above the warn threshold of [5000ms]
2024.01.31 15:06:52 WARN  es[][o.e.t.ThreadPool] timer thread slept for [3.8m/229047ms] on absolute clock which is above the warn threshold of [5000ms]
2024.01.31 16:35:12 WARN  es[][o.e.t.ThreadPool] timer thread slept for [15.8m/949985ms] on absolute clock which is above the warn threshold of [5000ms]
2024.01.31 16:36:07 WARN  es[][o.e.t.ThreadPool] timer thread slept for [25.1s/25109ms] on absolute clock which is above the warn threshold of [5000ms]
2024.01.31 16:52:02 WARN  es[][o.e.t.ThreadPool] timer thread slept for [15.4m/925088ms] on absolute clock which is above the warn threshold of [5000ms]
2024.01.31 16:53:22 WARN  es[][o.e.t.ThreadPool] timer thread slept for [50s/50028ms] on absolute clock which is above the warn threshold of [5000ms]
2024.01.31 16:54:17 WARN  es[][o.e.t.ThreadPool] timer thread slept for [25.1s/25111ms] on absolute clock which is above the warn threshold of [5000ms]
2024.01.31 17:10:37 WARN  es[][o.e.t.ThreadPool] timer thread slept for [15.8m/950836ms] on absolute clock which is above the warn threshold of [5000ms]
2024.01.31 17:11:57 WARN  es[][o.e.t.ThreadPool] timer thread slept for [50s/50021ms] on absolute clock which is above the warn threshold of [5000ms]
2024.01.31 17:12:52 WARN  es[][o.e.t.ThreadPool] timer thread slept for [25.1s/25112ms] on absolute clock which is above the warn threshold of [5000ms]
