2024.04.08 17:51:06 INFO  app[][o.s.a.AppFileSystem] Cleaning or creating temp directory /opt/sonarqube/temp
2024.04.08 17:51:06 INFO  app[][o.s.a.es.EsSettings] Elasticsearch listening on [HTTP: 127.0.0.1:9001, TCP: 127.0.0.1:41959]
2024.04.08 17:51:07 INFO  app[][o.s.a.ProcessLauncherImpl] Launch process[ELASTICSEARCH] from [/opt/sonarqube/elasticsearch]: /opt/sonarqube/elasticsearch/bin/elasticsearch
2024.04.08 17:51:07 INFO  app[][o.s.a.SchedulerImpl] Waiting for Elasticsearch to be up and running
2024.04.08 17:51:13 INFO  app[][o.s.a.SchedulerImpl] Process[es] is up
2024.04.08 17:51:13 INFO  app[][o.s.a.ProcessLauncherImpl] Launch process[WEB_SERVER] from [/opt/sonarqube]: /opt/java/openjdk/bin/java -Djava.awt.headless=true -Dfile.encoding=UTF-8 -Djava.io.tmpdir=/opt/sonarqube/temp -XX:-OmitStackTraceInFastThrow --add-opens=java.base/java.util=ALL-UNNAMED --add-opens=java.base/java.lang=ALL-UNNAMED --add-opens=java.base/java.io=ALL-UNNAMED --add-opens=java.rmi/sun.rmi.transport=ALL-UNNAMED --add-exports=java.base/jdk.internal.ref=ALL-UNNAMED --add-opens=java.base/java.nio=ALL-UNNAMED --add-opens=java.base/sun.nio.ch=ALL-UNNAMED --add-opens=java.management/sun.management=ALL-UNNAMED --add-opens=jdk.management/com.sun.management.internal=ALL-UNNAMED -Dcom.redhat.fips=false -Xmx512m -Xms128m -XX:+HeapDumpOnOutOfMemoryError -Dhttp.nonProxyHosts=localhost|127.*|[::1] -cp ./lib/sonar-application-9.9.3.79811.jar:/opt/sonarqube/lib/jdbc/h2/h2-2.1.214.jar org.sonar.server.app.WebServer /opt/sonarqube/temp/sq-process6048097050759936161properties
2024.04.08 17:52:17 INFO  app[][o.s.a.SchedulerImpl] Process[web] is up
2024.04.08 17:52:17 INFO  app[][o.s.a.ProcessLauncherImpl] Launch process[COMPUTE_ENGINE] from [/opt/sonarqube]: /opt/java/openjdk/bin/java -Djava.awt.headless=true -Dfile.encoding=UTF-8 -Djava.io.tmpdir=/opt/sonarqube/temp -XX:-OmitStackTraceInFastThrow --add-opens=java.base/java.util=ALL-UNNAMED --add-exports=java.base/jdk.internal.ref=ALL-UNNAMED --add-opens=java.base/java.lang=ALL-UNNAMED --add-opens=java.base/java.nio=ALL-UNNAMED --add-opens=java.base/sun.nio.ch=ALL-UNNAMED --add-opens=java.management/sun.management=ALL-UNNAMED --add-opens=jdk.management/com.sun.management.internal=ALL-UNNAMED -Dcom.redhat.fips=false -Xmx512m -Xms128m -XX:+HeapDumpOnOutOfMemoryError -Dhttp.nonProxyHosts=localhost|127.*|[::1] -cp ./lib/sonar-application-9.9.3.79811.jar:/opt/sonarqube/lib/jdbc/h2/h2-2.1.214.jar org.sonar.ce.app.CeServer /opt/sonarqube/temp/sq-process3332707897140752712properties
2024.04.08 17:52:17 WARN  app[][startup] ####################################################################################################################
2024.04.08 17:52:17 WARN  app[][startup] Default Administrator credentials are still being used. Make sure to change the password or deactivate the account.
2024.04.08 17:52:17 WARN  app[][startup] ####################################################################################################################
2024.04.08 17:52:20 INFO  app[][o.s.a.SchedulerImpl] Process[ce] is up
2024.04.08 17:52:20 INFO  app[][o.s.a.SchedulerImpl] SonarQube is operational
2024.04.08 21:35:31 INFO  app[][o.s.a.SchedulerImpl] SQ restart requested by Process[Web Server]
2024.04.08 21:35:31 INFO  app[][o.s.a.SchedulerImpl] Sonarqube has been requested to stop
2024.04.08 21:35:31 INFO  app[][o.s.a.SchedulerImpl] Stopping [Compute Engine] process...
2024.04.08 21:35:32 INFO  app[][o.s.a.SchedulerImpl] Process[Compute Engine] is stopped
2024.04.08 21:35:32 INFO  app[][o.s.a.SchedulerImpl] Stopping [Web Server] process...
2024.04.08 21:35:34 INFO  app[][o.s.a.SchedulerImpl] Process[Web Server] is stopped
2024.04.08 21:35:34 INFO  app[][o.s.a.SchedulerImpl] Stopping [ElasticSearch] process...
2024.04.08 21:35:35 INFO  app[][o.s.a.SchedulerImpl] Process[ElasticSearch] is stopped
2024.04.08 21:35:35 INFO  app[][o.s.a.SchedulerImpl] SonarQube is restarting
2024.04.08 21:35:35 WARN  app[][o.s.a.p.AbstractManagedProcess] Process exited with exit value [ElasticSearch]: 143
2024.04.08 21:35:35 WARN  app[][o.s.a.c.AppSettingsLoaderImpl] Configuration file not found: /opt/sonarqube/conf/sonar.properties
2024.04.08 21:35:35 INFO  app[][o.s.a.AppFileSystem] Cleaning or creating temp directory /opt/sonarqube/temp
2024.04.08 21:35:36 INFO  app[][o.s.a.es.EsSettings] Elasticsearch listening on [HTTP: 127.0.0.1:9001, TCP: 127.0.0.1:41959]
2024.04.08 21:35:36 INFO  app[][o.s.a.ProcessLauncherImpl] Launch process[ELASTICSEARCH] from [/opt/sonarqube/elasticsearch]: /opt/sonarqube/elasticsearch/bin/elasticsearch
2024.04.08 21:35:36 INFO  app[][o.s.a.SchedulerImpl] Waiting for Elasticsearch to be up and running
2024.04.08 21:35:49 INFO  app[][o.s.a.SchedulerImpl] Process[es] is up
2024.04.08 21:35:49 INFO  app[][o.s.a.ProcessLauncherImpl] Launch process[WEB_SERVER] from [/opt/sonarqube]: /opt/java/openjdk/bin/java -Djava.awt.headless=true -Dfile.encoding=UTF-8 -Djava.io.tmpdir=/opt/sonarqube/temp -XX:-OmitStackTraceInFastThrow --add-opens=java.base/java.util=ALL-UNNAMED --add-opens=java.base/java.lang=ALL-UNNAMED --add-opens=java.base/java.io=ALL-UNNAMED --add-opens=java.rmi/sun.rmi.transport=ALL-UNNAMED --add-exports=java.base/jdk.internal.ref=ALL-UNNAMED --add-opens=java.base/java.nio=ALL-UNNAMED --add-opens=java.base/sun.nio.ch=ALL-UNNAMED --add-opens=java.management/sun.management=ALL-UNNAMED --add-opens=jdk.management/com.sun.management.internal=ALL-UNNAMED -Dcom.redhat.fips=false -Xmx512m -Xms128m -XX:+HeapDumpOnOutOfMemoryError -Dhttp.nonProxyHosts=localhost|127.*|[::1] -cp ./lib/sonar-application-9.9.3.79811.jar:/opt/sonarqube/lib/jdbc/h2/h2-2.1.214.jar org.sonar.server.app.WebServer /opt/sonarqube/temp/sq-process7081904942734330729properties
2024.04.08 21:36:17 INFO  app[][o.s.a.SchedulerImpl] Process[web] is up
2024.04.08 21:36:17 INFO  app[][o.s.a.ProcessLauncherImpl] Launch process[COMPUTE_ENGINE] from [/opt/sonarqube]: /opt/java/openjdk/bin/java -Djava.awt.headless=true -Dfile.encoding=UTF-8 -Djava.io.tmpdir=/opt/sonarqube/temp -XX:-OmitStackTraceInFastThrow --add-opens=java.base/java.util=ALL-UNNAMED --add-exports=java.base/jdk.internal.ref=ALL-UNNAMED --add-opens=java.base/java.lang=ALL-UNNAMED --add-opens=java.base/java.nio=ALL-UNNAMED --add-opens=java.base/sun.nio.ch=ALL-UNNAMED --add-opens=java.management/sun.management=ALL-UNNAMED --add-opens=jdk.management/com.sun.management.internal=ALL-UNNAMED -Dcom.redhat.fips=false -Xmx512m -Xms128m -XX:+HeapDumpOnOutOfMemoryError -Dhttp.nonProxyHosts=localhost|127.*|[::1] -cp ./lib/sonar-application-9.9.3.79811.jar:/opt/sonarqube/lib/jdbc/h2/h2-2.1.214.jar org.sonar.ce.app.CeServer /opt/sonarqube/temp/sq-process18291358618233033662properties
2024.04.08 21:36:23 INFO  app[][o.s.a.SchedulerImpl] Process[ce] is up
2024.04.08 21:36:23 INFO  app[][o.s.a.SchedulerImpl] SonarQube is operational
2024.04.08 22:29:44 INFO  app[][o.s.a.SchedulerImpl] SQ restart requested by Process[Web Server]
2024.04.08 22:29:44 INFO  app[][o.s.a.SchedulerImpl] Sonarqube has been requested to stop
2024.04.08 22:29:44 INFO  app[][o.s.a.SchedulerImpl] Stopping [Compute Engine] process...
2024.04.08 22:29:45 INFO  app[][o.s.a.SchedulerImpl] Process[Compute Engine] is stopped
2024.04.08 22:29:45 INFO  app[][o.s.a.SchedulerImpl] Stopping [Web Server] process...
2024.04.08 22:29:48 INFO  app[][o.s.a.SchedulerImpl] Process[Web Server] is stopped
2024.04.08 22:29:48 INFO  app[][o.s.a.SchedulerImpl] Stopping [ElasticSearch] process...
2024.04.08 22:29:48 INFO  app[][o.s.a.SchedulerImpl] Process[ElasticSearch] is stopped
2024.04.08 22:29:48 WARN  app[][o.s.a.p.AbstractManagedProcess] Process exited with exit value [ElasticSearch]: 143
2024.04.08 22:29:48 INFO  app[][o.s.a.SchedulerImpl] SonarQube is restarting
2024.04.08 22:29:48 WARN  app[][o.s.a.c.AppSettingsLoaderImpl] Configuration file not found: /opt/sonarqube/conf/sonar.properties
2024.04.08 22:29:48 INFO  app[][o.s.a.AppFileSystem] Cleaning or creating temp directory /opt/sonarqube/temp
2024.04.08 22:29:48 INFO  app[][o.s.a.es.EsSettings] Elasticsearch listening on [HTTP: 127.0.0.1:9001, TCP: 127.0.0.1:41959]
2024.04.08 22:29:48 INFO  app[][o.s.a.ProcessLauncherImpl] Launch process[ELASTICSEARCH] from [/opt/sonarqube/elasticsearch]: /opt/sonarqube/elasticsearch/bin/elasticsearch
2024.04.08 22:29:48 INFO  app[][o.s.a.SchedulerImpl] Waiting for Elasticsearch to be up and running
2024.04.08 22:30:08 INFO  app[][o.s.a.SchedulerImpl] Process[es] is up
2024.04.08 22:30:08 INFO  app[][o.s.a.ProcessLauncherImpl] Launch process[WEB_SERVER] from [/opt/sonarqube]: /opt/java/openjdk/bin/java -Djava.awt.headless=true -Dfile.encoding=UTF-8 -Djava.io.tmpdir=/opt/sonarqube/temp -XX:-OmitStackTraceInFastThrow --add-opens=java.base/java.util=ALL-UNNAMED --add-opens=java.base/java.lang=ALL-UNNAMED --add-opens=java.base/java.io=ALL-UNNAMED --add-opens=java.rmi/sun.rmi.transport=ALL-UNNAMED --add-exports=java.base/jdk.internal.ref=ALL-UNNAMED --add-opens=java.base/java.nio=ALL-UNNAMED --add-opens=java.base/sun.nio.ch=ALL-UNNAMED --add-opens=java.management/sun.management=ALL-UNNAMED --add-opens=jdk.management/com.sun.management.internal=ALL-UNNAMED -Dcom.redhat.fips=false -Xmx512m -Xms128m -XX:+HeapDumpOnOutOfMemoryError -Dhttp.nonProxyHosts=localhost|127.*|[::1] -cp ./lib/sonar-application-9.9.3.79811.jar:/opt/sonarqube/lib/jdbc/h2/h2-2.1.214.jar org.sonar.server.app.WebServer /opt/sonarqube/temp/sq-process2338223245013931516properties
2024.04.08 22:31:09 INFO  app[][o.s.a.SchedulerImpl] Process[web] is up
2024.04.08 22:31:09 INFO  app[][o.s.a.ProcessLauncherImpl] Launch process[COMPUTE_ENGINE] from [/opt/sonarqube]: /opt/java/openjdk/bin/java -Djava.awt.headless=true -Dfile.encoding=UTF-8 -Djava.io.tmpdir=/opt/sonarqube/temp -XX:-OmitStackTraceInFastThrow --add-opens=java.base/java.util=ALL-UNNAMED --add-exports=java.base/jdk.internal.ref=ALL-UNNAMED --add-opens=java.base/java.lang=ALL-UNNAMED --add-opens=java.base/java.nio=ALL-UNNAMED --add-opens=java.base/sun.nio.ch=ALL-UNNAMED --add-opens=java.management/sun.management=ALL-UNNAMED --add-opens=jdk.management/com.sun.management.internal=ALL-UNNAMED -Dcom.redhat.fips=false -Xmx512m -Xms128m -XX:+HeapDumpOnOutOfMemoryError -Dhttp.nonProxyHosts=localhost|127.*|[::1] -cp ./lib/sonar-application-9.9.3.79811.jar:/opt/sonarqube/lib/jdbc/h2/h2-2.1.214.jar org.sonar.ce.app.CeServer /opt/sonarqube/temp/sq-process16365085972117847775properties
2024.04.08 22:31:25 INFO  app[][o.s.a.SchedulerImpl] Process[ce] is up
2024.04.08 22:31:25 INFO  app[][o.s.a.SchedulerImpl] SonarQube is operational
