2024.02.02 06:39:00 WARN  web[][c.z.h.p.HikariPool] HikariPool-1 - Thread starvation or clock leap detected (housekeeper delta=57s754ms315µs591ns).
2024.02.02 17:25:28 ERROR web[][o.s.s.m.ElasticSearchMetricTask] Failed to query ES status
org.sonar.server.es.ElasticsearchException: Fail to execute es request
	at org.sonar.server.es.EsClient.execute(EsClient.java:313)
	at org.sonar.server.es.EsClient.execute(EsClient.java:305)
	at org.sonar.server.es.EsClient.nodesStats(EsClient.java:216)
	at org.sonar.server.monitoring.ElasticSearchMetricTask.updateFileSystemMetrics(ElasticSearchMetricTask.java:77)
	at org.sonar.server.monitoring.ElasticSearchMetricTask.run(ElasticSearchMetricTask.java:51)
	at java.base/java.util.concurrent.Executors$RunnableAdapter.call(Unknown Source)
	at java.base/java.util.concurrent.FutureTask.runAndReset(Unknown Source)
	at java.base/java.util.concurrent.ScheduledThreadPoolExecutor$ScheduledFutureTask.run(Unknown Source)
	at java.base/java.util.concurrent.ThreadPoolExecutor.runWorker(Unknown Source)
	at java.base/java.util.concurrent.ThreadPoolExecutor$Worker.run(Unknown Source)
	at java.base/java.lang.Thread.run(Unknown Source)
Caused by: java.net.SocketTimeoutException: 60,000 milliseconds timeout on connection http-outgoing-0 [ACTIVE]
	at org.elasticsearch.client.RestClient.extractAndWrapCause(RestClient.java:917)
	at org.elasticsearch.client.RestClient.performRequest(RestClient.java:300)
	at org.elasticsearch.client.RestClient.performRequest(RestClient.java:288)
	at org.sonar.server.es.EsClient.lambda$nodesStats$29(EsClient.java:218)
	at org.sonar.server.es.EsClient.execute(EsClient.java:311)
	... 10 common frames omitted
Caused by: java.net.SocketTimeoutException: 60,000 milliseconds timeout on connection http-outgoing-0 [ACTIVE]
	at org.apache.http.nio.protocol.HttpAsyncRequestExecutor.timeout(HttpAsyncRequestExecutor.java:387)
	at org.apache.http.impl.nio.client.InternalIODispatch.onTimeout(InternalIODispatch.java:92)
	at org.apache.http.impl.nio.client.InternalIODispatch.onTimeout(InternalIODispatch.java:39)
	at org.apache.http.impl.nio.reactor.AbstractIODispatch.timeout(AbstractIODispatch.java:175)
	at org.apache.http.impl.nio.reactor.BaseIOReactor.sessionTimedOut(BaseIOReactor.java:261)
	at org.apache.http.impl.nio.reactor.AbstractIOReactor.timeoutCheck(AbstractIOReactor.java:502)
	at org.apache.http.impl.nio.reactor.BaseIOReactor.validate(BaseIOReactor.java:211)
	at org.apache.http.impl.nio.reactor.AbstractIOReactor.execute(AbstractIOReactor.java:280)
	at org.apache.http.impl.nio.reactor.BaseIOReactor.execute(BaseIOReactor.java:104)
	at org.apache.http.impl.nio.reactor.AbstractMultiworkerIOReactor$Worker.run(AbstractMultiworkerIOReactor.java:591)
	... 1 common frames omitted
2024.02.02 18:12:19 INFO  web[AY1lkTc/ndq3QY2aAAAk][o.s.u.c.UpdateCenter] The plugin 'config' version : 1.2.0.267 has not been found on the update center.
2024.02.02 18:12:19 INFO  web[AY1lkTc/ndq3QY2aAAAk][o.s.u.c.UpdateCenter] The plugin 'csharp' version : 8.51.0.59060 has not been found on the update center.
2024.02.02 18:12:19 INFO  web[AY1lkTc/ndq3QY2aAAAk][o.s.u.c.UpdateCenter] The plugin 'flex' version : 2.8.0.3166 has not been found on the update center.
2024.02.02 18:12:19 INFO  web[AY1lkTc/ndq3QY2aAAAk][o.s.u.c.UpdateCenter] The plugin 'go' version : 1.11.0.3905 has not been found on the update center.
2024.02.02 18:12:19 INFO  web[AY1lkTc/ndq3QY2aAAAk][o.s.u.c.UpdateCenter] The plugin 'iac' version : 1.11.0.2847 has not been found on the update center.
2024.02.02 18:12:19 INFO  web[AY1lkTc/ndq3QY2aAAAk][o.s.u.c.UpdateCenter] The plugin 'jacoco' version : 1.3.0.1538 has not been found on the update center.
2024.02.02 18:12:19 INFO  web[AY1lkTc/ndq3QY2aAAAk][o.s.u.c.UpdateCenter] The plugin 'java' version : 7.16.0.30901 has not been found on the update center.
2024.02.02 18:12:19 INFO  web[AY1lkTc/ndq3QY2aAAAk][o.s.u.c.UpdateCenter] The plugin 'javascript' version : 9.13.0.20537 has not been found on the update center.
2024.02.02 18:12:19 INFO  web[AY1lkTc/ndq3QY2aAAAk][o.s.u.c.UpdateCenter] The plugin 'kotlin' version : 2.12.0.1956 has not been found on the update center.
2024.02.02 18:12:19 INFO  web[AY1lkTc/ndq3QY2aAAAk][o.s.u.c.UpdateCenter] The plugin 'php' version : 3.27.1.9352 has not been found on the update center.
2024.02.02 18:12:19 INFO  web[AY1lkTc/ndq3QY2aAAAk][o.s.u.c.UpdateCenter] The plugin 'python' version : 3.24.1.11916 has not been found on the update center.
2024.02.02 18:12:19 INFO  web[AY1lkTc/ndq3QY2aAAAk][o.s.u.c.UpdateCenter] The plugin 'ruby' version : 1.11.0.3905 has not been found on the update center.
2024.02.02 18:12:19 INFO  web[AY1lkTc/ndq3QY2aAAAk][o.s.u.c.UpdateCenter] The plugin 'sonarscala' version : 1.11.0.3905 has not been found on the update center.
2024.02.02 18:12:19 INFO  web[AY1lkTc/ndq3QY2aAAAk][o.s.u.c.UpdateCenter] The plugin 'text' version : 2.0.2.1090 has not been found on the update center.
2024.02.02 18:12:19 INFO  web[AY1lkTc/ndq3QY2aAAAk][o.s.u.c.UpdateCenter] The plugin 'vbnet' version : 8.51.0.59060 has not been found on the update center.
2024.02.02 18:12:19 INFO  web[AY1lkTc/ndq3QY2aAAAk][o.s.u.c.UpdateCenter] The plugin 'web' version : 3.7.1.3306 has not been found on the update center.
2024.02.02 18:12:19 INFO  web[AY1lkTc/ndq3QY2aAAAk][o.s.u.c.UpdateCenter] The plugin 'xml' version : 2.7.0.3820 has not been found on the update center.
2024.02.02 18:12:19 INFO  web[AY1lkTc/ndq3QY2aAAAk][o.s.u.c.UpdateCenter] The plugin 'config' version : 1.2.0.267 has not been found on the update center.
2024.02.02 18:12:19 INFO  web[AY1lkTc/ndq3QY2aAAAk][o.s.u.c.UpdateCenter] The plugin 'csharp' version : 8.51.0.59060 has not been found on the update center.
2024.02.02 18:12:19 INFO  web[AY1lkTc/ndq3QY2aAAAk][o.s.u.c.UpdateCenter] The plugin 'flex' version : 2.8.0.3166 has not been found on the update center.
2024.02.02 18:12:19 INFO  web[AY1lkTc/ndq3QY2aAAAk][o.s.u.c.UpdateCenter] The plugin 'go' version : 1.11.0.3905 has not been found on the update center.
2024.02.02 18:12:19 INFO  web[AY1lkTc/ndq3QY2aAAAk][o.s.u.c.UpdateCenter] The plugin 'iac' version : 1.11.0.2847 has not been found on the update center.
2024.02.02 18:12:19 INFO  web[AY1lkTc/ndq3QY2aAAAk][o.s.u.c.UpdateCenter] The plugin 'jacoco' version : 1.3.0.1538 has not been found on the update center.
2024.02.02 18:12:19 INFO  web[AY1lkTc/ndq3QY2aAAAk][o.s.u.c.UpdateCenter] The plugin 'java' version : 7.16.0.30901 has not been found on the update center.
2024.02.02 18:12:19 INFO  web[AY1lkTc/ndq3QY2aAAAk][o.s.u.c.UpdateCenter] The plugin 'javascript' version : 9.13.0.20537 has not been found on the update center.
2024.02.02 18:12:19 INFO  web[AY1lkTc/ndq3QY2aAAAk][o.s.u.c.UpdateCenter] The plugin 'kotlin' version : 2.12.0.1956 has not been found on the update center.
2024.02.02 18:12:19 INFO  web[AY1lkTc/ndq3QY2aAAAk][o.s.u.c.UpdateCenter] The plugin 'php' version : 3.27.1.9352 has not been found on the update center.
2024.02.02 18:12:19 INFO  web[AY1lkTc/ndq3QY2aAAAk][o.s.u.c.UpdateCenter] The plugin 'python' version : 3.24.1.11916 has not been found on the update center.
2024.02.02 18:12:19 INFO  web[AY1lkTc/ndq3QY2aAAAk][o.s.u.c.UpdateCenter] The plugin 'ruby' version : 1.11.0.3905 has not been found on the update center.
2024.02.02 18:12:19 INFO  web[AY1lkTc/ndq3QY2aAAAk][o.s.u.c.UpdateCenter] The plugin 'sonarscala' version : 1.11.0.3905 has not been found on the update center.
2024.02.02 18:12:19 INFO  web[AY1lkTc/ndq3QY2aAAAk][o.s.u.c.UpdateCenter] The plugin 'text' version : 2.0.2.1090 has not been found on the update center.
2024.02.02 18:12:19 INFO  web[AY1lkTc/ndq3QY2aAAAk][o.s.u.c.UpdateCenter] The plugin 'vbnet' version : 8.51.0.59060 has not been found on the update center.
2024.02.02 18:12:19 INFO  web[AY1lkTc/ndq3QY2aAAAk][o.s.u.c.UpdateCenter] The plugin 'web' version : 3.7.1.3306 has not been found on the update center.
2024.02.02 18:12:19 INFO  web[AY1lkTc/ndq3QY2aAAAk][o.s.u.c.UpdateCenter] The plugin 'xml' version : 2.7.0.3820 has not been found on the update center.
2024.02.02 18:12:19 INFO  web[AY1lkTc/ndq3QY2aAAAk][o.s.u.c.UpdateCenter] The plugin 'config' version : 1.2.0.267 has not been found on the update center.
2024.02.02 18:12:19 INFO  web[AY1lkTc/ndq3QY2aAAAk][o.s.u.c.UpdateCenter] The plugin 'csharp' version : 8.51.0.59060 has not been found on the update center.
2024.02.02 18:12:19 INFO  web[AY1lkTc/ndq3QY2aAAAk][o.s.u.c.UpdateCenter] The plugin 'flex' version : 2.8.0.3166 has not been found on the update center.
2024.02.02 18:12:19 INFO  web[AY1lkTc/ndq3QY2aAAAk][o.s.u.c.UpdateCenter] The plugin 'go' version : 1.11.0.3905 has not been found on the update center.
2024.02.02 18:12:19 INFO  web[AY1lkTc/ndq3QY2aAAAk][o.s.u.c.UpdateCenter] The plugin 'iac' version : 1.11.0.2847 has not been found on the update center.
2024.02.02 18:12:19 INFO  web[AY1lkTc/ndq3QY2aAAAk][o.s.u.c.UpdateCenter] The plugin 'jacoco' version : 1.3.0.1538 has not been found on the update center.
2024.02.02 18:12:19 INFO  web[AY1lkTc/ndq3QY2aAAAk][o.s.u.c.UpdateCenter] The plugin 'java' version : 7.16.0.30901 has not been found on the update center.
2024.02.02 18:12:19 INFO  web[AY1lkTc/ndq3QY2aAAAk][o.s.u.c.UpdateCenter] The plugin 'javascript' version : 9.13.0.20537 has not been found on the update center.
2024.02.02 18:12:19 INFO  web[AY1lkTc/ndq3QY2aAAAk][o.s.u.c.UpdateCenter] The plugin 'kotlin' version : 2.12.0.1956 has not been found on the update center.
2024.02.02 18:12:19 INFO  web[AY1lkTc/ndq3QY2aAAAk][o.s.u.c.UpdateCenter] The plugin 'php' version : 3.27.1.9352 has not been found on the update center.
2024.02.02 18:12:19 INFO  web[AY1lkTc/ndq3QY2aAAAk][o.s.u.c.UpdateCenter] The plugin 'python' version : 3.24.1.11916 has not been found on the update center.
2024.02.02 18:12:19 INFO  web[AY1lkTc/ndq3QY2aAAAk][o.s.u.c.UpdateCenter] The plugin 'ruby' version : 1.11.0.3905 has not been found on the update center.
2024.02.02 18:12:19 INFO  web[AY1lkTc/ndq3QY2aAAAk][o.s.u.c.UpdateCenter] The plugin 'sonarscala' version : 1.11.0.3905 has not been found on the update center.
2024.02.02 18:12:19 INFO  web[AY1lkTc/ndq3QY2aAAAk][o.s.u.c.UpdateCenter] The plugin 'text' version : 2.0.2.1090 has not been found on the update center.
2024.02.02 18:12:19 INFO  web[AY1lkTc/ndq3QY2aAAAk][o.s.u.c.UpdateCenter] The plugin 'vbnet' version : 8.51.0.59060 has not been found on the update center.
2024.02.02 18:12:19 INFO  web[AY1lkTc/ndq3QY2aAAAk][o.s.u.c.UpdateCenter] The plugin 'web' version : 3.7.1.3306 has not been found on the update center.
2024.02.02 18:12:19 INFO  web[AY1lkTc/ndq3QY2aAAAk][o.s.u.c.UpdateCenter] The plugin 'xml' version : 2.7.0.3820 has not been found on the update center.
2024.02.02 18:12:19 INFO  web[AY1lkTc/ndq3QY2aAAAk][o.s.u.c.UpdateCenter] The plugin 'config' version : 1.2.0.267 has not been found on the update center.
2024.02.02 18:12:19 INFO  web[AY1lkTc/ndq3QY2aAAAk][o.s.u.c.UpdateCenter] The plugin 'csharp' version : 8.51.0.59060 has not been found on the update center.
2024.02.02 18:12:19 INFO  web[AY1lkTc/ndq3QY2aAAAk][o.s.u.c.UpdateCenter] The plugin 'flex' version : 2.8.0.3166 has not been found on the update center.
2024.02.02 18:12:19 INFO  web[AY1lkTc/ndq3QY2aAAAk][o.s.u.c.UpdateCenter] The plugin 'go' version : 1.11.0.3905 has not been found on the update center.
2024.02.02 18:12:19 INFO  web[AY1lkTc/ndq3QY2aAAAk][o.s.u.c.UpdateCenter] The plugin 'iac' version : 1.11.0.2847 has not been found on the update center.
2024.02.02 18:12:19 INFO  web[AY1lkTc/ndq3QY2aAAAk][o.s.u.c.UpdateCenter] The plugin 'jacoco' version : 1.3.0.1538 has not been found on the update center.
2024.02.02 18:12:19 INFO  web[AY1lkTc/ndq3QY2aAAAk][o.s.u.c.UpdateCenter] The plugin 'java' version : 7.16.0.30901 has not been found on the update center.
2024.02.02 18:12:19 INFO  web[AY1lkTc/ndq3QY2aAAAk][o.s.u.c.UpdateCenter] The plugin 'javascript' version : 9.13.0.20537 has not been found on the update center.
2024.02.02 18:12:19 INFO  web[AY1lkTc/ndq3QY2aAAAk][o.s.u.c.UpdateCenter] The plugin 'kotlin' version : 2.12.0.1956 has not been found on the update center.
2024.02.02 18:12:19 INFO  web[AY1lkTc/ndq3QY2aAAAk][o.s.u.c.UpdateCenter] The plugin 'php' version : 3.27.1.9352 has not been found on the update center.
2024.02.02 18:12:19 INFO  web[AY1lkTc/ndq3QY2aAAAk][o.s.u.c.UpdateCenter] The plugin 'python' version : 3.24.1.11916 has not been found on the update center.
2024.02.02 18:12:19 INFO  web[AY1lkTc/ndq3QY2aAAAk][o.s.u.c.UpdateCenter] The plugin 'ruby' version : 1.11.0.3905 has not been found on the update center.
2024.02.02 18:12:19 INFO  web[AY1lkTc/ndq3QY2aAAAk][o.s.u.c.UpdateCenter] The plugin 'sonarscala' version : 1.11.0.3905 has not been found on the update center.
2024.02.02 18:12:19 INFO  web[AY1lkTc/ndq3QY2aAAAk][o.s.u.c.UpdateCenter] The plugin 'text' version : 2.0.2.1090 has not been found on the update center.
2024.02.02 18:12:19 INFO  web[AY1lkTc/ndq3QY2aAAAk][o.s.u.c.UpdateCenter] The plugin 'vbnet' version : 8.51.0.59060 has not been found on the update center.
2024.02.02 18:12:19 INFO  web[AY1lkTc/ndq3QY2aAAAk][o.s.u.c.UpdateCenter] The plugin 'web' version : 3.7.1.3306 has not been found on the update center.
2024.02.02 18:12:19 INFO  web[AY1lkTc/ndq3QY2aAAAk][o.s.u.c.UpdateCenter] The plugin 'xml' version : 2.7.0.3820 has not been found on the update center.
2024.02.02 18:12:19 INFO  web[AY1lkTc/ndq3QY2aAAAk][o.s.u.c.UpdateCenter] The plugin 'config' version : 1.2.0.267 has not been found on the update center.
2024.02.02 18:12:19 INFO  web[AY1lkTc/ndq3QY2aAAAk][o.s.u.c.UpdateCenter] The plugin 'csharp' version : 8.51.0.59060 has not been found on the update center.
2024.02.02 18:12:19 INFO  web[AY1lkTc/ndq3QY2aAAAk][o.s.u.c.UpdateCenter] The plugin 'flex' version : 2.8.0.3166 has not been found on the update center.
2024.02.02 18:12:19 INFO  web[AY1lkTc/ndq3QY2aAAAk][o.s.u.c.UpdateCenter] The plugin 'go' version : 1.11.0.3905 has not been found on the update center.
2024.02.02 18:12:19 INFO  web[AY1lkTc/ndq3QY2aAAAk][o.s.u.c.UpdateCenter] The plugin 'iac' version : 1.11.0.2847 has not been found on the update center.
2024.02.02 18:12:19 INFO  web[AY1lkTc/ndq3QY2aAAAk][o.s.u.c.UpdateCenter] The plugin 'jacoco' version : 1.3.0.1538 has not been found on the update center.
2024.02.02 18:12:19 INFO  web[AY1lkTc/ndq3QY2aAAAk][o.s.u.c.UpdateCenter] The plugin 'java' version : 7.16.0.30901 has not been found on the update center.
2024.02.02 18:12:19 INFO  web[AY1lkTc/ndq3QY2aAAAk][o.s.u.c.UpdateCenter] The plugin 'javascript' version : 9.13.0.20537 has not been found on the update center.
2024.02.02 18:12:19 INFO  web[AY1lkTc/ndq3QY2aAAAk][o.s.u.c.UpdateCenter] The plugin 'kotlin' version : 2.12.0.1956 has not been found on the update center.
2024.02.02 18:12:19 INFO  web[AY1lkTc/ndq3QY2aAAAk][o.s.u.c.UpdateCenter] The plugin 'php' version : 3.27.1.9352 has not been found on the update center.
2024.02.02 18:12:19 INFO  web[AY1lkTc/ndq3QY2aAAAk][o.s.u.c.UpdateCenter] The plugin 'python' version : 3.24.1.11916 has not been found on the update center.
2024.02.02 18:12:19 INFO  web[AY1lkTc/ndq3QY2aAAAk][o.s.u.c.UpdateCenter] The plugin 'ruby' version : 1.11.0.3905 has not been found on the update center.
2024.02.02 18:12:19 INFO  web[AY1lkTc/ndq3QY2aAAAk][o.s.u.c.UpdateCenter] The plugin 'sonarscala' version : 1.11.0.3905 has not been found on the update center.
2024.02.02 18:12:19 INFO  web[AY1lkTc/ndq3QY2aAAAk][o.s.u.c.UpdateCenter] The plugin 'text' version : 2.0.2.1090 has not been found on the update center.
2024.02.02 18:12:19 INFO  web[AY1lkTc/ndq3QY2aAAAk][o.s.u.c.UpdateCenter] The plugin 'vbnet' version : 8.51.0.59060 has not been found on the update center.
2024.02.02 18:12:19 INFO  web[AY1lkTc/ndq3QY2aAAAk][o.s.u.c.UpdateCenter] The plugin 'web' version : 3.7.1.3306 has not been found on the update center.
2024.02.02 18:12:19 INFO  web[AY1lkTc/ndq3QY2aAAAk][o.s.u.c.UpdateCenter] The plugin 'xml' version : 2.7.0.3820 has not been found on the update center.
2024.02.02 18:18:37 INFO  web[][o.a.c.h.Http11Processor] The host [my_sonarqube_int:9000] is not valid\n Note: further occurrences of request parsing errors will be logged at DEBUG level.
java.lang.IllegalArgumentException: The character [_] is never valid in a domain name.
	at org.apache.tomcat.util.http.parser.HttpParser$DomainParseState.next(HttpParser.java:1045)
	at org.apache.tomcat.util.http.parser.HttpParser.readHostDomainName(HttpParser.java:931)
	at org.apache.tomcat.util.http.parser.Host.parse(Host.java:67)
	at org.apache.tomcat.util.http.parser.Host.parse(Host.java:43)
	at org.apache.coyote.AbstractProcessor.parseHost(AbstractProcessor.java:297)
	at org.apache.coyote.http11.Http11Processor.prepareRequest(Http11Processor.java:784)
	at org.apache.coyote.http11.Http11Processor.service(Http11Processor.java:367)
	at org.apache.coyote.AbstractProcessorLight.process(AbstractProcessorLight.java:63)
	at org.apache.coyote.AbstractProtocol$ConnectionHandler.process(AbstractProtocol.java:928)
	at org.apache.tomcat.util.net.NioEndpoint$SocketProcessor.doRun(NioEndpoint.java:1794)
	at org.apache.tomcat.util.net.SocketProcessorBase.run(SocketProcessorBase.java:52)
	at org.apache.tomcat.util.threads.ThreadPoolExecutor.runWorker(ThreadPoolExecutor.java:1191)
	at org.apache.tomcat.util.threads.ThreadPoolExecutor$Worker.run(ThreadPoolExecutor.java:659)
	at org.apache.tomcat.util.threads.TaskThread$WrappingRunnable.run(TaskThread.java:61)
	at java.base/java.lang.Thread.run(Unknown Source)
2024.02.02 18:21:39 INFO  web[][o.s.p.ProcessEntryPoint] Gracefully stopping process
2024.02.02 18:21:39 INFO  web[][o.s.s.n.NotificationDaemon] Notification service stopped
2024.02.02 18:21:39 INFO  web[][c.z.h.HikariDataSource] HikariPool-1 - Shutdown initiated...
2024.02.02 18:21:39 INFO  web[][c.z.h.HikariDataSource] HikariPool-1 - Shutdown completed.
2024.02.02 18:21:39 INFO  web[][o.s.s.p.d.EmbeddedDatabase] Embedded database stopped
2024.02.02 18:21:39 WARN  web[][o.a.c.l.WebappClassLoaderBase] The web application [ROOT] appears to have started a thread named [logback-1] but has failed to stop it. This is very likely to create a memory leak. Stack trace of thread:\n java.base@17.0.10/jdk.internal.misc.Unsafe.park(Native Method)\n java.base@17.0.10/java.util.concurrent.locks.LockSupport.park(Unknown Source)\n java.base@17.0.10/java.util.concurrent.locks.AbstractQueuedSynchronizer$ConditionNode.block(Unknown Source)\n java.base@17.0.10/java.util.concurrent.ForkJoinPool.unmanagedBlock(Unknown Source)\n java.base@17.0.10/java.util.concurrent.ForkJoinPool.managedBlock(Unknown Source)\n java.base@17.0.10/java.util.concurrent.locks.AbstractQueuedSynchronizer$ConditionObject.await(Unknown Source)\n java.base@17.0.10/java.util.concurrent.ScheduledThreadPoolExecutor$DelayedWorkQueue.take(Unknown Source)\n java.base@17.0.10/java.util.concurrent.ScheduledThreadPoolExecutor$DelayedWorkQueue.take(Unknown Source)\n java.base@17.0.10/java.util.concurrent.ThreadPoolExecutor.getTask(Unknown Source)\n java.base@17.0.10/java.util.concurrent.ThreadPoolExecutor.runWorker(Unknown Source)\n java.base@17.0.10/java.util.concurrent.ThreadPoolExecutor$Worker.run(Unknown Source)\n java.base@17.0.10/java.lang.Thread.run(Unknown Source)
2024.02.02 18:21:39 INFO  web[][o.s.s.app.WebServer] Web Server stopped
2024.02.02 18:24:02 INFO  web[][o.s.p.ProcessEntryPoint] Starting Web Server
2024.02.02 18:24:07 INFO  web[][o.s.s.p.LogServerVersion] SonarQube Server / 9.9.3.79811 / 4fefd8061afc12c43078b4cee31db2e4618b4fd6
2024.02.02 18:24:09 INFO  web[][o.s.s.p.d.EmbeddedDatabase] Starting embedded database on port 9092 with url jdbc:h2:tcp://127.0.0.1:9092/sonar;NON_KEYWORDS=VALUE
2024.02.02 18:24:09 INFO  web[][o.s.s.p.d.EmbeddedDatabase] Embedded database started. Data stored in: /opt/sonarqube/data
2024.02.02 18:24:09 INFO  web[][o.sonar.db.Database] Create JDBC data source for jdbc:h2:tcp://127.0.0.1:9092/sonar;NON_KEYWORDS=VALUE
2024.02.02 18:24:09 INFO  web[][c.z.h.HikariDataSource] HikariPool-1 - Starting...
2024.02.02 18:24:10 INFO  web[][c.z.h.p.HikariPool] HikariPool-1 - Added connection conn2: url=jdbc:h2:tcp://127.0.0.1:9092/sonar user=
2024.02.02 18:24:10 INFO  web[][c.z.h.HikariDataSource] HikariPool-1 - Start completed.
2024.02.02 18:24:10 WARN  web[][o.s.db.dialect.H2] H2 database should be used for evaluation purpose only.
2024.02.02 18:24:13 INFO  web[][o.s.s.p.ServerFileSystemImpl] SonarQube home: /opt/sonarqube
2024.02.02 18:24:13 INFO  web[][o.s.s.u.SystemPasscodeImpl] System authentication by passcode is disabled
2024.02.02 18:24:15 INFO  web[][o.s.s.p.ServerPluginManager] Deploy C# Code Quality and Security / 8.51.0.59060 / e14c642f118958f22fd08841dc42f9aae480366a
2024.02.02 18:24:15 INFO  web[][o.s.s.p.ServerPluginManager] Deploy Configuration detection fot Code Quality and Security / 1.2.0.267 / 4f37ba9ffb37a96d5883e52ad392ed32c5c6eaab
2024.02.02 18:24:15 INFO  web[][o.s.s.p.ServerPluginManager] Deploy Flex Code Quality and Security / 2.8.0.3166 / 01f66bdddc678966c81a9064ed139156a6a89c97
2024.02.02 18:24:15 INFO  web[][o.s.s.p.ServerPluginManager] Deploy Go Code Quality and Security / 1.11.0.3905 / e1f28bc000e04ca01881e84218d01d464a17a36f
2024.02.02 18:24:15 INFO  web[][o.s.s.p.ServerPluginManager] Deploy HTML Code Quality and Security / 3.7.1.3306 / d720acc6860c6d8b69ec4d17570a398a1e216da1
2024.02.02 18:24:15 INFO  web[][o.s.s.p.ServerPluginManager] Deploy IaC Code Quality and Security / 1.11.0.2847 / 6892bd3a7320b3c110717acfdb18c4c7451069fd
2024.02.02 18:24:15 INFO  web[][o.s.s.p.ServerPluginManager] Deploy JaCoCo / 1.3.0.1538 / 74a7798c7cea687c72ed9df40c93eb7ea2a58c49
2024.02.02 18:24:15 INFO  web[][o.s.s.p.ServerPluginManager] Deploy Java Code Quality and Security / 7.16.0.30901 / 4b1436558dfd5fc00c8d9aae8bb0364ba122c73e
2024.02.02 18:24:15 INFO  web[][o.s.s.p.ServerPluginManager] Deploy JavaScript/TypeScript/CSS Code Quality and Security / 9.13.0.20537 / 68ff7657415044b86033814795ed95fc1f1558f1
2024.02.02 18:24:15 INFO  web[][o.s.s.p.ServerPluginManager] Deploy Kotlin Code Quality and Security / 2.12.0.1956 / a6df1ae252bd62d63f8673c28f87ad14258a7904
2024.02.02 18:24:15 INFO  web[][o.s.s.p.ServerPluginManager] Deploy PHP Code Quality and Security / 3.27.1.9352 / 3ddc5a03e1a7e3729d41e7c1a30a37d5715958c7
2024.02.02 18:24:15 INFO  web[][o.s.s.p.ServerPluginManager] Deploy Python Code Quality and Security / 3.24.1.11916 / cc8f4fa745eb33d31c3869bdfdfd45514e67c1fe
2024.02.02 18:24:15 INFO  web[][o.s.s.p.ServerPluginManager] Deploy Ruby Code Quality and Security / 1.11.0.3905 / e1f28bc000e04ca01881e84218d01d464a17a36f
2024.02.02 18:24:15 INFO  web[][o.s.s.p.ServerPluginManager] Deploy Scala Code Quality and Security / 1.11.0.3905 / e1f28bc000e04ca01881e84218d01d464a17a36f
2024.02.02 18:24:15 INFO  web[][o.s.s.p.ServerPluginManager] Deploy Text Code Quality and Security / 2.0.2.1090 / 7eb026363b98f5f98b43c603772b5177869c2c6a
2024.02.02 18:24:15 INFO  web[][o.s.s.p.ServerPluginManager] Deploy VB.NET Code Quality and Security / 8.51.0.59060 / e14c642f118958f22fd08841dc42f9aae480366a
2024.02.02 18:24:15 INFO  web[][o.s.s.p.ServerPluginManager] Deploy XML Code Quality and Security / 2.7.0.3820 / 656bccc1910d50c8984536bd2dfd917066b858e6
2024.02.02 18:24:15 INFO  web[][o.s.s.p.ServerPluginManager] Deploy ecoCode - Java language / 1.5.0 / 5fb4f62da387c20ff030b38b881874bef4a47fd6
2024.02.02 18:24:15 INFO  web[][o.s.s.p.ServerPluginManager] Deploy ecoCode - Python language / 1.4.2 / c60a4757d6b0960dbdd428c1135aba71cf7b45bf
2024.02.02 18:24:15 INFO  web[][o.s.s.p.ServerPluginManager] Deploy ecoCode JavaScript plugin / 1.4.0 / null
2024.02.02 18:24:23 INFO  web[][o.s.s.e.EsClientProvider] Connected to local Elasticsearch: [http://localhost:9001]
2024.02.02 18:24:27 WARN  web[][o.s.a.s.w.WebService$Action] Description is not set on action api/monitoring/metrics
2024.02.02 18:24:27 WARN  web[][o.s.a.s.w.WebService$Action] Since is not set on action api/monitoring/metrics
2024.02.02 18:24:27 WARN  web[][o.s.a.s.w.WebService$Action] The response example is not set on action api/monitoring/metrics
2024.02.02 18:24:27 WARN  web[][o.s.a.s.w.WebService$Action] The response example is not set on action api/system/liveness
2024.02.02 18:24:27 INFO  web[][o.s.s.p.w.MasterServletFilter] Initializing servlet filter org.sonar.server.platform.web.WebServiceFilter@359ceb13 [pattern=UrlPattern{inclusions=[/api/system/migrate_db.*, ...], exclusions=[/api/components/update_key, ...]}]
2024.02.02 18:24:28 INFO  web[][o.s.s.p.DetectPluginChange] Detect plugin changes
2024.02.02 18:24:28 INFO  web[][o.s.s.p.DetectPluginChange] No plugin change detected
2024.02.02 18:24:28 INFO  web[][o.s.s.a.EmbeddedTomcat] HTTP connector enabled on port 9000
2024.02.02 18:24:36 INFO  web[][o.s.s.s.LogServerId] Server ID: 147B411E-AY1Xq68qLnx_qqp_PapM
2024.02.02 18:24:36 WARN  web[][o.s.s.a.LogOAuthWarning] For security reasons, OAuth authentication should use HTTPS. You should set the property 'Administration > Configuration > Server base URL' to a HTTPS URL.
2024.02.02 18:24:38 INFO  web[][o.s.s.p.UpdateCenterClient] Update center: https://update.sonarsource.org/update-center.properties
2024.02.02 18:24:43 WARN  web[][o.s.a.s.w.WebService$Action] The response example is not set on action saml/validation_init
2024.02.02 18:24:43 WARN  web[][o.s.a.s.w.WebService$Action] The response example is not set on action api/system/liveness
2024.02.02 18:24:43 WARN  web[][o.s.a.s.w.WebService$Action] The response example is not set on action api/plugins/download
2024.02.02 18:24:43 WARN  web[][o.s.a.s.w.WebService$Action] The response example is not set on action api/analysis_cache/get
2024.02.02 18:24:44 WARN  web[][o.s.a.s.w.WebService$Action] The response example is not set on action api/alm_integrations/check_pat
2024.02.02 18:24:44 WARN  web[][o.s.a.s.w.WebService$Action] The response example is not set on action api/push/sonarlint_events
2024.02.02 18:24:44 INFO  web[][o.s.s.a.p.ExpiredSessionsCleaner] Purge of expired session tokens has removed 0 elements
2024.02.02 18:24:44 INFO  web[][o.s.s.a.p.ExpiredSessionsCleaner] Purge of expired SAML message ids has removed 0 elements
2024.02.02 18:24:44 INFO  web[][o.s.s.n.NotificationDaemon] Notification service started (delay 60 sec.)
2024.02.02 18:24:44 INFO  web[][o.s.s.t.TelemetryDaemon] Sharing of SonarQube statistics is enabled.
2024.02.02 18:24:44 INFO  web[][o.s.s.s.GeneratePluginIndex] Generate scanner plugin index
2024.02.02 18:24:45 INFO  web[][o.s.s.s.RegisterPermissionTemplates] Register permission templates
2024.02.02 18:24:45 INFO  web[][o.s.s.s.RenameDeprecatedPropertyKeys] Rename deprecated property keys
2024.02.02 18:24:45 INFO  web[][o.s.s.s.RegisterPlugins] Register plugins
2024.02.02 18:24:45 INFO  web[][o.s.s.p.w.MasterServletFilter] Initializing servlet filter org.sonar.server.platform.web.SonarLintConnectionFilter@527648f0 [pattern=UrlPattern{inclusions=[/api/*], exclusions=[]}]
2024.02.02 18:24:45 INFO  web[][o.s.s.p.w.MasterServletFilter] Initializing servlet filter org.sonar.server.platform.web.WebServiceFilter@1ff669ee [pattern=UrlPattern{inclusions=[/api/issues/delete_comment.*, ...], exclusions=[/api/authentication/login.*, ...]}]
2024.02.02 18:24:45 INFO  web[][o.s.s.p.w.MasterServletFilter] Initializing servlet filter org.sonar.server.platform.web.WebServiceReroutingFilter@71ed2038 [pattern=UrlPattern{inclusions=[/api/components/bulk_update_key, ...], exclusions=[]}]
2024.02.02 18:24:45 INFO  web[][o.s.s.p.w.MasterServletFilter] Initializing servlet filter org.sonar.server.authentication.DefaultAdminCredentialsVerifierFilter@699bb3c8 [pattern=UrlPattern{inclusions=[/*], exclusions=[*.css, ...]}]
2024.02.02 18:24:45 INFO  web[][o.s.s.p.w.MasterServletFilter] Initializing servlet filter org.sonar.server.authentication.InitFilter@9ca57c3 [pattern=UrlPattern{inclusions=[/sessions/init/*], exclusions=[]}]
2024.02.02 18:24:45 INFO  web[][o.s.s.p.w.MasterServletFilter] Initializing servlet filter org.sonar.server.authentication.SamlValidationRedirectionFilter@25dfe60d [pattern=UrlPattern{inclusions=[/oauth2/callback/saml], exclusions=[]}]
2024.02.02 18:24:45 INFO  web[][o.s.s.p.w.MasterServletFilter] Initializing servlet filter org.sonar.server.authentication.OAuth2CallbackFilter@3dabee6e [pattern=UrlPattern{inclusions=[/oauth2/callback/*], exclusions=[]}]
2024.02.02 18:24:45 INFO  web[][o.s.s.p.w.MasterServletFilter] Initializing servlet filter org.sonar.server.authentication.ResetPasswordFilter@99a0fe0 [pattern=UrlPattern{inclusions=[/*], exclusions=[*.css, ...]}]
2024.02.02 18:24:45 INFO  web[][o.s.s.p.w.MasterServletFilter] Initializing servlet filter org.sonar.server.authentication.ws.LoginAction@26bcc755 [pattern=UrlPattern{inclusions=[/api/authentication/login], exclusions=[]}]
2024.02.02 18:24:45 INFO  web[][o.s.s.p.w.MasterServletFilter] Initializing servlet filter org.sonar.server.authentication.ws.LogoutAction@5061cd9b [pattern=UrlPattern{inclusions=[/api/authentication/logout], exclusions=[]}]
2024.02.02 18:24:45 INFO  web[][o.s.s.p.w.MasterServletFilter] Initializing servlet filter org.sonar.server.authentication.ws.ValidateAction@3e12240e [pattern=UrlPattern{inclusions=[/api/authentication/validate], exclusions=[]}]
2024.02.02 18:24:45 INFO  web[][o.s.s.p.w.MasterServletFilter] Initializing servlet filter org.sonar.server.saml.ws.ValidationInitAction@898d319 [pattern=UrlPattern{inclusions=[/saml/validation_init], exclusions=[]}]
2024.02.02 18:24:45 INFO  web[][o.s.s.p.w.MasterServletFilter] Initializing servlet filter org.sonar.server.saml.ws.ValidationAction@1fefc072 [pattern=UrlPattern{inclusions=[/saml/validation], exclusions=[]}]
2024.02.02 18:24:45 INFO  web[][o.s.s.p.w.MasterServletFilter] Initializing servlet filter org.sonar.server.user.ws.ChangePasswordAction@5235255f [pattern=UrlPattern{inclusions=[/api/users/change_password], exclusions=[]}]
2024.02.02 18:24:45 INFO  web[][o.s.s.p.w.MasterServletFilter] Initializing servlet filter org.sonar.server.plugins.PluginsRiskConsentFilter@8004e9a [pattern=UrlPattern{inclusions=[/*], exclusions=[*.css, ...]}]
2024.02.02 18:24:45 INFO  web[][o.s.s.q.ProjectsInWarningDaemon] Counting number of projects in warning is not started as there are no projects in this situation.
2024.02.02 18:24:45 INFO  web[][o.s.s.p.p.PlatformLevelStartup] Running Community Edition
2024.02.02 18:24:47 INFO  web[][o.s.s.p.Platform] Web Server is operational
2024.02.02 18:25:29 INFO  web[AY1rEO51Tu2FOqS7AAAX][o.s.u.c.UpdateCenter] The plugin 'config' version : 1.2.0.267 has not been found on the update center.
2024.02.02 18:25:29 INFO  web[AY1rEO51Tu2FOqS7AAAX][o.s.u.c.UpdateCenter] The plugin 'csharp' version : 8.51.0.59060 has not been found on the update center.
2024.02.02 18:25:29 INFO  web[AY1rEO51Tu2FOqS7AAAX][o.s.u.c.UpdateCenter] The plugin 'flex' version : 2.8.0.3166 has not been found on the update center.
2024.02.02 18:25:29 INFO  web[AY1rEO51Tu2FOqS7AAAX][o.s.u.c.UpdateCenter] The plugin 'go' version : 1.11.0.3905 has not been found on the update center.
2024.02.02 18:25:29 INFO  web[AY1rEO51Tu2FOqS7AAAX][o.s.u.c.UpdateCenter] The plugin 'iac' version : 1.11.0.2847 has not been found on the update center.
2024.02.02 18:25:29 INFO  web[AY1rEO51Tu2FOqS7AAAX][o.s.u.c.UpdateCenter] The plugin 'jacoco' version : 1.3.0.1538 has not been found on the update center.
2024.02.02 18:25:29 INFO  web[AY1rEO51Tu2FOqS7AAAX][o.s.u.c.UpdateCenter] The plugin 'java' version : 7.16.0.30901 has not been found on the update center.
2024.02.02 18:25:29 INFO  web[AY1rEO51Tu2FOqS7AAAX][o.s.u.c.UpdateCenter] The plugin 'javascript' version : 9.13.0.20537 has not been found on the update center.
2024.02.02 18:25:29 INFO  web[AY1rEO51Tu2FOqS7AAAX][o.s.u.c.UpdateCenter] The plugin 'kotlin' version : 2.12.0.1956 has not been found on the update center.
2024.02.02 18:25:29 INFO  web[AY1rEO51Tu2FOqS7AAAX][o.s.u.c.UpdateCenter] The plugin 'php' version : 3.27.1.9352 has not been found on the update center.
2024.02.02 18:25:29 INFO  web[AY1rEO51Tu2FOqS7AAAX][o.s.u.c.UpdateCenter] The plugin 'python' version : 3.24.1.11916 has not been found on the update center.
2024.02.02 18:25:29 INFO  web[AY1rEO51Tu2FOqS7AAAX][o.s.u.c.UpdateCenter] The plugin 'ruby' version : 1.11.0.3905 has not been found on the update center.
2024.02.02 18:25:29 INFO  web[AY1rEO51Tu2FOqS7AAAX][o.s.u.c.UpdateCenter] The plugin 'sonarscala' version : 1.11.0.3905 has not been found on the update center.
2024.02.02 18:25:29 INFO  web[AY1rEO51Tu2FOqS7AAAX][o.s.u.c.UpdateCenter] The plugin 'text' version : 2.0.2.1090 has not been found on the update center.
2024.02.02 18:25:29 INFO  web[AY1rEO51Tu2FOqS7AAAX][o.s.u.c.UpdateCenter] The plugin 'vbnet' version : 8.51.0.59060 has not been found on the update center.
2024.02.02 18:25:29 INFO  web[AY1rEO51Tu2FOqS7AAAX][o.s.u.c.UpdateCenter] The plugin 'web' version : 3.7.1.3306 has not been found on the update center.
2024.02.02 18:25:29 INFO  web[AY1rEO51Tu2FOqS7AAAX][o.s.u.c.UpdateCenter] The plugin 'xml' version : 2.7.0.3820 has not been found on the update center.
2024.02.02 18:25:29 INFO  web[AY1rEO51Tu2FOqS7AAAX][o.s.u.c.UpdateCenter] The plugin 'config' version : 1.2.0.267 has not been found on the update center.
2024.02.02 18:25:29 INFO  web[AY1rEO51Tu2FOqS7AAAX][o.s.u.c.UpdateCenter] The plugin 'csharp' version : 8.51.0.59060 has not been found on the update center.
2024.02.02 18:25:29 INFO  web[AY1rEO51Tu2FOqS7AAAX][o.s.u.c.UpdateCenter] The plugin 'flex' version : 2.8.0.3166 has not been found on the update center.
2024.02.02 18:25:29 INFO  web[AY1rEO51Tu2FOqS7AAAX][o.s.u.c.UpdateCenter] The plugin 'go' version : 1.11.0.3905 has not been found on the update center.
2024.02.02 18:25:29 INFO  web[AY1rEO51Tu2FOqS7AAAX][o.s.u.c.UpdateCenter] The plugin 'iac' version : 1.11.0.2847 has not been found on the update center.
2024.02.02 18:25:29 INFO  web[AY1rEO51Tu2FOqS7AAAX][o.s.u.c.UpdateCenter] The plugin 'jacoco' version : 1.3.0.1538 has not been found on the update center.
2024.02.02 18:25:29 INFO  web[AY1rEO51Tu2FOqS7AAAX][o.s.u.c.UpdateCenter] The plugin 'java' version : 7.16.0.30901 has not been found on the update center.
2024.02.02 18:25:29 INFO  web[AY1rEO51Tu2FOqS7AAAX][o.s.u.c.UpdateCenter] The plugin 'javascript' version : 9.13.0.20537 has not been found on the update center.
2024.02.02 18:25:29 INFO  web[AY1rEO51Tu2FOqS7AAAX][o.s.u.c.UpdateCenter] The plugin 'kotlin' version : 2.12.0.1956 has not been found on the update center.
2024.02.02 18:25:29 INFO  web[AY1rEO51Tu2FOqS7AAAX][o.s.u.c.UpdateCenter] The plugin 'php' version : 3.27.1.9352 has not been found on the update center.
2024.02.02 18:25:29 INFO  web[AY1rEO51Tu2FOqS7AAAX][o.s.u.c.UpdateCenter] The plugin 'python' version : 3.24.1.11916 has not been found on the update center.
2024.02.02 18:25:29 INFO  web[AY1rEO51Tu2FOqS7AAAX][o.s.u.c.UpdateCenter] The plugin 'ruby' version : 1.11.0.3905 has not been found on the update center.
2024.02.02 18:25:29 INFO  web[AY1rEO51Tu2FOqS7AAAX][o.s.u.c.UpdateCenter] The plugin 'sonarscala' version : 1.11.0.3905 has not been found on the update center.
2024.02.02 18:25:29 INFO  web[AY1rEO51Tu2FOqS7AAAX][o.s.u.c.UpdateCenter] The plugin 'text' version : 2.0.2.1090 has not been found on the update center.
2024.02.02 18:25:29 INFO  web[AY1rEO51Tu2FOqS7AAAX][o.s.u.c.UpdateCenter] The plugin 'vbnet' version : 8.51.0.59060 has not been found on the update center.
2024.02.02 18:25:29 INFO  web[AY1rEO51Tu2FOqS7AAAX][o.s.u.c.UpdateCenter] The plugin 'web' version : 3.7.1.3306 has not been found on the update center.
2024.02.02 18:25:29 INFO  web[AY1rEO51Tu2FOqS7AAAX][o.s.u.c.UpdateCenter] The plugin 'xml' version : 2.7.0.3820 has not been found on the update center.
2024.02.02 18:25:29 INFO  web[AY1rEO51Tu2FOqS7AAAX][o.s.u.c.UpdateCenter] The plugin 'config' version : 1.2.0.267 has not been found on the update center.
2024.02.02 18:25:29 INFO  web[AY1rEO51Tu2FOqS7AAAX][o.s.u.c.UpdateCenter] The plugin 'csharp' version : 8.51.0.59060 has not been found on the update center.
2024.02.02 18:25:29 INFO  web[AY1rEO51Tu2FOqS7AAAX][o.s.u.c.UpdateCenter] The plugin 'flex' version : 2.8.0.3166 has not been found on the update center.
2024.02.02 18:25:29 INFO  web[AY1rEO51Tu2FOqS7AAAX][o.s.u.c.UpdateCenter] The plugin 'go' version : 1.11.0.3905 has not been found on the update center.
2024.02.02 18:25:29 INFO  web[AY1rEO51Tu2FOqS7AAAX][o.s.u.c.UpdateCenter] The plugin 'iac' version : 1.11.0.2847 has not been found on the update center.
2024.02.02 18:25:29 INFO  web[AY1rEO51Tu2FOqS7AAAX][o.s.u.c.UpdateCenter] The plugin 'jacoco' version : 1.3.0.1538 has not been found on the update center.
2024.02.02 18:25:29 INFO  web[AY1rEO51Tu2FOqS7AAAX][o.s.u.c.UpdateCenter] The plugin 'java' version : 7.16.0.30901 has not been found on the update center.
2024.02.02 18:25:29 INFO  web[AY1rEO51Tu2FOqS7AAAX][o.s.u.c.UpdateCenter] The plugin 'javascript' version : 9.13.0.20537 has not been found on the update center.
2024.02.02 18:25:29 INFO  web[AY1rEO51Tu2FOqS7AAAX][o.s.u.c.UpdateCenter] The plugin 'kotlin' version : 2.12.0.1956 has not been found on the update center.
2024.02.02 18:25:29 INFO  web[AY1rEO51Tu2FOqS7AAAX][o.s.u.c.UpdateCenter] The plugin 'php' version : 3.27.1.9352 has not been found on the update center.
2024.02.02 18:25:29 INFO  web[AY1rEO51Tu2FOqS7AAAX][o.s.u.c.UpdateCenter] The plugin 'python' version : 3.24.1.11916 has not been found on the update center.
2024.02.02 18:25:29 INFO  web[AY1rEO51Tu2FOqS7AAAX][o.s.u.c.UpdateCenter] The plugin 'ruby' version : 1.11.0.3905 has not been found on the update center.
2024.02.02 18:25:29 INFO  web[AY1rEO51Tu2FOqS7AAAX][o.s.u.c.UpdateCenter] The plugin 'sonarscala' version : 1.11.0.3905 has not been found on the update center.
2024.02.02 18:25:29 INFO  web[AY1rEO51Tu2FOqS7AAAX][o.s.u.c.UpdateCenter] The plugin 'text' version : 2.0.2.1090 has not been found on the update center.
2024.02.02 18:25:29 INFO  web[AY1rEO51Tu2FOqS7AAAX][o.s.u.c.UpdateCenter] The plugin 'vbnet' version : 8.51.0.59060 has not been found on the update center.
2024.02.02 18:25:29 INFO  web[AY1rEO51Tu2FOqS7AAAX][o.s.u.c.UpdateCenter] The plugin 'web' version : 3.7.1.3306 has not been found on the update center.
2024.02.02 18:25:29 INFO  web[AY1rEO51Tu2FOqS7AAAX][o.s.u.c.UpdateCenter] The plugin 'xml' version : 2.7.0.3820 has not been found on the update center.
2024.02.02 18:25:29 INFO  web[AY1rEO51Tu2FOqS7AAAX][o.s.u.c.UpdateCenter] The plugin 'config' version : 1.2.0.267 has not been found on the update center.
2024.02.02 18:25:29 INFO  web[AY1rEO51Tu2FOqS7AAAX][o.s.u.c.UpdateCenter] The plugin 'csharp' version : 8.51.0.59060 has not been found on the update center.
2024.02.02 18:25:29 INFO  web[AY1rEO51Tu2FOqS7AAAX][o.s.u.c.UpdateCenter] The plugin 'flex' version : 2.8.0.3166 has not been found on the update center.
2024.02.02 18:25:29 INFO  web[AY1rEO51Tu2FOqS7AAAX][o.s.u.c.UpdateCenter] The plugin 'go' version : 1.11.0.3905 has not been found on the update center.
2024.02.02 18:25:29 INFO  web[AY1rEO51Tu2FOqS7AAAX][o.s.u.c.UpdateCenter] The plugin 'iac' version : 1.11.0.2847 has not been found on the update center.
2024.02.02 18:25:29 INFO  web[AY1rEO51Tu2FOqS7AAAX][o.s.u.c.UpdateCenter] The plugin 'jacoco' version : 1.3.0.1538 has not been found on the update center.
2024.02.02 18:25:29 INFO  web[AY1rEO51Tu2FOqS7AAAX][o.s.u.c.UpdateCenter] The plugin 'java' version : 7.16.0.30901 has not been found on the update center.
2024.02.02 18:25:29 INFO  web[AY1rEO51Tu2FOqS7AAAX][o.s.u.c.UpdateCenter] The plugin 'javascript' version : 9.13.0.20537 has not been found on the update center.
2024.02.02 18:25:29 INFO  web[AY1rEO51Tu2FOqS7AAAX][o.s.u.c.UpdateCenter] The plugin 'kotlin' version : 2.12.0.1956 has not been found on the update center.
2024.02.02 18:25:29 INFO  web[AY1rEO51Tu2FOqS7AAAX][o.s.u.c.UpdateCenter] The plugin 'php' version : 3.27.1.9352 has not been found on the update center.
2024.02.02 18:25:29 INFO  web[AY1rEO51Tu2FOqS7AAAX][o.s.u.c.UpdateCenter] The plugin 'python' version : 3.24.1.11916 has not been found on the update center.
2024.02.02 18:25:29 INFO  web[AY1rEO51Tu2FOqS7AAAX][o.s.u.c.UpdateCenter] The plugin 'ruby' version : 1.11.0.3905 has not been found on the update center.
2024.02.02 18:25:29 INFO  web[AY1rEO51Tu2FOqS7AAAX][o.s.u.c.UpdateCenter] The plugin 'sonarscala' version : 1.11.0.3905 has not been found on the update center.
2024.02.02 18:25:29 INFO  web[AY1rEO51Tu2FOqS7AAAX][o.s.u.c.UpdateCenter] The plugin 'text' version : 2.0.2.1090 has not been found on the update center.
2024.02.02 18:25:29 INFO  web[AY1rEO51Tu2FOqS7AAAX][o.s.u.c.UpdateCenter] The plugin 'vbnet' version : 8.51.0.59060 has not been found on the update center.
2024.02.02 18:25:29 INFO  web[AY1rEO51Tu2FOqS7AAAX][o.s.u.c.UpdateCenter] The plugin 'web' version : 3.7.1.3306 has not been found on the update center.
2024.02.02 18:25:29 INFO  web[AY1rEO51Tu2FOqS7AAAX][o.s.u.c.UpdateCenter] The plugin 'xml' version : 2.7.0.3820 has not been found on the update center.
2024.02.02 18:25:29 INFO  web[AY1rEO51Tu2FOqS7AAAX][o.s.u.c.UpdateCenter] The plugin 'config' version : 1.2.0.267 has not been found on the update center.
2024.02.02 18:25:29 INFO  web[AY1rEO51Tu2FOqS7AAAX][o.s.u.c.UpdateCenter] The plugin 'csharp' version : 8.51.0.59060 has not been found on the update center.
2024.02.02 18:25:29 INFO  web[AY1rEO51Tu2FOqS7AAAX][o.s.u.c.UpdateCenter] The plugin 'flex' version : 2.8.0.3166 has not been found on the update center.
2024.02.02 18:25:29 INFO  web[AY1rEO51Tu2FOqS7AAAX][o.s.u.c.UpdateCenter] The plugin 'go' version : 1.11.0.3905 has not been found on the update center.
2024.02.02 18:25:29 INFO  web[AY1rEO51Tu2FOqS7AAAX][o.s.u.c.UpdateCenter] The plugin 'iac' version : 1.11.0.2847 has not been found on the update center.
2024.02.02 18:25:29 INFO  web[AY1rEO51Tu2FOqS7AAAX][o.s.u.c.UpdateCenter] The plugin 'jacoco' version : 1.3.0.1538 has not been found on the update center.
2024.02.02 18:25:29 INFO  web[AY1rEO51Tu2FOqS7AAAX][o.s.u.c.UpdateCenter] The plugin 'java' version : 7.16.0.30901 has not been found on the update center.
2024.02.02 18:25:29 INFO  web[AY1rEO51Tu2FOqS7AAAX][o.s.u.c.UpdateCenter] The plugin 'javascript' version : 9.13.0.20537 has not been found on the update center.
2024.02.02 18:25:29 INFO  web[AY1rEO51Tu2FOqS7AAAX][o.s.u.c.UpdateCenter] The plugin 'kotlin' version : 2.12.0.1956 has not been found on the update center.
2024.02.02 18:25:29 INFO  web[AY1rEO51Tu2FOqS7AAAX][o.s.u.c.UpdateCenter] The plugin 'php' version : 3.27.1.9352 has not been found on the update center.
2024.02.02 18:25:29 INFO  web[AY1rEO51Tu2FOqS7AAAX][o.s.u.c.UpdateCenter] The plugin 'python' version : 3.24.1.11916 has not been found on the update center.
2024.02.02 18:25:29 INFO  web[AY1rEO51Tu2FOqS7AAAX][o.s.u.c.UpdateCenter] The plugin 'ruby' version : 1.11.0.3905 has not been found on the update center.
2024.02.02 18:25:29 INFO  web[AY1rEO51Tu2FOqS7AAAX][o.s.u.c.UpdateCenter] The plugin 'sonarscala' version : 1.11.0.3905 has not been found on the update center.
2024.02.02 18:25:29 INFO  web[AY1rEO51Tu2FOqS7AAAX][o.s.u.c.UpdateCenter] The plugin 'text' version : 2.0.2.1090 has not been found on the update center.
2024.02.02 18:25:29 INFO  web[AY1rEO51Tu2FOqS7AAAX][o.s.u.c.UpdateCenter] The plugin 'vbnet' version : 8.51.0.59060 has not been found on the update center.
2024.02.02 18:25:29 INFO  web[AY1rEO51Tu2FOqS7AAAX][o.s.u.c.UpdateCenter] The plugin 'web' version : 3.7.1.3306 has not been found on the update center.
2024.02.02 18:25:29 INFO  web[AY1rEO51Tu2FOqS7AAAX][o.s.u.c.UpdateCenter] The plugin 'xml' version : 2.7.0.3820 has not been found on the update center.
2024.02.02 18:27:24 INFO  web[][o.s.p.ProcessEntryPoint] Gracefully stopping process
2024.02.02 18:27:24 INFO  web[][o.s.s.n.NotificationDaemon] Notification service stopped
2024.02.02 18:27:24 INFO  web[][c.z.h.HikariDataSource] HikariPool-1 - Shutdown initiated...
2024.02.02 18:27:24 INFO  web[][c.z.h.HikariDataSource] HikariPool-1 - Shutdown completed.
2024.02.02 18:27:24 INFO  web[][o.s.s.p.d.EmbeddedDatabase] Embedded database stopped
2024.02.02 18:27:24 WARN  web[][o.a.c.l.WebappClassLoaderBase] The web application [ROOT] appears to have started a thread named [OkHttp downloads.sonarsource.com] but has failed to stop it. This is very likely to create a memory leak. Stack trace of thread:\n java.base@17.0.10/sun.nio.ch.Net.poll(Native Method)\n java.base@17.0.10/sun.nio.ch.NioSocketImpl.park(Unknown Source)\n java.base@17.0.10/sun.nio.ch.NioSocketImpl.park(Unknown Source)\n java.base@17.0.10/sun.nio.ch.NioSocketImpl.implRead(Unknown Source)\n java.base@17.0.10/sun.nio.ch.NioSocketImpl.read(Unknown Source)\n java.base@17.0.10/sun.nio.ch.NioSocketImpl$1.read(Unknown Source)\n java.base@17.0.10/java.net.Socket$SocketInputStream.read(Unknown Source)\n java.base@17.0.10/sun.security.ssl.SSLSocketInputRecord.read(Unknown Source)\n java.base@17.0.10/sun.security.ssl.SSLSocketInputRecord.readHeader(Unknown Source)\n java.base@17.0.10/sun.security.ssl.SSLSocketInputRecord.bytesInCompletePacket(Unknown Source)\n java.base@17.0.10/sun.security.ssl.SSLSocketImpl.readApplicationRecord(Unknown Source)\n java.base@17.0.10/sun.security.ssl.SSLSocketImpl$AppInputStream.read(Unknown Source)\n app//okio.InputStreamSource.read(JvmOkio.kt:93)\n app//okio.AsyncTimeout$source$1.read(AsyncTimeout.kt:128)\n app//okio.RealBufferedSource.request(RealBufferedSource.kt:209)\n app//okio.RealBufferedSource.require(RealBufferedSource.kt:202)\n app//okhttp3.internal.http2.Http2Reader.nextFrame(Http2Reader.kt:89)\n app//okhttp3.internal.http2.Http2Connection$ReaderRunnable.invoke(Http2Connection.kt:618)\n app//okhttp3.internal.http2.Http2Connection$ReaderRunnable.invoke(Http2Connection.kt:609)\n app//okhttp3.internal.concurrent.TaskQueue$execute$1.runOnce(TaskQueue.kt:98)\n app//okhttp3.internal.concurrent.TaskRunner.runTask(TaskRunner.kt:116)\n app//okhttp3.internal.concurrent.TaskRunner.access$runTask(TaskRunner.kt:42)\n app//okhttp3.internal.concurrent.TaskRunner$runnable$1.run(TaskRunner.kt:65)\n java.base@17.0.10/java.util.concurrent.ThreadPoolExecutor.runWorker(Unknown Source)\n java.base@17.0.10/java.util.concurrent.ThreadPoolExecutor$Worker.run(Unknown Source)\n java.base@17.0.10/java.lang.Thread.run(Unknown Source)
2024.02.02 18:27:24 WARN  web[][o.a.c.l.WebappClassLoaderBase] The web application [ROOT] appears to have started a thread named [OkHttp TaskRunner] but has failed to stop it. This is very likely to create a memory leak. Stack trace of thread:\n java.base@17.0.10/java.lang.Object.wait(Native Method)\n java.base@17.0.10/java.lang.Object.wait(Unknown Source)\n app//okhttp3.internal.concurrent.TaskRunner$RealBackend.coordinatorWait(TaskRunner.kt:294)\n app//okhttp3.internal.concurrent.TaskRunner.awaitTaskToRun(TaskRunner.kt:218)\n app//okhttp3.internal.concurrent.TaskRunner$runnable$1.run(TaskRunner.kt:59)\n java.base@17.0.10/java.util.concurrent.ThreadPoolExecutor.runWorker(Unknown Source)\n java.base@17.0.10/java.util.concurrent.ThreadPoolExecutor$Worker.run(Unknown Source)\n java.base@17.0.10/java.lang.Thread.run(Unknown Source)
2024.02.02 18:27:24 INFO  web[][o.s.s.app.WebServer] Web Server stopped
2024.02.02 18:28:25 INFO  web[][o.s.p.ProcessEntryPoint] Starting Web Server
2024.02.02 18:28:26 INFO  web[][o.s.s.p.LogServerVersion] SonarQube Server / 9.9.3.79811 / 4fefd8061afc12c43078b4cee31db2e4618b4fd6
2024.02.02 18:28:27 INFO  web[][o.s.s.p.d.EmbeddedDatabase] Starting embedded database on port 9092 with url jdbc:h2:tcp://127.0.0.1:9092/sonar;NON_KEYWORDS=VALUE
2024.02.02 18:28:27 INFO  web[][o.s.s.p.d.EmbeddedDatabase] Embedded database started. Data stored in: /opt/sonarqube/data
2024.02.02 18:28:27 INFO  web[][o.sonar.db.Database] Create JDBC data source for jdbc:h2:tcp://127.0.0.1:9092/sonar;NON_KEYWORDS=VALUE
2024.02.02 18:28:27 INFO  web[][c.z.h.HikariDataSource] HikariPool-1 - Starting...
2024.02.02 18:28:27 INFO  web[][c.z.h.p.HikariPool] HikariPool-1 - Added connection conn2: url=jdbc:h2:tcp://127.0.0.1:9092/sonar user=
2024.02.02 18:28:27 INFO  web[][c.z.h.HikariDataSource] HikariPool-1 - Start completed.
2024.02.02 18:28:27 WARN  web[][o.s.db.dialect.H2] H2 database should be used for evaluation purpose only.
2024.02.02 18:28:28 INFO  web[][o.s.s.p.ServerFileSystemImpl] SonarQube home: /opt/sonarqube
2024.02.02 18:28:28 INFO  web[][o.s.s.u.SystemPasscodeImpl] System authentication by passcode is disabled
2024.02.02 18:28:29 INFO  web[][o.s.s.p.ServerPluginManager] Deploy C# Code Quality and Security / 8.51.0.59060 / e14c642f118958f22fd08841dc42f9aae480366a
2024.02.02 18:28:29 INFO  web[][o.s.s.p.ServerPluginManager] Deploy Configuration detection fot Code Quality and Security / 1.2.0.267 / 4f37ba9ffb37a96d5883e52ad392ed32c5c6eaab
2024.02.02 18:28:29 INFO  web[][o.s.s.p.ServerPluginManager] Deploy Flex Code Quality and Security / 2.8.0.3166 / 01f66bdddc678966c81a9064ed139156a6a89c97
2024.02.02 18:28:29 INFO  web[][o.s.s.p.ServerPluginManager] Deploy Go Code Quality and Security / 1.11.0.3905 / e1f28bc000e04ca01881e84218d01d464a17a36f
2024.02.02 18:28:29 INFO  web[][o.s.s.p.ServerPluginManager] Deploy HTML Code Quality and Security / 3.7.1.3306 / d720acc6860c6d8b69ec4d17570a398a1e216da1
2024.02.02 18:28:29 INFO  web[][o.s.s.p.ServerPluginManager] Deploy IaC Code Quality and Security / 1.11.0.2847 / 6892bd3a7320b3c110717acfdb18c4c7451069fd
2024.02.02 18:28:29 INFO  web[][o.s.s.p.ServerPluginManager] Deploy JaCoCo / 1.3.0.1538 / 74a7798c7cea687c72ed9df40c93eb7ea2a58c49
2024.02.02 18:28:29 INFO  web[][o.s.s.p.ServerPluginManager] Deploy Java Code Quality and Security / 7.16.0.30901 / 4b1436558dfd5fc00c8d9aae8bb0364ba122c73e
2024.02.02 18:28:29 INFO  web[][o.s.s.p.ServerPluginManager] Deploy JavaScript/TypeScript/CSS Code Quality and Security / 9.13.0.20537 / 68ff7657415044b86033814795ed95fc1f1558f1
2024.02.02 18:28:29 INFO  web[][o.s.s.p.ServerPluginManager] Deploy Kotlin Code Quality and Security / 2.12.0.1956 / a6df1ae252bd62d63f8673c28f87ad14258a7904
2024.02.02 18:28:29 INFO  web[][o.s.s.p.ServerPluginManager] Deploy PHP Code Quality and Security / 3.27.1.9352 / 3ddc5a03e1a7e3729d41e7c1a30a37d5715958c7
2024.02.02 18:28:29 INFO  web[][o.s.s.p.ServerPluginManager] Deploy Python Code Quality and Security / 3.24.1.11916 / cc8f4fa745eb33d31c3869bdfdfd45514e67c1fe
2024.02.02 18:28:29 INFO  web[][o.s.s.p.ServerPluginManager] Deploy Ruby Code Quality and Security / 1.11.0.3905 / e1f28bc000e04ca01881e84218d01d464a17a36f
2024.02.02 18:28:29 INFO  web[][o.s.s.p.ServerPluginManager] Deploy Scala Code Quality and Security / 1.11.0.3905 / e1f28bc000e04ca01881e84218d01d464a17a36f
2024.02.02 18:28:29 INFO  web[][o.s.s.p.ServerPluginManager] Deploy Text Code Quality and Security / 2.0.2.1090 / 7eb026363b98f5f98b43c603772b5177869c2c6a
2024.02.02 18:28:29 INFO  web[][o.s.s.p.ServerPluginManager] Deploy VB.NET Code Quality and Security / 8.51.0.59060 / e14c642f118958f22fd08841dc42f9aae480366a
2024.02.02 18:28:29 INFO  web[][o.s.s.p.ServerPluginManager] Deploy XML Code Quality and Security / 2.7.0.3820 / 656bccc1910d50c8984536bd2dfd917066b858e6
2024.02.02 18:28:29 INFO  web[][o.s.s.p.ServerPluginManager] Deploy ecoCode - Java language / 1.5.0 / 5fb4f62da387c20ff030b38b881874bef4a47fd6
2024.02.02 18:28:29 INFO  web[][o.s.s.p.ServerPluginManager] Deploy ecoCode - Python language / 1.4.2 / c60a4757d6b0960dbdd428c1135aba71cf7b45bf
2024.02.02 18:28:29 INFO  web[][o.s.s.p.ServerPluginManager] Deploy ecoCode JavaScript plugin / 1.4.0 / null
2024.02.02 18:28:31 INFO  web[][o.s.s.e.EsClientProvider] Connected to local Elasticsearch: [http://localhost:9001]
2024.02.02 18:28:31 WARN  web[][o.s.a.s.w.WebService$Action] Description is not set on action api/monitoring/metrics
2024.02.02 18:28:31 WARN  web[][o.s.a.s.w.WebService$Action] Since is not set on action api/monitoring/metrics
2024.02.02 18:28:31 WARN  web[][o.s.a.s.w.WebService$Action] The response example is not set on action api/monitoring/metrics
2024.02.02 18:28:31 WARN  web[][o.s.a.s.w.WebService$Action] The response example is not set on action api/system/liveness
2024.02.02 18:28:31 INFO  web[][o.s.s.p.w.MasterServletFilter] Initializing servlet filter org.sonar.server.platform.web.WebServiceFilter@6ddc67d0 [pattern=UrlPattern{inclusions=[/api/system/migrate_db.*, ...], exclusions=[/api/components/update_key, ...]}]
2024.02.02 18:28:31 INFO  web[][o.s.s.p.DetectPluginChange] Detect plugin changes
2024.02.02 18:28:31 INFO  web[][o.s.s.p.DetectPluginChange] No plugin change detected
2024.02.02 18:28:31 INFO  web[][o.s.s.a.EmbeddedTomcat] HTTP connector enabled on port 9000
2024.02.02 18:28:33 INFO  web[][o.s.s.s.LogServerId] Server ID: 147B411E-AY1Xq68qLnx_qqp_PapM
2024.02.02 18:28:33 WARN  web[][o.s.s.a.LogOAuthWarning] For security reasons, OAuth authentication should use HTTPS. You should set the property 'Administration > Configuration > Server base URL' to a HTTPS URL.
2024.02.02 18:28:33 INFO  web[][o.s.s.p.UpdateCenterClient] Update center: https://update.sonarsource.org/update-center.properties
2024.02.02 18:28:34 WARN  web[][o.s.a.s.w.WebService$Action] The response example is not set on action saml/validation_init
2024.02.02 18:28:34 WARN  web[][o.s.a.s.w.WebService$Action] The response example is not set on action api/system/liveness
2024.02.02 18:28:34 WARN  web[][o.s.a.s.w.WebService$Action] The response example is not set on action api/plugins/download
2024.02.02 18:28:34 WARN  web[][o.s.a.s.w.WebService$Action] The response example is not set on action api/analysis_cache/get
2024.02.02 18:28:34 WARN  web[][o.s.a.s.w.WebService$Action] The response example is not set on action api/alm_integrations/check_pat
2024.02.02 18:28:34 WARN  web[][o.s.a.s.w.WebService$Action] The response example is not set on action api/push/sonarlint_events
2024.02.02 18:28:34 INFO  web[][o.s.s.a.p.ExpiredSessionsCleaner] Purge of expired session tokens has removed 0 elements
2024.02.02 18:28:34 INFO  web[][o.s.s.a.p.ExpiredSessionsCleaner] Purge of expired SAML message ids has removed 0 elements
2024.02.02 18:28:34 INFO  web[][o.s.s.n.NotificationDaemon] Notification service started (delay 60 sec.)
2024.02.02 18:28:34 INFO  web[][o.s.s.t.TelemetryDaemon] Sharing of SonarQube statistics is enabled.
2024.02.02 18:28:34 INFO  web[][o.s.s.s.GeneratePluginIndex] Generate scanner plugin index
2024.02.02 18:28:34 INFO  web[][o.s.s.s.RegisterPermissionTemplates] Register permission templates
2024.02.02 18:28:34 INFO  web[][o.s.s.s.RenameDeprecatedPropertyKeys] Rename deprecated property keys
2024.02.02 18:28:34 INFO  web[][o.s.s.s.RegisterPlugins] Register plugins
2024.02.02 18:28:34 INFO  web[][o.s.s.p.w.MasterServletFilter] Initializing servlet filter org.sonar.server.platform.web.SonarLintConnectionFilter@492df46a [pattern=UrlPattern{inclusions=[/api/*], exclusions=[]}]
2024.02.02 18:28:34 INFO  web[][o.s.s.p.w.MasterServletFilter] Initializing servlet filter org.sonar.server.platform.web.WebServiceFilter@668a2d62 [pattern=UrlPattern{inclusions=[/api/issues/delete_comment.*, ...], exclusions=[/api/authentication/login.*, ...]}]
2024.02.02 18:28:34 INFO  web[][o.s.s.p.w.MasterServletFilter] Initializing servlet filter org.sonar.server.platform.web.WebServiceReroutingFilter@48850eae [pattern=UrlPattern{inclusions=[/api/components/bulk_update_key, ...], exclusions=[]}]
2024.02.02 18:28:34 INFO  web[][o.s.s.p.w.MasterServletFilter] Initializing servlet filter org.sonar.server.authentication.DefaultAdminCredentialsVerifierFilter@2e8c6bdb [pattern=UrlPattern{inclusions=[/*], exclusions=[*.css, ...]}]
2024.02.02 18:28:34 INFO  web[][o.s.s.p.w.MasterServletFilter] Initializing servlet filter org.sonar.server.authentication.InitFilter@82444c4 [pattern=UrlPattern{inclusions=[/sessions/init/*], exclusions=[]}]
2024.02.02 18:28:34 INFO  web[][o.s.s.p.w.MasterServletFilter] Initializing servlet filter org.sonar.server.authentication.SamlValidationRedirectionFilter@3f72999f [pattern=UrlPattern{inclusions=[/oauth2/callback/saml], exclusions=[]}]
2024.02.02 18:28:34 INFO  web[][o.s.s.p.w.MasterServletFilter] Initializing servlet filter org.sonar.server.authentication.OAuth2CallbackFilter@5f6200a1 [pattern=UrlPattern{inclusions=[/oauth2/callback/*], exclusions=[]}]
2024.02.02 18:28:34 INFO  web[][o.s.s.p.w.MasterServletFilter] Initializing servlet filter org.sonar.server.authentication.ResetPasswordFilter@12fd6a25 [pattern=UrlPattern{inclusions=[/*], exclusions=[*.css, ...]}]
2024.02.02 18:28:34 INFO  web[][o.s.s.p.w.MasterServletFilter] Initializing servlet filter org.sonar.server.authentication.ws.LoginAction@631ed473 [pattern=UrlPattern{inclusions=[/api/authentication/login], exclusions=[]}]
2024.02.02 18:28:34 INFO  web[][o.s.s.p.w.MasterServletFilter] Initializing servlet filter org.sonar.server.authentication.ws.LogoutAction@6b10bc7c [pattern=UrlPattern{inclusions=[/api/authentication/logout], exclusions=[]}]
2024.02.02 18:28:34 INFO  web[][o.s.s.p.w.MasterServletFilter] Initializing servlet filter org.sonar.server.authentication.ws.ValidateAction@71390701 [pattern=UrlPattern{inclusions=[/api/authentication/validate], exclusions=[]}]
2024.02.02 18:28:34 INFO  web[][o.s.s.p.w.MasterServletFilter] Initializing servlet filter org.sonar.server.saml.ws.ValidationInitAction@2d340ae1 [pattern=UrlPattern{inclusions=[/saml/validation_init], exclusions=[]}]
2024.02.02 18:28:34 INFO  web[][o.s.s.p.w.MasterServletFilter] Initializing servlet filter org.sonar.server.saml.ws.ValidationAction@735672e1 [pattern=UrlPattern{inclusions=[/saml/validation], exclusions=[]}]
2024.02.02 18:28:34 INFO  web[][o.s.s.p.w.MasterServletFilter] Initializing servlet filter org.sonar.server.user.ws.ChangePasswordAction@38d50eda [pattern=UrlPattern{inclusions=[/api/users/change_password], exclusions=[]}]
2024.02.02 18:28:34 INFO  web[][o.s.s.p.w.MasterServletFilter] Initializing servlet filter org.sonar.server.plugins.PluginsRiskConsentFilter@1340d63e [pattern=UrlPattern{inclusions=[/*], exclusions=[*.css, ...]}]
2024.02.02 18:28:34 INFO  web[][o.s.s.q.ProjectsInWarningDaemon] Counting number of projects in warning is not started as there are no projects in this situation.
2024.02.02 18:28:34 INFO  web[][o.s.s.p.p.PlatformLevelStartup] Running Community Edition
2024.02.02 18:28:35 INFO  web[][o.s.s.p.Platform] Web Server is operational
2024.02.02 18:35:27 INFO  web[AY1rFdUETx4IVI72AAAe][o.s.u.c.UpdateCenter] The plugin 'config' version : 1.2.0.267 has not been found on the update center.
2024.02.02 18:35:27 INFO  web[AY1rFdUETx4IVI72AAAe][o.s.u.c.UpdateCenter] The plugin 'csharp' version : 8.51.0.59060 has not been found on the update center.
2024.02.02 18:35:27 INFO  web[AY1rFdUETx4IVI72AAAe][o.s.u.c.UpdateCenter] The plugin 'flex' version : 2.8.0.3166 has not been found on the update center.
2024.02.02 18:35:27 INFO  web[AY1rFdUETx4IVI72AAAe][o.s.u.c.UpdateCenter] The plugin 'go' version : 1.11.0.3905 has not been found on the update center.
2024.02.02 18:35:27 INFO  web[AY1rFdUETx4IVI72AAAe][o.s.u.c.UpdateCenter] The plugin 'iac' version : 1.11.0.2847 has not been found on the update center.
2024.02.02 18:35:27 INFO  web[AY1rFdUETx4IVI72AAAe][o.s.u.c.UpdateCenter] The plugin 'jacoco' version : 1.3.0.1538 has not been found on the update center.
2024.02.02 18:35:27 INFO  web[AY1rFdUETx4IVI72AAAe][o.s.u.c.UpdateCenter] The plugin 'java' version : 7.16.0.30901 has not been found on the update center.
2024.02.02 18:35:27 INFO  web[AY1rFdUETx4IVI72AAAe][o.s.u.c.UpdateCenter] The plugin 'javascript' version : 9.13.0.20537 has not been found on the update center.
2024.02.02 18:35:27 INFO  web[AY1rFdUETx4IVI72AAAe][o.s.u.c.UpdateCenter] The plugin 'kotlin' version : 2.12.0.1956 has not been found on the update center.
2024.02.02 18:35:27 INFO  web[AY1rFdUETx4IVI72AAAe][o.s.u.c.UpdateCenter] The plugin 'php' version : 3.27.1.9352 has not been found on the update center.
2024.02.02 18:35:27 INFO  web[AY1rFdUETx4IVI72AAAe][o.s.u.c.UpdateCenter] The plugin 'python' version : 3.24.1.11916 has not been found on the update center.
2024.02.02 18:35:27 INFO  web[AY1rFdUETx4IVI72AAAe][o.s.u.c.UpdateCenter] The plugin 'ruby' version : 1.11.0.3905 has not been found on the update center.
2024.02.02 18:35:27 INFO  web[AY1rFdUETx4IVI72AAAe][o.s.u.c.UpdateCenter] The plugin 'sonarscala' version : 1.11.0.3905 has not been found on the update center.
2024.02.02 18:35:27 INFO  web[AY1rFdUETx4IVI72AAAe][o.s.u.c.UpdateCenter] The plugin 'text' version : 2.0.2.1090 has not been found on the update center.
2024.02.02 18:35:27 INFO  web[AY1rFdUETx4IVI72AAAe][o.s.u.c.UpdateCenter] The plugin 'vbnet' version : 8.51.0.59060 has not been found on the update center.
2024.02.02 18:35:27 INFO  web[AY1rFdUETx4IVI72AAAe][o.s.u.c.UpdateCenter] The plugin 'web' version : 3.7.1.3306 has not been found on the update center.
2024.02.02 18:35:27 INFO  web[AY1rFdUETx4IVI72AAAe][o.s.u.c.UpdateCenter] The plugin 'xml' version : 2.7.0.3820 has not been found on the update center.
2024.02.02 18:35:27 INFO  web[AY1rFdUETx4IVI72AAAe][o.s.u.c.UpdateCenter] The plugin 'config' version : 1.2.0.267 has not been found on the update center.
2024.02.02 18:35:27 INFO  web[AY1rFdUETx4IVI72AAAe][o.s.u.c.UpdateCenter] The plugin 'csharp' version : 8.51.0.59060 has not been found on the update center.
2024.02.02 18:35:27 INFO  web[AY1rFdUETx4IVI72AAAe][o.s.u.c.UpdateCenter] The plugin 'flex' version : 2.8.0.3166 has not been found on the update center.
2024.02.02 18:35:27 INFO  web[AY1rFdUETx4IVI72AAAe][o.s.u.c.UpdateCenter] The plugin 'go' version : 1.11.0.3905 has not been found on the update center.
2024.02.02 18:35:27 INFO  web[AY1rFdUETx4IVI72AAAe][o.s.u.c.UpdateCenter] The plugin 'iac' version : 1.11.0.2847 has not been found on the update center.
2024.02.02 18:35:27 INFO  web[AY1rFdUETx4IVI72AAAe][o.s.u.c.UpdateCenter] The plugin 'jacoco' version : 1.3.0.1538 has not been found on the update center.
2024.02.02 18:35:27 INFO  web[AY1rFdUETx4IVI72AAAe][o.s.u.c.UpdateCenter] The plugin 'java' version : 7.16.0.30901 has not been found on the update center.
2024.02.02 18:35:27 INFO  web[AY1rFdUETx4IVI72AAAe][o.s.u.c.UpdateCenter] The plugin 'javascript' version : 9.13.0.20537 has not been found on the update center.
2024.02.02 18:35:27 INFO  web[AY1rFdUETx4IVI72AAAe][o.s.u.c.UpdateCenter] The plugin 'kotlin' version : 2.12.0.1956 has not been found on the update center.
2024.02.02 18:35:27 INFO  web[AY1rFdUETx4IVI72AAAe][o.s.u.c.UpdateCenter] The plugin 'php' version : 3.27.1.9352 has not been found on the update center.
2024.02.02 18:35:27 INFO  web[AY1rFdUETx4IVI72AAAe][o.s.u.c.UpdateCenter] The plugin 'python' version : 3.24.1.11916 has not been found on the update center.
2024.02.02 18:35:27 INFO  web[AY1rFdUETx4IVI72AAAe][o.s.u.c.UpdateCenter] The plugin 'ruby' version : 1.11.0.3905 has not been found on the update center.
2024.02.02 18:35:27 INFO  web[AY1rFdUETx4IVI72AAAe][o.s.u.c.UpdateCenter] The plugin 'sonarscala' version : 1.11.0.3905 has not been found on the update center.
2024.02.02 18:35:27 INFO  web[AY1rFdUETx4IVI72AAAe][o.s.u.c.UpdateCenter] The plugin 'text' version : 2.0.2.1090 has not been found on the update center.
2024.02.02 18:35:27 INFO  web[AY1rFdUETx4IVI72AAAe][o.s.u.c.UpdateCenter] The plugin 'vbnet' version : 8.51.0.59060 has not been found on the update center.
2024.02.02 18:35:27 INFO  web[AY1rFdUETx4IVI72AAAe][o.s.u.c.UpdateCenter] The plugin 'web' version : 3.7.1.3306 has not been found on the update center.
2024.02.02 18:35:27 INFO  web[AY1rFdUETx4IVI72AAAe][o.s.u.c.UpdateCenter] The plugin 'xml' version : 2.7.0.3820 has not been found on the update center.
2024.02.02 18:35:27 INFO  web[AY1rFdUETx4IVI72AAAe][o.s.u.c.UpdateCenter] The plugin 'config' version : 1.2.0.267 has not been found on the update center.
2024.02.02 18:35:27 INFO  web[AY1rFdUETx4IVI72AAAe][o.s.u.c.UpdateCenter] The plugin 'csharp' version : 8.51.0.59060 has not been found on the update center.
2024.02.02 18:35:27 INFO  web[AY1rFdUETx4IVI72AAAe][o.s.u.c.UpdateCenter] The plugin 'flex' version : 2.8.0.3166 has not been found on the update center.
2024.02.02 18:35:27 INFO  web[AY1rFdUETx4IVI72AAAe][o.s.u.c.UpdateCenter] The plugin 'go' version : 1.11.0.3905 has not been found on the update center.
2024.02.02 18:35:27 INFO  web[AY1rFdUETx4IVI72AAAe][o.s.u.c.UpdateCenter] The plugin 'iac' version : 1.11.0.2847 has not been found on the update center.
2024.02.02 18:35:27 INFO  web[AY1rFdUETx4IVI72AAAe][o.s.u.c.UpdateCenter] The plugin 'jacoco' version : 1.3.0.1538 has not been found on the update center.
2024.02.02 18:35:27 INFO  web[AY1rFdUETx4IVI72AAAe][o.s.u.c.UpdateCenter] The plugin 'java' version : 7.16.0.30901 has not been found on the update center.
2024.02.02 18:35:27 INFO  web[AY1rFdUETx4IVI72AAAe][o.s.u.c.UpdateCenter] The plugin 'javascript' version : 9.13.0.20537 has not been found on the update center.
2024.02.02 18:35:27 INFO  web[AY1rFdUETx4IVI72AAAe][o.s.u.c.UpdateCenter] The plugin 'kotlin' version : 2.12.0.1956 has not been found on the update center.
2024.02.02 18:35:27 INFO  web[AY1rFdUETx4IVI72AAAe][o.s.u.c.UpdateCenter] The plugin 'php' version : 3.27.1.9352 has not been found on the update center.
2024.02.02 18:35:27 INFO  web[AY1rFdUETx4IVI72AAAe][o.s.u.c.UpdateCenter] The plugin 'python' version : 3.24.1.11916 has not been found on the update center.
2024.02.02 18:35:27 INFO  web[AY1rFdUETx4IVI72AAAe][o.s.u.c.UpdateCenter] The plugin 'ruby' version : 1.11.0.3905 has not been found on the update center.
2024.02.02 18:35:27 INFO  web[AY1rFdUETx4IVI72AAAe][o.s.u.c.UpdateCenter] The plugin 'sonarscala' version : 1.11.0.3905 has not been found on the update center.
2024.02.02 18:35:27 INFO  web[AY1rFdUETx4IVI72AAAe][o.s.u.c.UpdateCenter] The plugin 'text' version : 2.0.2.1090 has not been found on the update center.
2024.02.02 18:35:27 INFO  web[AY1rFdUETx4IVI72AAAe][o.s.u.c.UpdateCenter] The plugin 'vbnet' version : 8.51.0.59060 has not been found on the update center.
2024.02.02 18:35:27 INFO  web[AY1rFdUETx4IVI72AAAe][o.s.u.c.UpdateCenter] The plugin 'web' version : 3.7.1.3306 has not been found on the update center.
2024.02.02 18:35:27 INFO  web[AY1rFdUETx4IVI72AAAe][o.s.u.c.UpdateCenter] The plugin 'xml' version : 2.7.0.3820 has not been found on the update center.
2024.02.02 18:35:27 INFO  web[AY1rFdUETx4IVI72AAAe][o.s.u.c.UpdateCenter] The plugin 'config' version : 1.2.0.267 has not been found on the update center.
2024.02.02 18:35:27 INFO  web[AY1rFdUETx4IVI72AAAe][o.s.u.c.UpdateCenter] The plugin 'csharp' version : 8.51.0.59060 has not been found on the update center.
2024.02.02 18:35:27 INFO  web[AY1rFdUETx4IVI72AAAe][o.s.u.c.UpdateCenter] The plugin 'flex' version : 2.8.0.3166 has not been found on the update center.
2024.02.02 18:35:27 INFO  web[AY1rFdUETx4IVI72AAAe][o.s.u.c.UpdateCenter] The plugin 'go' version : 1.11.0.3905 has not been found on the update center.
2024.02.02 18:35:27 INFO  web[AY1rFdUETx4IVI72AAAe][o.s.u.c.UpdateCenter] The plugin 'iac' version : 1.11.0.2847 has not been found on the update center.
2024.02.02 18:35:27 INFO  web[AY1rFdUETx4IVI72AAAe][o.s.u.c.UpdateCenter] The plugin 'jacoco' version : 1.3.0.1538 has not been found on the update center.
2024.02.02 18:35:27 INFO  web[AY1rFdUETx4IVI72AAAe][o.s.u.c.UpdateCenter] The plugin 'java' version : 7.16.0.30901 has not been found on the update center.
2024.02.02 18:35:27 INFO  web[AY1rFdUETx4IVI72AAAe][o.s.u.c.UpdateCenter] The plugin 'javascript' version : 9.13.0.20537 has not been found on the update center.
2024.02.02 18:35:27 INFO  web[AY1rFdUETx4IVI72AAAe][o.s.u.c.UpdateCenter] The plugin 'kotlin' version : 2.12.0.1956 has not been found on the update center.
2024.02.02 18:35:27 INFO  web[AY1rFdUETx4IVI72AAAe][o.s.u.c.UpdateCenter] The plugin 'php' version : 3.27.1.9352 has not been found on the update center.
2024.02.02 18:35:27 INFO  web[AY1rFdUETx4IVI72AAAe][o.s.u.c.UpdateCenter] The plugin 'python' version : 3.24.1.11916 has not been found on the update center.
2024.02.02 18:35:27 INFO  web[AY1rFdUETx4IVI72AAAe][o.s.u.c.UpdateCenter] The plugin 'ruby' version : 1.11.0.3905 has not been found on the update center.
2024.02.02 18:35:27 INFO  web[AY1rFdUETx4IVI72AAAe][o.s.u.c.UpdateCenter] The plugin 'sonarscala' version : 1.11.0.3905 has not been found on the update center.
2024.02.02 18:35:27 INFO  web[AY1rFdUETx4IVI72AAAe][o.s.u.c.UpdateCenter] The plugin 'text' version : 2.0.2.1090 has not been found on the update center.
2024.02.02 18:35:27 INFO  web[AY1rFdUETx4IVI72AAAe][o.s.u.c.UpdateCenter] The plugin 'vbnet' version : 8.51.0.59060 has not been found on the update center.
2024.02.02 18:35:27 INFO  web[AY1rFdUETx4IVI72AAAe][o.s.u.c.UpdateCenter] The plugin 'web' version : 3.7.1.3306 has not been found on the update center.
2024.02.02 18:35:27 INFO  web[AY1rFdUETx4IVI72AAAe][o.s.u.c.UpdateCenter] The plugin 'xml' version : 2.7.0.3820 has not been found on the update center.
2024.02.02 18:35:27 INFO  web[AY1rFdUETx4IVI72AAAe][o.s.u.c.UpdateCenter] The plugin 'config' version : 1.2.0.267 has not been found on the update center.
2024.02.02 18:35:27 INFO  web[AY1rFdUETx4IVI72AAAe][o.s.u.c.UpdateCenter] The plugin 'csharp' version : 8.51.0.59060 has not been found on the update center.
2024.02.02 18:35:27 INFO  web[AY1rFdUETx4IVI72AAAe][o.s.u.c.UpdateCenter] The plugin 'flex' version : 2.8.0.3166 has not been found on the update center.
2024.02.02 18:35:27 INFO  web[AY1rFdUETx4IVI72AAAe][o.s.u.c.UpdateCenter] The plugin 'go' version : 1.11.0.3905 has not been found on the update center.
2024.02.02 18:35:27 INFO  web[AY1rFdUETx4IVI72AAAe][o.s.u.c.UpdateCenter] The plugin 'iac' version : 1.11.0.2847 has not been found on the update center.
2024.02.02 18:35:27 INFO  web[AY1rFdUETx4IVI72AAAe][o.s.u.c.UpdateCenter] The plugin 'jacoco' version : 1.3.0.1538 has not been found on the update center.
2024.02.02 18:35:27 INFO  web[AY1rFdUETx4IVI72AAAe][o.s.u.c.UpdateCenter] The plugin 'java' version : 7.16.0.30901 has not been found on the update center.
2024.02.02 18:35:27 INFO  web[AY1rFdUETx4IVI72AAAe][o.s.u.c.UpdateCenter] The plugin 'javascript' version : 9.13.0.20537 has not been found on the update center.
2024.02.02 18:35:27 INFO  web[AY1rFdUETx4IVI72AAAe][o.s.u.c.UpdateCenter] The plugin 'kotlin' version : 2.12.0.1956 has not been found on the update center.
2024.02.02 18:35:27 INFO  web[AY1rFdUETx4IVI72AAAe][o.s.u.c.UpdateCenter] The plugin 'php' version : 3.27.1.9352 has not been found on the update center.
2024.02.02 18:35:27 INFO  web[AY1rFdUETx4IVI72AAAe][o.s.u.c.UpdateCenter] The plugin 'python' version : 3.24.1.11916 has not been found on the update center.
2024.02.02 18:35:27 INFO  web[AY1rFdUETx4IVI72AAAe][o.s.u.c.UpdateCenter] The plugin 'ruby' version : 1.11.0.3905 has not been found on the update center.
2024.02.02 18:35:27 INFO  web[AY1rFdUETx4IVI72AAAe][o.s.u.c.UpdateCenter] The plugin 'sonarscala' version : 1.11.0.3905 has not been found on the update center.
2024.02.02 18:35:27 INFO  web[AY1rFdUETx4IVI72AAAe][o.s.u.c.UpdateCenter] The plugin 'text' version : 2.0.2.1090 has not been found on the update center.
2024.02.02 18:35:27 INFO  web[AY1rFdUETx4IVI72AAAe][o.s.u.c.UpdateCenter] The plugin 'vbnet' version : 8.51.0.59060 has not been found on the update center.
2024.02.02 18:35:27 INFO  web[AY1rFdUETx4IVI72AAAe][o.s.u.c.UpdateCenter] The plugin 'web' version : 3.7.1.3306 has not been found on the update center.
2024.02.02 18:35:27 INFO  web[AY1rFdUETx4IVI72AAAe][o.s.u.c.UpdateCenter] The plugin 'xml' version : 2.7.0.3820 has not been found on the update center.
2024.02.02 18:35:29 INFO  web[AY1rFdUETx4IVI72AAAl][o.s.u.c.UpdateCenter] The plugin 'config' version : 1.2.0.267 has not been found on the update center.
2024.02.02 18:35:29 INFO  web[AY1rFdUETx4IVI72AAAl][o.s.u.c.UpdateCenter] The plugin 'csharp' version : 8.51.0.59060 has not been found on the update center.
2024.02.02 18:35:29 INFO  web[AY1rFdUETx4IVI72AAAl][o.s.u.c.UpdateCenter] The plugin 'flex' version : 2.8.0.3166 has not been found on the update center.
2024.02.02 18:35:29 INFO  web[AY1rFdUETx4IVI72AAAl][o.s.u.c.UpdateCenter] The plugin 'go' version : 1.11.0.3905 has not been found on the update center.
2024.02.02 18:35:29 INFO  web[AY1rFdUETx4IVI72AAAl][o.s.u.c.UpdateCenter] The plugin 'iac' version : 1.11.0.2847 has not been found on the update center.
2024.02.02 18:35:29 INFO  web[AY1rFdUETx4IVI72AAAl][o.s.u.c.UpdateCenter] The plugin 'jacoco' version : 1.3.0.1538 has not been found on the update center.
2024.02.02 18:35:29 INFO  web[AY1rFdUETx4IVI72AAAl][o.s.u.c.UpdateCenter] The plugin 'java' version : 7.16.0.30901 has not been found on the update center.
2024.02.02 18:35:29 INFO  web[AY1rFdUETx4IVI72AAAl][o.s.u.c.UpdateCenter] The plugin 'javascript' version : 9.13.0.20537 has not been found on the update center.
2024.02.02 18:35:29 INFO  web[AY1rFdUETx4IVI72AAAl][o.s.u.c.UpdateCenter] The plugin 'kotlin' version : 2.12.0.1956 has not been found on the update center.
2024.02.02 18:35:29 INFO  web[AY1rFdUETx4IVI72AAAl][o.s.u.c.UpdateCenter] The plugin 'php' version : 3.27.1.9352 has not been found on the update center.
2024.02.02 18:35:29 INFO  web[AY1rFdUETx4IVI72AAAl][o.s.u.c.UpdateCenter] The plugin 'python' version : 3.24.1.11916 has not been found on the update center.
2024.02.02 18:35:29 INFO  web[AY1rFdUETx4IVI72AAAl][o.s.u.c.UpdateCenter] The plugin 'ruby' version : 1.11.0.3905 has not been found on the update center.
2024.02.02 18:35:29 INFO  web[AY1rFdUETx4IVI72AAAl][o.s.u.c.UpdateCenter] The plugin 'sonarscala' version : 1.11.0.3905 has not been found on the update center.
2024.02.02 18:35:29 INFO  web[AY1rFdUETx4IVI72AAAl][o.s.u.c.UpdateCenter] The plugin 'text' version : 2.0.2.1090 has not been found on the update center.
2024.02.02 18:35:29 INFO  web[AY1rFdUETx4IVI72AAAl][o.s.u.c.UpdateCenter] The plugin 'vbnet' version : 8.51.0.59060 has not been found on the update center.
2024.02.02 18:35:29 INFO  web[AY1rFdUETx4IVI72AAAl][o.s.u.c.UpdateCenter] The plugin 'web' version : 3.7.1.3306 has not been found on the update center.
2024.02.02 18:35:29 INFO  web[AY1rFdUETx4IVI72AAAl][o.s.u.c.UpdateCenter] The plugin 'xml' version : 2.7.0.3820 has not been found on the update center.
2024.02.02 18:35:29 INFO  web[AY1rFdUETx4IVI72AAAl][o.s.u.c.UpdateCenter] The plugin 'config' version : 1.2.0.267 has not been found on the update center.
2024.02.02 18:35:29 INFO  web[AY1rFdUETx4IVI72AAAl][o.s.u.c.UpdateCenter] The plugin 'csharp' version : 8.51.0.59060 has not been found on the update center.
2024.02.02 18:35:29 INFO  web[AY1rFdUETx4IVI72AAAl][o.s.u.c.UpdateCenter] The plugin 'flex' version : 2.8.0.3166 has not been found on the update center.
2024.02.02 18:35:29 INFO  web[AY1rFdUETx4IVI72AAAl][o.s.u.c.UpdateCenter] The plugin 'go' version : 1.11.0.3905 has not been found on the update center.
2024.02.02 18:35:29 INFO  web[AY1rFdUETx4IVI72AAAl][o.s.u.c.UpdateCenter] The plugin 'iac' version : 1.11.0.2847 has not been found on the update center.
2024.02.02 18:35:29 INFO  web[AY1rFdUETx4IVI72AAAl][o.s.u.c.UpdateCenter] The plugin 'jacoco' version : 1.3.0.1538 has not been found on the update center.
2024.02.02 18:35:29 INFO  web[AY1rFdUETx4IVI72AAAl][o.s.u.c.UpdateCenter] The plugin 'java' version : 7.16.0.30901 has not been found on the update center.
2024.02.02 18:35:29 INFO  web[AY1rFdUETx4IVI72AAAl][o.s.u.c.UpdateCenter] The plugin 'javascript' version : 9.13.0.20537 has not been found on the update center.
2024.02.02 18:35:29 INFO  web[AY1rFdUETx4IVI72AAAl][o.s.u.c.UpdateCenter] The plugin 'kotlin' version : 2.12.0.1956 has not been found on the update center.
2024.02.02 18:35:29 INFO  web[AY1rFdUETx4IVI72AAAl][o.s.u.c.UpdateCenter] The plugin 'php' version : 3.27.1.9352 has not been found on the update center.
2024.02.02 18:35:29 INFO  web[AY1rFdUETx4IVI72AAAl][o.s.u.c.UpdateCenter] The plugin 'python' version : 3.24.1.11916 has not been found on the update center.
2024.02.02 18:35:29 INFO  web[AY1rFdUETx4IVI72AAAl][o.s.u.c.UpdateCenter] The plugin 'ruby' version : 1.11.0.3905 has not been found on the update center.
2024.02.02 18:35:29 INFO  web[AY1rFdUETx4IVI72AAAl][o.s.u.c.UpdateCenter] The plugin 'sonarscala' version : 1.11.0.3905 has not been found on the update center.
2024.02.02 18:35:29 INFO  web[AY1rFdUETx4IVI72AAAl][o.s.u.c.UpdateCenter] The plugin 'text' version : 2.0.2.1090 has not been found on the update center.
2024.02.02 18:35:29 INFO  web[AY1rFdUETx4IVI72AAAl][o.s.u.c.UpdateCenter] The plugin 'vbnet' version : 8.51.0.59060 has not been found on the update center.
2024.02.02 18:35:29 INFO  web[AY1rFdUETx4IVI72AAAl][o.s.u.c.UpdateCenter] The plugin 'web' version : 3.7.1.3306 has not been found on the update center.
2024.02.02 18:35:29 INFO  web[AY1rFdUETx4IVI72AAAl][o.s.u.c.UpdateCenter] The plugin 'xml' version : 2.7.0.3820 has not been found on the update center.
2024.02.02 18:35:29 INFO  web[AY1rFdUETx4IVI72AAAl][o.s.u.c.UpdateCenter] The plugin 'config' version : 1.2.0.267 has not been found on the update center.
2024.02.02 18:35:29 INFO  web[AY1rFdUETx4IVI72AAAl][o.s.u.c.UpdateCenter] The plugin 'csharp' version : 8.51.0.59060 has not been found on the update center.
2024.02.02 18:35:29 INFO  web[AY1rFdUETx4IVI72AAAl][o.s.u.c.UpdateCenter] The plugin 'flex' version : 2.8.0.3166 has not been found on the update center.
2024.02.02 18:35:29 INFO  web[AY1rFdUETx4IVI72AAAl][o.s.u.c.UpdateCenter] The plugin 'go' version : 1.11.0.3905 has not been found on the update center.
2024.02.02 18:35:29 INFO  web[AY1rFdUETx4IVI72AAAl][o.s.u.c.UpdateCenter] The plugin 'iac' version : 1.11.0.2847 has not been found on the update center.
2024.02.02 18:35:29 INFO  web[AY1rFdUETx4IVI72AAAl][o.s.u.c.UpdateCenter] The plugin 'jacoco' version : 1.3.0.1538 has not been found on the update center.
2024.02.02 18:35:29 INFO  web[AY1rFdUETx4IVI72AAAl][o.s.u.c.UpdateCenter] The plugin 'java' version : 7.16.0.30901 has not been found on the update center.
2024.02.02 18:35:29 INFO  web[AY1rFdUETx4IVI72AAAl][o.s.u.c.UpdateCenter] The plugin 'javascript' version : 9.13.0.20537 has not been found on the update center.
2024.02.02 18:35:29 INFO  web[AY1rFdUETx4IVI72AAAl][o.s.u.c.UpdateCenter] The plugin 'kotlin' version : 2.12.0.1956 has not been found on the update center.
2024.02.02 18:35:29 INFO  web[AY1rFdUETx4IVI72AAAl][o.s.u.c.UpdateCenter] The plugin 'php' version : 3.27.1.9352 has not been found on the update center.
2024.02.02 18:35:29 INFO  web[AY1rFdUETx4IVI72AAAl][o.s.u.c.UpdateCenter] The plugin 'python' version : 3.24.1.11916 has not been found on the update center.
2024.02.02 18:35:29 INFO  web[AY1rFdUETx4IVI72AAAl][o.s.u.c.UpdateCenter] The plugin 'ruby' version : 1.11.0.3905 has not been found on the update center.
2024.02.02 18:35:29 INFO  web[AY1rFdUETx4IVI72AAAl][o.s.u.c.UpdateCenter] The plugin 'sonarscala' version : 1.11.0.3905 has not been found on the update center.
2024.02.02 18:35:29 INFO  web[AY1rFdUETx4IVI72AAAl][o.s.u.c.UpdateCenter] The plugin 'text' version : 2.0.2.1090 has not been found on the update center.
2024.02.02 18:35:29 INFO  web[AY1rFdUETx4IVI72AAAl][o.s.u.c.UpdateCenter] The plugin 'vbnet' version : 8.51.0.59060 has not been found on the update center.
2024.02.02 18:35:29 INFO  web[AY1rFdUETx4IVI72AAAl][o.s.u.c.UpdateCenter] The plugin 'web' version : 3.7.1.3306 has not been found on the update center.
2024.02.02 18:35:29 INFO  web[AY1rFdUETx4IVI72AAAl][o.s.u.c.UpdateCenter] The plugin 'xml' version : 2.7.0.3820 has not been found on the update center.
2024.02.02 18:35:29 INFO  web[AY1rFdUETx4IVI72AAAl][o.s.u.c.UpdateCenter] The plugin 'config' version : 1.2.0.267 has not been found on the update center.
2024.02.02 18:35:29 INFO  web[AY1rFdUETx4IVI72AAAl][o.s.u.c.UpdateCenter] The plugin 'csharp' version : 8.51.0.59060 has not been found on the update center.
2024.02.02 18:35:29 INFO  web[AY1rFdUETx4IVI72AAAl][o.s.u.c.UpdateCenter] The plugin 'flex' version : 2.8.0.3166 has not been found on the update center.
2024.02.02 18:35:29 INFO  web[AY1rFdUETx4IVI72AAAl][o.s.u.c.UpdateCenter] The plugin 'go' version : 1.11.0.3905 has not been found on the update center.
2024.02.02 18:35:29 INFO  web[AY1rFdUETx4IVI72AAAl][o.s.u.c.UpdateCenter] The plugin 'iac' version : 1.11.0.2847 has not been found on the update center.
2024.02.02 18:35:29 INFO  web[AY1rFdUETx4IVI72AAAl][o.s.u.c.UpdateCenter] The plugin 'jacoco' version : 1.3.0.1538 has not been found on the update center.
2024.02.02 18:35:29 INFO  web[AY1rFdUETx4IVI72AAAl][o.s.u.c.UpdateCenter] The plugin 'java' version : 7.16.0.30901 has not been found on the update center.
2024.02.02 18:35:29 INFO  web[AY1rFdUETx4IVI72AAAl][o.s.u.c.UpdateCenter] The plugin 'javascript' version : 9.13.0.20537 has not been found on the update center.
2024.02.02 18:35:29 INFO  web[AY1rFdUETx4IVI72AAAl][o.s.u.c.UpdateCenter] The plugin 'kotlin' version : 2.12.0.1956 has not been found on the update center.
2024.02.02 18:35:29 INFO  web[AY1rFdUETx4IVI72AAAl][o.s.u.c.UpdateCenter] The plugin 'php' version : 3.27.1.9352 has not been found on the update center.
2024.02.02 18:35:29 INFO  web[AY1rFdUETx4IVI72AAAl][o.s.u.c.UpdateCenter] The plugin 'python' version : 3.24.1.11916 has not been found on the update center.
2024.02.02 18:35:29 INFO  web[AY1rFdUETx4IVI72AAAl][o.s.u.c.UpdateCenter] The plugin 'ruby' version : 1.11.0.3905 has not been found on the update center.
2024.02.02 18:35:29 INFO  web[AY1rFdUETx4IVI72AAAl][o.s.u.c.UpdateCenter] The plugin 'sonarscala' version : 1.11.0.3905 has not been found on the update center.
2024.02.02 18:35:29 INFO  web[AY1rFdUETx4IVI72AAAl][o.s.u.c.UpdateCenter] The plugin 'text' version : 2.0.2.1090 has not been found on the update center.
2024.02.02 18:35:29 INFO  web[AY1rFdUETx4IVI72AAAl][o.s.u.c.UpdateCenter] The plugin 'vbnet' version : 8.51.0.59060 has not been found on the update center.
2024.02.02 18:35:29 INFO  web[AY1rFdUETx4IVI72AAAl][o.s.u.c.UpdateCenter] The plugin 'web' version : 3.7.1.3306 has not been found on the update center.
2024.02.02 18:35:29 INFO  web[AY1rFdUETx4IVI72AAAl][o.s.u.c.UpdateCenter] The plugin 'xml' version : 2.7.0.3820 has not been found on the update center.
2024.02.02 18:35:29 INFO  web[AY1rFdUETx4IVI72AAAl][o.s.u.c.UpdateCenter] The plugin 'config' version : 1.2.0.267 has not been found on the update center.
2024.02.02 18:35:29 INFO  web[AY1rFdUETx4IVI72AAAl][o.s.u.c.UpdateCenter] The plugin 'csharp' version : 8.51.0.59060 has not been found on the update center.
2024.02.02 18:35:29 INFO  web[AY1rFdUETx4IVI72AAAl][o.s.u.c.UpdateCenter] The plugin 'flex' version : 2.8.0.3166 has not been found on the update center.
2024.02.02 18:35:29 INFO  web[AY1rFdUETx4IVI72AAAl][o.s.u.c.UpdateCenter] The plugin 'go' version : 1.11.0.3905 has not been found on the update center.
2024.02.02 18:35:29 INFO  web[AY1rFdUETx4IVI72AAAl][o.s.u.c.UpdateCenter] The plugin 'iac' version : 1.11.0.2847 has not been found on the update center.
2024.02.02 18:35:29 INFO  web[AY1rFdUETx4IVI72AAAl][o.s.u.c.UpdateCenter] The plugin 'jacoco' version : 1.3.0.1538 has not been found on the update center.
2024.02.02 18:35:29 INFO  web[AY1rFdUETx4IVI72AAAl][o.s.u.c.UpdateCenter] The plugin 'java' version : 7.16.0.30901 has not been found on the update center.
2024.02.02 18:35:29 INFO  web[AY1rFdUETx4IVI72AAAl][o.s.u.c.UpdateCenter] The plugin 'javascript' version : 9.13.0.20537 has not been found on the update center.
2024.02.02 18:35:29 INFO  web[AY1rFdUETx4IVI72AAAl][o.s.u.c.UpdateCenter] The plugin 'kotlin' version : 2.12.0.1956 has not been found on the update center.
2024.02.02 18:35:29 INFO  web[AY1rFdUETx4IVI72AAAl][o.s.u.c.UpdateCenter] The plugin 'php' version : 3.27.1.9352 has not been found on the update center.
2024.02.02 18:35:29 INFO  web[AY1rFdUETx4IVI72AAAl][o.s.u.c.UpdateCenter] The plugin 'python' version : 3.24.1.11916 has not been found on the update center.
2024.02.02 18:35:29 INFO  web[AY1rFdUETx4IVI72AAAl][o.s.u.c.UpdateCenter] The plugin 'ruby' version : 1.11.0.3905 has not been found on the update center.
2024.02.02 18:35:29 INFO  web[AY1rFdUETx4IVI72AAAl][o.s.u.c.UpdateCenter] The plugin 'sonarscala' version : 1.11.0.3905 has not been found on the update center.
2024.02.02 18:35:29 INFO  web[AY1rFdUETx4IVI72AAAl][o.s.u.c.UpdateCenter] The plugin 'text' version : 2.0.2.1090 has not been found on the update center.
2024.02.02 18:35:29 INFO  web[AY1rFdUETx4IVI72AAAl][o.s.u.c.UpdateCenter] The plugin 'vbnet' version : 8.51.0.59060 has not been found on the update center.
2024.02.02 18:35:29 INFO  web[AY1rFdUETx4IVI72AAAl][o.s.u.c.UpdateCenter] The plugin 'web' version : 3.7.1.3306 has not been found on the update center.
2024.02.02 18:35:29 INFO  web[AY1rFdUETx4IVI72AAAl][o.s.u.c.UpdateCenter] The plugin 'xml' version : 2.7.0.3820 has not been found on the update center.
2024.02.02 18:35:50 INFO  web[AY1rFdUETx4IVI72AAA8][o.s.u.c.UpdateCenter] The plugin 'config' version : 1.2.0.267 has not been found on the update center.
2024.02.02 18:35:50 INFO  web[AY1rFdUETx4IVI72AAA8][o.s.u.c.UpdateCenter] The plugin 'csharp' version : 8.51.0.59060 has not been found on the update center.
2024.02.02 18:35:50 INFO  web[AY1rFdUETx4IVI72AAA8][o.s.u.c.UpdateCenter] The plugin 'flex' version : 2.8.0.3166 has not been found on the update center.
2024.02.02 18:35:50 INFO  web[AY1rFdUETx4IVI72AAA8][o.s.u.c.UpdateCenter] The plugin 'go' version : 1.11.0.3905 has not been found on the update center.
2024.02.02 18:35:50 INFO  web[AY1rFdUETx4IVI72AAA8][o.s.u.c.UpdateCenter] The plugin 'iac' version : 1.11.0.2847 has not been found on the update center.
2024.02.02 18:35:50 INFO  web[AY1rFdUETx4IVI72AAA8][o.s.u.c.UpdateCenter] The plugin 'jacoco' version : 1.3.0.1538 has not been found on the update center.
2024.02.02 18:35:50 INFO  web[AY1rFdUETx4IVI72AAA8][o.s.u.c.UpdateCenter] The plugin 'java' version : 7.16.0.30901 has not been found on the update center.
2024.02.02 18:35:50 INFO  web[AY1rFdUETx4IVI72AAA8][o.s.u.c.UpdateCenter] The plugin 'javascript' version : 9.13.0.20537 has not been found on the update center.
2024.02.02 18:35:50 INFO  web[AY1rFdUETx4IVI72AAA8][o.s.u.c.UpdateCenter] The plugin 'kotlin' version : 2.12.0.1956 has not been found on the update center.
2024.02.02 18:35:50 INFO  web[AY1rFdUETx4IVI72AAA8][o.s.u.c.UpdateCenter] The plugin 'php' version : 3.27.1.9352 has not been found on the update center.
2024.02.02 18:35:50 INFO  web[AY1rFdUETx4IVI72AAA8][o.s.u.c.UpdateCenter] The plugin 'python' version : 3.24.1.11916 has not been found on the update center.
2024.02.02 18:35:50 INFO  web[AY1rFdUETx4IVI72AAA8][o.s.u.c.UpdateCenter] The plugin 'ruby' version : 1.11.0.3905 has not been found on the update center.
2024.02.02 18:35:50 INFO  web[AY1rFdUETx4IVI72AAA8][o.s.u.c.UpdateCenter] The plugin 'sonarscala' version : 1.11.0.3905 has not been found on the update center.
2024.02.02 18:35:50 INFO  web[AY1rFdUETx4IVI72AAA8][o.s.u.c.UpdateCenter] The plugin 'text' version : 2.0.2.1090 has not been found on the update center.
2024.02.02 18:35:50 INFO  web[AY1rFdUETx4IVI72AAA8][o.s.u.c.UpdateCenter] The plugin 'vbnet' version : 8.51.0.59060 has not been found on the update center.
2024.02.02 18:35:50 INFO  web[AY1rFdUETx4IVI72AAA8][o.s.u.c.UpdateCenter] The plugin 'web' version : 3.7.1.3306 has not been found on the update center.
2024.02.02 18:35:50 INFO  web[AY1rFdUETx4IVI72AAA8][o.s.u.c.UpdateCenter] The plugin 'xml' version : 2.7.0.3820 has not been found on the update center.
2024.02.02 18:35:50 INFO  web[AY1rFdUETx4IVI72AAA8][o.s.u.c.UpdateCenter] The plugin 'config' version : 1.2.0.267 has not been found on the update center.
2024.02.02 18:35:50 INFO  web[AY1rFdUETx4IVI72AAA8][o.s.u.c.UpdateCenter] The plugin 'csharp' version : 8.51.0.59060 has not been found on the update center.
2024.02.02 18:35:50 INFO  web[AY1rFdUETx4IVI72AAA8][o.s.u.c.UpdateCenter] The plugin 'flex' version : 2.8.0.3166 has not been found on the update center.
2024.02.02 18:35:50 INFO  web[AY1rFdUETx4IVI72AAA8][o.s.u.c.UpdateCenter] The plugin 'go' version : 1.11.0.3905 has not been found on the update center.
2024.02.02 18:35:50 INFO  web[AY1rFdUETx4IVI72AAA8][o.s.u.c.UpdateCenter] The plugin 'iac' version : 1.11.0.2847 has not been found on the update center.
2024.02.02 18:35:50 INFO  web[AY1rFdUETx4IVI72AAA8][o.s.u.c.UpdateCenter] The plugin 'jacoco' version : 1.3.0.1538 has not been found on the update center.
2024.02.02 18:35:50 INFO  web[AY1rFdUETx4IVI72AAA8][o.s.u.c.UpdateCenter] The plugin 'java' version : 7.16.0.30901 has not been found on the update center.
2024.02.02 18:35:50 INFO  web[AY1rFdUETx4IVI72AAA8][o.s.u.c.UpdateCenter] The plugin 'javascript' version : 9.13.0.20537 has not been found on the update center.
2024.02.02 18:35:50 INFO  web[AY1rFdUETx4IVI72AAA8][o.s.u.c.UpdateCenter] The plugin 'kotlin' version : 2.12.0.1956 has not been found on the update center.
2024.02.02 18:35:50 INFO  web[AY1rFdUETx4IVI72AAA8][o.s.u.c.UpdateCenter] The plugin 'php' version : 3.27.1.9352 has not been found on the update center.
2024.02.02 18:35:50 INFO  web[AY1rFdUETx4IVI72AAA8][o.s.u.c.UpdateCenter] The plugin 'python' version : 3.24.1.11916 has not been found on the update center.
2024.02.02 18:35:50 INFO  web[AY1rFdUETx4IVI72AAA8][o.s.u.c.UpdateCenter] The plugin 'ruby' version : 1.11.0.3905 has not been found on the update center.
2024.02.02 18:35:50 INFO  web[AY1rFdUETx4IVI72AAA8][o.s.u.c.UpdateCenter] The plugin 'sonarscala' version : 1.11.0.3905 has not been found on the update center.
2024.02.02 18:35:50 INFO  web[AY1rFdUETx4IVI72AAA8][o.s.u.c.UpdateCenter] The plugin 'text' version : 2.0.2.1090 has not been found on the update center.
2024.02.02 18:35:50 INFO  web[AY1rFdUETx4IVI72AAA8][o.s.u.c.UpdateCenter] The plugin 'vbnet' version : 8.51.0.59060 has not been found on the update center.
2024.02.02 18:35:50 INFO  web[AY1rFdUETx4IVI72AAA8][o.s.u.c.UpdateCenter] The plugin 'web' version : 3.7.1.3306 has not been found on the update center.
2024.02.02 18:35:50 INFO  web[AY1rFdUETx4IVI72AAA8][o.s.u.c.UpdateCenter] The plugin 'xml' version : 2.7.0.3820 has not been found on the update center.
2024.02.02 18:35:50 INFO  web[AY1rFdUETx4IVI72AAA8][o.s.u.c.UpdateCenter] The plugin 'config' version : 1.2.0.267 has not been found on the update center.
2024.02.02 18:35:50 INFO  web[AY1rFdUETx4IVI72AAA8][o.s.u.c.UpdateCenter] The plugin 'csharp' version : 8.51.0.59060 has not been found on the update center.
2024.02.02 18:35:50 INFO  web[AY1rFdUETx4IVI72AAA8][o.s.u.c.UpdateCenter] The plugin 'flex' version : 2.8.0.3166 has not been found on the update center.
2024.02.02 18:35:50 INFO  web[AY1rFdUETx4IVI72AAA8][o.s.u.c.UpdateCenter] The plugin 'go' version : 1.11.0.3905 has not been found on the update center.
2024.02.02 18:35:50 INFO  web[AY1rFdUETx4IVI72AAA8][o.s.u.c.UpdateCenter] The plugin 'iac' version : 1.11.0.2847 has not been found on the update center.
2024.02.02 18:35:50 INFO  web[AY1rFdUETx4IVI72AAA8][o.s.u.c.UpdateCenter] The plugin 'jacoco' version : 1.3.0.1538 has not been found on the update center.
2024.02.02 18:35:50 INFO  web[AY1rFdUETx4IVI72AAA8][o.s.u.c.UpdateCenter] The plugin 'java' version : 7.16.0.30901 has not been found on the update center.
2024.02.02 18:35:50 INFO  web[AY1rFdUETx4IVI72AAA8][o.s.u.c.UpdateCenter] The plugin 'javascript' version : 9.13.0.20537 has not been found on the update center.
2024.02.02 18:35:50 INFO  web[AY1rFdUETx4IVI72AAA8][o.s.u.c.UpdateCenter] The plugin 'kotlin' version : 2.12.0.1956 has not been found on the update center.
2024.02.02 18:35:50 INFO  web[AY1rFdUETx4IVI72AAA8][o.s.u.c.UpdateCenter] The plugin 'php' version : 3.27.1.9352 has not been found on the update center.
2024.02.02 18:35:50 INFO  web[AY1rFdUETx4IVI72AAA8][o.s.u.c.UpdateCenter] The plugin 'python' version : 3.24.1.11916 has not been found on the update center.
2024.02.02 18:35:50 INFO  web[AY1rFdUETx4IVI72AAA8][o.s.u.c.UpdateCenter] The plugin 'ruby' version : 1.11.0.3905 has not been found on the update center.
2024.02.02 18:35:50 INFO  web[AY1rFdUETx4IVI72AAA8][o.s.u.c.UpdateCenter] The plugin 'sonarscala' version : 1.11.0.3905 has not been found on the update center.
2024.02.02 18:35:50 INFO  web[AY1rFdUETx4IVI72AAA8][o.s.u.c.UpdateCenter] The plugin 'text' version : 2.0.2.1090 has not been found on the update center.
2024.02.02 18:35:50 INFO  web[AY1rFdUETx4IVI72AAA8][o.s.u.c.UpdateCenter] The plugin 'vbnet' version : 8.51.0.59060 has not been found on the update center.
2024.02.02 18:35:50 INFO  web[AY1rFdUETx4IVI72AAA8][o.s.u.c.UpdateCenter] The plugin 'web' version : 3.7.1.3306 has not been found on the update center.
2024.02.02 18:35:50 INFO  web[AY1rFdUETx4IVI72AAA8][o.s.u.c.UpdateCenter] The plugin 'xml' version : 2.7.0.3820 has not been found on the update center.
2024.02.02 18:35:50 INFO  web[AY1rFdUETx4IVI72AAA8][o.s.u.c.UpdateCenter] The plugin 'config' version : 1.2.0.267 has not been found on the update center.
2024.02.02 18:35:50 INFO  web[AY1rFdUETx4IVI72AAA8][o.s.u.c.UpdateCenter] The plugin 'csharp' version : 8.51.0.59060 has not been found on the update center.
2024.02.02 18:35:50 INFO  web[AY1rFdUETx4IVI72AAA8][o.s.u.c.UpdateCenter] The plugin 'flex' version : 2.8.0.3166 has not been found on the update center.
2024.02.02 18:35:50 INFO  web[AY1rFdUETx4IVI72AAA8][o.s.u.c.UpdateCenter] The plugin 'go' version : 1.11.0.3905 has not been found on the update center.
2024.02.02 18:35:50 INFO  web[AY1rFdUETx4IVI72AAA8][o.s.u.c.UpdateCenter] The plugin 'iac' version : 1.11.0.2847 has not been found on the update center.
2024.02.02 18:35:50 INFO  web[AY1rFdUETx4IVI72AAA8][o.s.u.c.UpdateCenter] The plugin 'jacoco' version : 1.3.0.1538 has not been found on the update center.
2024.02.02 18:35:50 INFO  web[AY1rFdUETx4IVI72AAA8][o.s.u.c.UpdateCenter] The plugin 'java' version : 7.16.0.30901 has not been found on the update center.
2024.02.02 18:35:50 INFO  web[AY1rFdUETx4IVI72AAA8][o.s.u.c.UpdateCenter] The plugin 'javascript' version : 9.13.0.20537 has not been found on the update center.
2024.02.02 18:35:50 INFO  web[AY1rFdUETx4IVI72AAA8][o.s.u.c.UpdateCenter] The plugin 'kotlin' version : 2.12.0.1956 has not been found on the update center.
2024.02.02 18:35:50 INFO  web[AY1rFdUETx4IVI72AAA8][o.s.u.c.UpdateCenter] The plugin 'php' version : 3.27.1.9352 has not been found on the update center.
2024.02.02 18:35:50 INFO  web[AY1rFdUETx4IVI72AAA8][o.s.u.c.UpdateCenter] The plugin 'python' version : 3.24.1.11916 has not been found on the update center.
2024.02.02 18:35:50 INFO  web[AY1rFdUETx4IVI72AAA8][o.s.u.c.UpdateCenter] The plugin 'ruby' version : 1.11.0.3905 has not been found on the update center.
2024.02.02 18:35:50 INFO  web[AY1rFdUETx4IVI72AAA8][o.s.u.c.UpdateCenter] The plugin 'sonarscala' version : 1.11.0.3905 has not been found on the update center.
2024.02.02 18:35:50 INFO  web[AY1rFdUETx4IVI72AAA8][o.s.u.c.UpdateCenter] The plugin 'text' version : 2.0.2.1090 has not been found on the update center.
2024.02.02 18:35:50 INFO  web[AY1rFdUETx4IVI72AAA8][o.s.u.c.UpdateCenter] The plugin 'vbnet' version : 8.51.0.59060 has not been found on the update center.
2024.02.02 18:35:50 INFO  web[AY1rFdUETx4IVI72AAA8][o.s.u.c.UpdateCenter] The plugin 'web' version : 3.7.1.3306 has not been found on the update center.
2024.02.02 18:35:50 INFO  web[AY1rFdUETx4IVI72AAA8][o.s.u.c.UpdateCenter] The plugin 'xml' version : 2.7.0.3820 has not been found on the update center.
2024.02.02 18:35:50 INFO  web[AY1rFdUETx4IVI72AAA8][o.s.u.c.UpdateCenter] The plugin 'config' version : 1.2.0.267 has not been found on the update center.
2024.02.02 18:35:50 INFO  web[AY1rFdUETx4IVI72AAA8][o.s.u.c.UpdateCenter] The plugin 'csharp' version : 8.51.0.59060 has not been found on the update center.
2024.02.02 18:35:50 INFO  web[AY1rFdUETx4IVI72AAA8][o.s.u.c.UpdateCenter] The plugin 'flex' version : 2.8.0.3166 has not been found on the update center.
2024.02.02 18:35:50 INFO  web[AY1rFdUETx4IVI72AAA8][o.s.u.c.UpdateCenter] The plugin 'go' version : 1.11.0.3905 has not been found on the update center.
2024.02.02 18:35:50 INFO  web[AY1rFdUETx4IVI72AAA8][o.s.u.c.UpdateCenter] The plugin 'iac' version : 1.11.0.2847 has not been found on the update center.
2024.02.02 18:35:50 INFO  web[AY1rFdUETx4IVI72AAA8][o.s.u.c.UpdateCenter] The plugin 'jacoco' version : 1.3.0.1538 has not been found on the update center.
2024.02.02 18:35:50 INFO  web[AY1rFdUETx4IVI72AAA8][o.s.u.c.UpdateCenter] The plugin 'java' version : 7.16.0.30901 has not been found on the update center.
2024.02.02 18:35:50 INFO  web[AY1rFdUETx4IVI72AAA8][o.s.u.c.UpdateCenter] The plugin 'javascript' version : 9.13.0.20537 has not been found on the update center.
2024.02.02 18:35:50 INFO  web[AY1rFdUETx4IVI72AAA8][o.s.u.c.UpdateCenter] The plugin 'kotlin' version : 2.12.0.1956 has not been found on the update center.
2024.02.02 18:35:50 INFO  web[AY1rFdUETx4IVI72AAA8][o.s.u.c.UpdateCenter] The plugin 'php' version : 3.27.1.9352 has not been found on the update center.
2024.02.02 18:35:50 INFO  web[AY1rFdUETx4IVI72AAA8][o.s.u.c.UpdateCenter] The plugin 'python' version : 3.24.1.11916 has not been found on the update center.
2024.02.02 18:35:50 INFO  web[AY1rFdUETx4IVI72AAA8][o.s.u.c.UpdateCenter] The plugin 'ruby' version : 1.11.0.3905 has not been found on the update center.
2024.02.02 18:35:50 INFO  web[AY1rFdUETx4IVI72AAA8][o.s.u.c.UpdateCenter] The plugin 'sonarscala' version : 1.11.0.3905 has not been found on the update center.
2024.02.02 18:35:50 INFO  web[AY1rFdUETx4IVI72AAA8][o.s.u.c.UpdateCenter] The plugin 'text' version : 2.0.2.1090 has not been found on the update center.
2024.02.02 18:35:50 INFO  web[AY1rFdUETx4IVI72AAA8][o.s.u.c.UpdateCenter] The plugin 'vbnet' version : 8.51.0.59060 has not been found on the update center.
2024.02.02 18:35:50 INFO  web[AY1rFdUETx4IVI72AAA8][o.s.u.c.UpdateCenter] The plugin 'web' version : 3.7.1.3306 has not been found on the update center.
2024.02.02 18:35:50 INFO  web[AY1rFdUETx4IVI72AAA8][o.s.u.c.UpdateCenter] The plugin 'xml' version : 2.7.0.3820 has not been found on the update center.
